{"name":"Verifying the UPDATE USER API putUser_username_Is_Null_validBodyDefined_Is_Yes","status":"failed","statusDetails":{"known":false,"muted":false,"flaky":false,"message":"1 expectation failed.\nResponse body doesn't match expectation.\nExpected: The content to match the given JSON schema.\nerror: object has missing required properties ([\"message\"])\n    level: \"error\"\n    schema: {\"loadingURI\":\"#\",\"pointer\":\"\"}\n    instance: {\"pointer\":\"\"}\n    domain: \"validation\"\n    keyword: \"required\"\n    required: [\"code\",\"message\",\"type\"]\n    missing: [\"message\"]\n\n  Actual: {\"code\":405,\"type\":\"unknown\"}\n","trace":"java.lang.AssertionError: 1 expectation failed.\nResponse body doesn't match expectation.\nExpected: The content to match the given JSON schema.\nerror: object has missing required properties ([\"message\"])\n    level: \"error\"\n    schema: {\"loadingURI\":\"#\",\"pointer\":\"\"}\n    instance: {\"pointer\":\"\"}\n    domain: \"validation\"\n    keyword: \"required\"\n    required: [\"code\",\"message\",\"type\"]\n    missing: [\"message\"]\n\n  Actual: {\"code\":405,\"type\":\"unknown\"}\n\r\n\tat com.cloudmore.listener.DryRunPlugin.stepFinished(DryRunPlugin.java:120)\r\n\tat io.cucumber.core.eventbus.AbstractEventPublisher.send(AbstractEventPublisher.java:51)\r\n\tat io.cucumber.core.eventbus.AbstractEventBus.send(AbstractEventBus.java:12)\r\n\tat io.cucumber.core.runtime.SynchronizedEventBus.send(SynchronizedEventBus.java:47)\r\n\tat io.cucumber.core.runtime.ThreadLocalRunnerSupplier$LocalEventBus.send(ThreadLocalRunnerSupplier.java:66)\r\n\tat io.cucumber.core.runner.TestStep.emitTestStepFinished(TestStep.java:124)\r\n\tat io.cucumber.core.runner.TestStep.run(TestStep.java:74)\r\n\tat io.cucumber.core.runner.PickleStepTestStep.run(PickleStepTestStep.java:51)\r\n\tat io.cucumber.core.runner.TestCase.run(TestCase.java:104)\r\n\tat io.cucumber.core.runner.Runner.runPickle(Runner.java:73)\r\n\tat io.cucumber.testng.TestNGCucumberRunner.lambda$runScenario$0(TestNGCucumberRunner.java:117)\r\n\tat io.cucumber.core.runtime.CucumberExecutionContext.runTestCase(CucumberExecutionContext.java:117)\r\n\tat io.cucumber.testng.TestNGCucumberRunner.runScenario(TestNGCucumberRunner.java:114)\r\n\tat io.cucumber.testng.AbstractTestNGCucumberTests.runScenario(AbstractTestNGCucumberTests.java:31)\r\n\tat jdk.internal.reflect.GeneratedMethodAccessor149.invoke(Unknown Source)\r\n\tat java.base/jdk.internal.reflect.DelegatingMethodAccessorImpl.invoke(DelegatingMethodAccessorImpl.java:43)\r\n\tat java.base/java.lang.reflect.Method.invoke(Method.java:566)\r\n\tat org.testng.internal.MethodInvocationHelper.invokeMethod(MethodInvocationHelper.java:133)\r\n\tat org.testng.internal.TestInvoker.invokeMethod(TestInvoker.java:598)\r\n\tat org.testng.internal.TestInvoker.retryFailed(TestInvoker.java:213)\r\n\tat org.testng.internal.MethodRunner.runInSequence(MethodRunner.java:58)\r\n\tat org.testng.internal.TestInvoker$MethodInvocationAgent.invoke(TestInvoker.java:824)\r\n\tat org.testng.internal.TestInvoker.invokeTestMethods(TestInvoker.java:146)\r\n\tat org.testng.internal.TestMethodWorker.invokeTestMethods(TestMethodWorker.java:146)\r\n\tat org.testng.internal.TestMethodWorker.run(TestMethodWorker.java:128)\r\n\tat java.base/java.util.ArrayList.forEach(ArrayList.java:1541)\r\n\tat org.testng.TestRunner.privateRun(TestRunner.java:794)\r\n\tat org.testng.TestRunner.run(TestRunner.java:596)\r\n\tat org.testng.SuiteRunner.runTest(SuiteRunner.java:377)\r\n\tat org.testng.SuiteRunner.access$000(SuiteRunner.java:28)\r\n\tat org.testng.SuiteRunner$SuiteWorker.run(SuiteRunner.java:418)\r\n\tat org.testng.internal.thread.ThreadUtil.lambda$execute$0(ThreadUtil.java:64)\r\n\tat java.base/java.util.concurrent.FutureTask.run(FutureTask.java:264)\r\n\tat java.base/java.util.concurrent.ThreadPoolExecutor.runWorker(ThreadPoolExecutor.java:1128)\r\n\tat java.base/java.util.concurrent.ThreadPoolExecutor$Worker.run(ThreadPoolExecutor.java:628)\r\n\tat java.base/java.lang.Thread.run(Thread.java:834)\r\n"},"stage":"finished","steps":[{"name":"Given  User Invoke the \"UPDATE\" User API service to execute the \"putUser_username_Is_Null_validBodyDefined_Is_Yes\" test scenario","status":"passed","statusDetails":{"known":false,"muted":false,"flaky":false},"stage":"finished","steps":[],"attachments":[],"parameters":[],"start":1676886137287,"stop":1676886138797},{"name":"Then  Validate the Response Status Code","status":"passed","statusDetails":{"known":false,"muted":false,"flaky":false},"stage":"finished","steps":[],"attachments":[],"parameters":[],"start":1676886138798,"stop":1676886138798},{"name":"Then  Validate the response json schema","status":"failed","statusDetails":{"known":false,"muted":false,"flaky":false,"message":"1 expectation failed.\nResponse body doesn't match expectation.\nExpected: The content to match the given JSON schema.\nerror: object has missing required properties ([\"message\"])\n    level: \"error\"\n    schema: {\"loadingURI\":\"#\",\"pointer\":\"\"}\n    instance: {\"pointer\":\"\"}\n    domain: \"validation\"\n    keyword: \"required\"\n    required: [\"code\",\"message\",\"type\"]\n    missing: [\"message\"]\n\n  Actual: {\"code\":405,\"type\":\"unknown\"}\n","trace":"java.lang.AssertionError: 1 expectation failed.\nResponse body doesn't match expectation.\nExpected: The content to match the given JSON schema.\nerror: object has missing required properties ([\"message\"])\n    level: \"error\"\n    schema: {\"loadingURI\":\"#\",\"pointer\":\"\"}\n    instance: {\"pointer\":\"\"}\n    domain: \"validation\"\n    keyword: \"required\"\n    required: [\"code\",\"message\",\"type\"]\n    missing: [\"message\"]\n\n  Actual: {\"code\":405,\"type\":\"unknown\"}\n\r\n\tat com.cloudmore.listener.DryRunPlugin.stepFinished(DryRunPlugin.java:120)\r\n\tat io.cucumber.core.eventbus.AbstractEventPublisher.send(AbstractEventPublisher.java:51)\r\n\tat io.cucumber.core.eventbus.AbstractEventBus.send(AbstractEventBus.java:12)\r\n\tat io.cucumber.core.runtime.SynchronizedEventBus.send(SynchronizedEventBus.java:47)\r\n\tat io.cucumber.core.runtime.ThreadLocalRunnerSupplier$LocalEventBus.send(ThreadLocalRunnerSupplier.java:66)\r\n\tat io.cucumber.core.runner.TestStep.emitTestStepFinished(TestStep.java:124)\r\n\tat io.cucumber.core.runner.TestStep.run(TestStep.java:74)\r\n\tat io.cucumber.core.runner.PickleStepTestStep.run(PickleStepTestStep.java:51)\r\n\tat io.cucumber.core.runner.TestCase.run(TestCase.java:104)\r\n\tat io.cucumber.core.runner.Runner.runPickle(Runner.java:73)\r\n\tat io.cucumber.testng.TestNGCucumberRunner.lambda$runScenario$0(TestNGCucumberRunner.java:117)\r\n\tat io.cucumber.core.runtime.CucumberExecutionContext.runTestCase(CucumberExecutionContext.java:117)\r\n\tat io.cucumber.testng.TestNGCucumberRunner.runScenario(TestNGCucumberRunner.java:114)\r\n\tat io.cucumber.testng.AbstractTestNGCucumberTests.runScenario(AbstractTestNGCucumberTests.java:31)\r\n\tat jdk.internal.reflect.GeneratedMethodAccessor149.invoke(Unknown Source)\r\n\tat java.base/jdk.internal.reflect.DelegatingMethodAccessorImpl.invoke(DelegatingMethodAccessorImpl.java:43)\r\n\tat java.base/java.lang.reflect.Method.invoke(Method.java:566)\r\n\tat org.testng.internal.MethodInvocationHelper.invokeMethod(MethodInvocationHelper.java:133)\r\n\tat org.testng.internal.TestInvoker.invokeMethod(TestInvoker.java:598)\r\n\tat org.testng.internal.TestInvoker.retryFailed(TestInvoker.java:213)\r\n\tat org.testng.internal.MethodRunner.runInSequence(MethodRunner.java:58)\r\n\tat org.testng.internal.TestInvoker$MethodInvocationAgent.invoke(TestInvoker.java:824)\r\n\tat org.testng.internal.TestInvoker.invokeTestMethods(TestInvoker.java:146)\r\n\tat org.testng.internal.TestMethodWorker.invokeTestMethods(TestMethodWorker.java:146)\r\n\tat org.testng.internal.TestMethodWorker.run(TestMethodWorker.java:128)\r\n\tat java.base/java.util.ArrayList.forEach(ArrayList.java:1541)\r\n\tat org.testng.TestRunner.privateRun(TestRunner.java:794)\r\n\tat org.testng.TestRunner.run(TestRunner.java:596)\r\n\tat org.testng.SuiteRunner.runTest(SuiteRunner.java:377)\r\n\tat org.testng.SuiteRunner.access$000(SuiteRunner.java:28)\r\n\tat org.testng.SuiteRunner$SuiteWorker.run(SuiteRunner.java:418)\r\n\tat org.testng.internal.thread.ThreadUtil.lambda$execute$0(ThreadUtil.java:64)\r\n\tat java.base/java.util.concurrent.FutureTask.run(FutureTask.java:264)\r\n\tat java.base/java.util.concurrent.ThreadPoolExecutor.runWorker(ThreadPoolExecutor.java:1128)\r\n\tat java.base/java.util.concurrent.ThreadPoolExecutor$Worker.run(ThreadPoolExecutor.java:628)\r\n\tat java.base/java.lang.Thread.run(Thread.java:834)\r\n"},"stage":"finished","steps":[],"attachments":[],"parameters":[],"start":1676886138799,"stop":1676886138814},{"name":"And  Validate the Response Body","status":"skipped","statusDetails":{"known":false,"muted":false,"flaky":false},"stage":"finished","steps":[],"attachments":[],"parameters":[],"start":1676886138816,"stop":1676886138817}],"attachments":[],"parameters":[{"name":"TEST_SCENARIO_NAME","value":"putUser_username_Is_Null_validBodyDefined_Is_Yes"}],"start":1676886137286,"stop":1676886138819,"uuid":"2d888264-d1b9-419d-8341-dcc0b1395be4","historyId":"9079c62d28ee05331b03911ab4b74a96","fullName":"Verify The CREATE , UPDATE, GET, DELETE APIs of User Service: Verifying the UPDATE USER API putUser_username_Is_Null_validBodyDefined_Is_Yes","labels":[{"name":"tag","value":"API"},{"name":"tag","value":"QuestionThree"},{"name":"tag","value":"assignment"},{"name":"tag","value":"updateUserAPI"},{"name":"tag","value":"API"},{"name":"host","value":"CLSLLP210006"},{"name":"thread","value":"23016@CLSLLP210006.TestNG-tests-1(18)"},{"name":"feature","value":"Verify The CREATE , UPDATE, GET, DELETE APIs of User Service"},{"name":"story","value":"Verifying the UPDATE USER API putUser_username_Is_Null_validBodyDefined_Is_Yes"},{"name":"suite","value":"Verify The CREATE , UPDATE, GET, DELETE APIs of User Service"},{"name":"testClass","value":"Verifying the UPDATE USER API putUser_username_Is_Null_validBodyDefined_Is_Yes"},{"name":"framework","value":"cucumber4jvm"},{"name":"language","value":"java"},{"name":"gherkin_uri","value":"file:///C:/Personal.work/my-repos/cloudmore/cloudmore-qa-automation/src/test/resources/featureFiles/UserServiceAPI.feature"},{"name":"package","value":"src.test.resources.featureFiles.UserServiceAPI_feature.Verify The CREATE , UPDATE, GET, DELETE APIs of User Service"}],"links":[]}