{
  "uid" : "1c36d09ed343cff8",
  "name" : "Verifying the GET USER API getUser_valid_usernameDefined_Is_Yes",
  "fullName" : "Verify The CREATE , UPDATE, GET, DELETE APIs of User Service: Verifying the GET USER API getUser_valid_usernameDefined_Is_Yes",
  "historyId" : "5dc962c91f004ca1e61bd81d565c50c0",
  "time" : {
    "start" : 1676886122365,
    "stop" : 1676886124085,
    "duration" : 1720
  },
  "status" : "failed",
  "statusMessage" : "Expected Response is not match with actual Response body expected [{\n  \"id\": 122,\n  \"username\": \"AkilaTEST\",\n  \"firstName\": \"Dhanushaka\",\n  \"lastName\": \"Samaranayake\",\n  \"email\": \"akila@email.com\",\n  \"password\": \"testPassword\",\n  \"phone\": \"+94717147499\",\n  \"userStatus\": 1\n}] but found [{\n    \"id\": 122,\n    \"username\": \"AkilaTEST\",\n    \"firstName\": \"Dhanushaka\",\n    \"lastName\": \"Samaranayake\",\n    \"email\": \"akila@email.com\",\n    \"password\": \"testPassword\",\n    \"phone\": \"+94717147499\",\n    \"userStatus\": 1\n}]",
  "statusTrace" : "java.lang.AssertionError: Expected Response is not match with actual Response body expected [{\n  \"id\": 122,\n  \"username\": \"AkilaTEST\",\n  \"firstName\": \"Dhanushaka\",\n  \"lastName\": \"Samaranayake\",\n  \"email\": \"akila@email.com\",\n  \"password\": \"testPassword\",\n  \"phone\": \"+94717147499\",\n  \"userStatus\": 1\n}] but found [{\n    \"id\": 122,\n    \"username\": \"AkilaTEST\",\n    \"firstName\": \"Dhanushaka\",\n    \"lastName\": \"Samaranayake\",\n    \"email\": \"akila@email.com\",\n    \"password\": \"testPassword\",\n    \"phone\": \"+94717147499\",\n    \"userStatus\": 1\n}]\r\n\tat com.cloudmore.listener.DryRunPlugin.stepFinished(DryRunPlugin.java:120)\r\n\tat io.cucumber.core.eventbus.AbstractEventPublisher.send(AbstractEventPublisher.java:51)\r\n\tat io.cucumber.core.eventbus.AbstractEventBus.send(AbstractEventBus.java:12)\r\n\tat io.cucumber.core.runtime.SynchronizedEventBus.send(SynchronizedEventBus.java:47)\r\n\tat io.cucumber.core.runtime.ThreadLocalRunnerSupplier$LocalEventBus.send(ThreadLocalRunnerSupplier.java:66)\r\n\tat io.cucumber.core.runner.TestStep.emitTestStepFinished(TestStep.java:124)\r\n\tat io.cucumber.core.runner.TestStep.run(TestStep.java:74)\r\n\tat io.cucumber.core.runner.PickleStepTestStep.run(PickleStepTestStep.java:51)\r\n\tat io.cucumber.core.runner.TestCase.run(TestCase.java:104)\r\n\tat io.cucumber.core.runner.Runner.runPickle(Runner.java:73)\r\n\tat io.cucumber.testng.TestNGCucumberRunner.lambda$runScenario$0(TestNGCucumberRunner.java:117)\r\n\tat io.cucumber.core.runtime.CucumberExecutionContext.runTestCase(CucumberExecutionContext.java:117)\r\n\tat io.cucumber.testng.TestNGCucumberRunner.runScenario(TestNGCucumberRunner.java:114)\r\n\tat io.cucumber.testng.AbstractTestNGCucumberTests.runScenario(AbstractTestNGCucumberTests.java:31)\r\n\tat java.base/jdk.internal.reflect.NativeMethodAccessorImpl.invoke0(Native Method)\r\n\tat java.base/jdk.internal.reflect.NativeMethodAccessorImpl.invoke(NativeMethodAccessorImpl.java:62)\r\n\tat java.base/jdk.internal.reflect.DelegatingMethodAccessorImpl.invoke(DelegatingMethodAccessorImpl.java:43)\r\n\tat java.base/java.lang.reflect.Method.invoke(Method.java:566)\r\n\tat org.testng.internal.MethodInvocationHelper.invokeMethod(MethodInvocationHelper.java:133)\r\n\tat org.testng.internal.TestInvoker.invokeMethod(TestInvoker.java:598)\r\n\tat org.testng.internal.TestInvoker.retryFailed(TestInvoker.java:213)\r\n\tat org.testng.internal.MethodRunner.runInSequence(MethodRunner.java:58)\r\n\tat org.testng.internal.TestInvoker$MethodInvocationAgent.invoke(TestInvoker.java:824)\r\n\tat org.testng.internal.TestInvoker.invokeTestMethods(TestInvoker.java:146)\r\n\tat org.testng.internal.TestMethodWorker.invokeTestMethods(TestMethodWorker.java:146)\r\n\tat org.testng.internal.TestMethodWorker.run(TestMethodWorker.java:128)\r\n\tat java.base/java.util.ArrayList.forEach(ArrayList.java:1541)\r\n\tat org.testng.TestRunner.privateRun(TestRunner.java:794)\r\n\tat org.testng.TestRunner.run(TestRunner.java:596)\r\n\tat org.testng.SuiteRunner.runTest(SuiteRunner.java:377)\r\n\tat org.testng.SuiteRunner.access$000(SuiteRunner.java:28)\r\n\tat org.testng.SuiteRunner$SuiteWorker.run(SuiteRunner.java:418)\r\n\tat org.testng.internal.thread.ThreadUtil.lambda$execute$0(ThreadUtil.java:64)\r\n\tat java.base/java.util.concurrent.FutureTask.run(FutureTask.java:264)\r\n\tat java.base/java.util.concurrent.ThreadPoolExecutor.runWorker(ThreadPoolExecutor.java:1128)\r\n\tat java.base/java.util.concurrent.ThreadPoolExecutor$Worker.run(ThreadPoolExecutor.java:628)\r\n\tat java.base/java.lang.Thread.run(Thread.java:834)\r\n",
  "flaky" : false,
  "newFailed" : false,
  "beforeStages" : [ {
    "name" : "void com.cloudmore.testSteps.CommonSteps.beforeScenario(io.cucumber.java.Scenario)",
    "time" : {
      "start" : 1676886120633,
      "stop" : 1676886120634,
      "duration" : 1
    },
    "status" : "passed",
    "steps" : [ ],
    "attachments" : [ ],
    "parameters" : [ ],
    "shouldDisplayMessage" : false,
    "attachmentsCount" : 0,
    "hasContent" : false,
    "stepsCount" : 0
  }, {
    "name" : "void com.cloudmore.testSteps.CommonSteps.beforeScenario(io.cucumber.java.Scenario)",
    "time" : {
      "start" : 1676886122368,
      "stop" : 1676886122369,
      "duration" : 1
    },
    "status" : "passed",
    "steps" : [ ],
    "attachments" : [ ],
    "parameters" : [ ],
    "shouldDisplayMessage" : false,
    "attachmentsCount" : 0,
    "hasContent" : false,
    "stepsCount" : 0
  } ],
  "testStage" : {
    "status" : "failed",
    "statusMessage" : "Expected Response is not match with actual Response body expected [{\n  \"id\": 122,\n  \"username\": \"AkilaTEST\",\n  \"firstName\": \"Dhanushaka\",\n  \"lastName\": \"Samaranayake\",\n  \"email\": \"akila@email.com\",\n  \"password\": \"testPassword\",\n  \"phone\": \"+94717147499\",\n  \"userStatus\": 1\n}] but found [{\n    \"id\": 122,\n    \"username\": \"AkilaTEST\",\n    \"firstName\": \"Dhanushaka\",\n    \"lastName\": \"Samaranayake\",\n    \"email\": \"akila@email.com\",\n    \"password\": \"testPassword\",\n    \"phone\": \"+94717147499\",\n    \"userStatus\": 1\n}]",
    "statusTrace" : "java.lang.AssertionError: Expected Response is not match with actual Response body expected [{\n  \"id\": 122,\n  \"username\": \"AkilaTEST\",\n  \"firstName\": \"Dhanushaka\",\n  \"lastName\": \"Samaranayake\",\n  \"email\": \"akila@email.com\",\n  \"password\": \"testPassword\",\n  \"phone\": \"+94717147499\",\n  \"userStatus\": 1\n}] but found [{\n    \"id\": 122,\n    \"username\": \"AkilaTEST\",\n    \"firstName\": \"Dhanushaka\",\n    \"lastName\": \"Samaranayake\",\n    \"email\": \"akila@email.com\",\n    \"password\": \"testPassword\",\n    \"phone\": \"+94717147499\",\n    \"userStatus\": 1\n}]\r\n\tat com.cloudmore.listener.DryRunPlugin.stepFinished(DryRunPlugin.java:120)\r\n\tat io.cucumber.core.eventbus.AbstractEventPublisher.send(AbstractEventPublisher.java:51)\r\n\tat io.cucumber.core.eventbus.AbstractEventBus.send(AbstractEventBus.java:12)\r\n\tat io.cucumber.core.runtime.SynchronizedEventBus.send(SynchronizedEventBus.java:47)\r\n\tat io.cucumber.core.runtime.ThreadLocalRunnerSupplier$LocalEventBus.send(ThreadLocalRunnerSupplier.java:66)\r\n\tat io.cucumber.core.runner.TestStep.emitTestStepFinished(TestStep.java:124)\r\n\tat io.cucumber.core.runner.TestStep.run(TestStep.java:74)\r\n\tat io.cucumber.core.runner.PickleStepTestStep.run(PickleStepTestStep.java:51)\r\n\tat io.cucumber.core.runner.TestCase.run(TestCase.java:104)\r\n\tat io.cucumber.core.runner.Runner.runPickle(Runner.java:73)\r\n\tat io.cucumber.testng.TestNGCucumberRunner.lambda$runScenario$0(TestNGCucumberRunner.java:117)\r\n\tat io.cucumber.core.runtime.CucumberExecutionContext.runTestCase(CucumberExecutionContext.java:117)\r\n\tat io.cucumber.testng.TestNGCucumberRunner.runScenario(TestNGCucumberRunner.java:114)\r\n\tat io.cucumber.testng.AbstractTestNGCucumberTests.runScenario(AbstractTestNGCucumberTests.java:31)\r\n\tat java.base/jdk.internal.reflect.NativeMethodAccessorImpl.invoke0(Native Method)\r\n\tat java.base/jdk.internal.reflect.NativeMethodAccessorImpl.invoke(NativeMethodAccessorImpl.java:62)\r\n\tat java.base/jdk.internal.reflect.DelegatingMethodAccessorImpl.invoke(DelegatingMethodAccessorImpl.java:43)\r\n\tat java.base/java.lang.reflect.Method.invoke(Method.java:566)\r\n\tat org.testng.internal.MethodInvocationHelper.invokeMethod(MethodInvocationHelper.java:133)\r\n\tat org.testng.internal.TestInvoker.invokeMethod(TestInvoker.java:598)\r\n\tat org.testng.internal.TestInvoker.retryFailed(TestInvoker.java:213)\r\n\tat org.testng.internal.MethodRunner.runInSequence(MethodRunner.java:58)\r\n\tat org.testng.internal.TestInvoker$MethodInvocationAgent.invoke(TestInvoker.java:824)\r\n\tat org.testng.internal.TestInvoker.invokeTestMethods(TestInvoker.java:146)\r\n\tat org.testng.internal.TestMethodWorker.invokeTestMethods(TestMethodWorker.java:146)\r\n\tat org.testng.internal.TestMethodWorker.run(TestMethodWorker.java:128)\r\n\tat java.base/java.util.ArrayList.forEach(ArrayList.java:1541)\r\n\tat org.testng.TestRunner.privateRun(TestRunner.java:794)\r\n\tat org.testng.TestRunner.run(TestRunner.java:596)\r\n\tat org.testng.SuiteRunner.runTest(SuiteRunner.java:377)\r\n\tat org.testng.SuiteRunner.access$000(SuiteRunner.java:28)\r\n\tat org.testng.SuiteRunner$SuiteWorker.run(SuiteRunner.java:418)\r\n\tat org.testng.internal.thread.ThreadUtil.lambda$execute$0(ThreadUtil.java:64)\r\n\tat java.base/java.util.concurrent.FutureTask.run(FutureTask.java:264)\r\n\tat java.base/java.util.concurrent.ThreadPoolExecutor.runWorker(ThreadPoolExecutor.java:1128)\r\n\tat java.base/java.util.concurrent.ThreadPoolExecutor$Worker.run(ThreadPoolExecutor.java:628)\r\n\tat java.base/java.lang.Thread.run(Thread.java:834)\r\n",
    "steps" : [ {
      "name" : "Given  User Invoke the \"GET\" User API service to execute the \"getUser_valid_usernameDefined_Is_Yes\" test scenario",
      "time" : {
        "start" : 1676886122372,
        "stop" : 1676886124055,
        "duration" : 1683
      },
      "status" : "passed",
      "steps" : [ ],
      "attachments" : [ ],
      "parameters" : [ ],
      "shouldDisplayMessage" : false,
      "attachmentsCount" : 0,
      "hasContent" : false,
      "stepsCount" : 0
    }, {
      "name" : "Then  Validate the Response Status Code",
      "time" : {
        "start" : 1676886124056,
        "stop" : 1676886124057,
        "duration" : 1
      },
      "status" : "passed",
      "steps" : [ ],
      "attachments" : [ ],
      "parameters" : [ ],
      "shouldDisplayMessage" : false,
      "attachmentsCount" : 0,
      "hasContent" : false,
      "stepsCount" : 0
    }, {
      "name" : "Then  Validate the response json schema",
      "time" : {
        "start" : 1676886124057,
        "stop" : 1676886124078,
        "duration" : 21
      },
      "status" : "passed",
      "steps" : [ ],
      "attachments" : [ ],
      "parameters" : [ ],
      "shouldDisplayMessage" : false,
      "attachmentsCount" : 0,
      "hasContent" : false,
      "stepsCount" : 0
    }, {
      "name" : "And  Validate the Response Body",
      "time" : {
        "start" : 1676886124079,
        "stop" : 1676886124082,
        "duration" : 3
      },
      "status" : "failed",
      "statusMessage" : "Expected Response is not match with actual Response body expected [{\n  \"id\": 122,\n  \"username\": \"AkilaTEST\",\n  \"firstName\": \"Dhanushaka\",\n  \"lastName\": \"Samaranayake\",\n  \"email\": \"akila@email.com\",\n  \"password\": \"testPassword\",\n  \"phone\": \"+94717147499\",\n  \"userStatus\": 1\n}] but found [{\n    \"id\": 122,\n    \"username\": \"AkilaTEST\",\n    \"firstName\": \"Dhanushaka\",\n    \"lastName\": \"Samaranayake\",\n    \"email\": \"akila@email.com\",\n    \"password\": \"testPassword\",\n    \"phone\": \"+94717147499\",\n    \"userStatus\": 1\n}]",
      "statusTrace" : "java.lang.AssertionError: Expected Response is not match with actual Response body expected [{\n  \"id\": 122,\n  \"username\": \"AkilaTEST\",\n  \"firstName\": \"Dhanushaka\",\n  \"lastName\": \"Samaranayake\",\n  \"email\": \"akila@email.com\",\n  \"password\": \"testPassword\",\n  \"phone\": \"+94717147499\",\n  \"userStatus\": 1\n}] but found [{\n    \"id\": 122,\n    \"username\": \"AkilaTEST\",\n    \"firstName\": \"Dhanushaka\",\n    \"lastName\": \"Samaranayake\",\n    \"email\": \"akila@email.com\",\n    \"password\": \"testPassword\",\n    \"phone\": \"+94717147499\",\n    \"userStatus\": 1\n}]\r\n\tat com.cloudmore.listener.DryRunPlugin.stepFinished(DryRunPlugin.java:120)\r\n\tat io.cucumber.core.eventbus.AbstractEventPublisher.send(AbstractEventPublisher.java:51)\r\n\tat io.cucumber.core.eventbus.AbstractEventBus.send(AbstractEventBus.java:12)\r\n\tat io.cucumber.core.runtime.SynchronizedEventBus.send(SynchronizedEventBus.java:47)\r\n\tat io.cucumber.core.runtime.ThreadLocalRunnerSupplier$LocalEventBus.send(ThreadLocalRunnerSupplier.java:66)\r\n\tat io.cucumber.core.runner.TestStep.emitTestStepFinished(TestStep.java:124)\r\n\tat io.cucumber.core.runner.TestStep.run(TestStep.java:74)\r\n\tat io.cucumber.core.runner.PickleStepTestStep.run(PickleStepTestStep.java:51)\r\n\tat io.cucumber.core.runner.TestCase.run(TestCase.java:104)\r\n\tat io.cucumber.core.runner.Runner.runPickle(Runner.java:73)\r\n\tat io.cucumber.testng.TestNGCucumberRunner.lambda$runScenario$0(TestNGCucumberRunner.java:117)\r\n\tat io.cucumber.core.runtime.CucumberExecutionContext.runTestCase(CucumberExecutionContext.java:117)\r\n\tat io.cucumber.testng.TestNGCucumberRunner.runScenario(TestNGCucumberRunner.java:114)\r\n\tat io.cucumber.testng.AbstractTestNGCucumberTests.runScenario(AbstractTestNGCucumberTests.java:31)\r\n\tat java.base/jdk.internal.reflect.NativeMethodAccessorImpl.invoke0(Native Method)\r\n\tat java.base/jdk.internal.reflect.NativeMethodAccessorImpl.invoke(NativeMethodAccessorImpl.java:62)\r\n\tat java.base/jdk.internal.reflect.DelegatingMethodAccessorImpl.invoke(DelegatingMethodAccessorImpl.java:43)\r\n\tat java.base/java.lang.reflect.Method.invoke(Method.java:566)\r\n\tat org.testng.internal.MethodInvocationHelper.invokeMethod(MethodInvocationHelper.java:133)\r\n\tat org.testng.internal.TestInvoker.invokeMethod(TestInvoker.java:598)\r\n\tat org.testng.internal.TestInvoker.retryFailed(TestInvoker.java:213)\r\n\tat org.testng.internal.MethodRunner.runInSequence(MethodRunner.java:58)\r\n\tat org.testng.internal.TestInvoker$MethodInvocationAgent.invoke(TestInvoker.java:824)\r\n\tat org.testng.internal.TestInvoker.invokeTestMethods(TestInvoker.java:146)\r\n\tat org.testng.internal.TestMethodWorker.invokeTestMethods(TestMethodWorker.java:146)\r\n\tat org.testng.internal.TestMethodWorker.run(TestMethodWorker.java:128)\r\n\tat java.base/java.util.ArrayList.forEach(ArrayList.java:1541)\r\n\tat org.testng.TestRunner.privateRun(TestRunner.java:794)\r\n\tat org.testng.TestRunner.run(TestRunner.java:596)\r\n\tat org.testng.SuiteRunner.runTest(SuiteRunner.java:377)\r\n\tat org.testng.SuiteRunner.access$000(SuiteRunner.java:28)\r\n\tat org.testng.SuiteRunner$SuiteWorker.run(SuiteRunner.java:418)\r\n\tat org.testng.internal.thread.ThreadUtil.lambda$execute$0(ThreadUtil.java:64)\r\n\tat java.base/java.util.concurrent.FutureTask.run(FutureTask.java:264)\r\n\tat java.base/java.util.concurrent.ThreadPoolExecutor.runWorker(ThreadPoolExecutor.java:1128)\r\n\tat java.base/java.util.concurrent.ThreadPoolExecutor$Worker.run(ThreadPoolExecutor.java:628)\r\n\tat java.base/java.lang.Thread.run(Thread.java:834)\r\n",
      "steps" : [ ],
      "attachments" : [ ],
      "parameters" : [ ],
      "shouldDisplayMessage" : true,
      "attachmentsCount" : 0,
      "hasContent" : true,
      "stepsCount" : 0
    } ],
    "attachments" : [ ],
    "parameters" : [ ],
    "shouldDisplayMessage" : false,
    "attachmentsCount" : 0,
    "hasContent" : true,
    "stepsCount" : 4
  },
  "afterStages" : [ {
    "name" : "void com.cloudmore.testSteps.CommonSteps.afterScenario()",
    "time" : {
      "start" : 1676886122345,
      "stop" : 1676886122345,
      "duration" : 0
    },
    "status" : "passed",
    "steps" : [ ],
    "attachments" : [ ],
    "parameters" : [ ],
    "shouldDisplayMessage" : false,
    "attachmentsCount" : 0,
    "hasContent" : false,
    "stepsCount" : 0
  }, {
    "name" : "void com.cloudmore.testSteps.CommonSteps.afterScenario()",
    "time" : {
      "start" : 1676886124083,
      "stop" : 1676886124084,
      "duration" : 1
    },
    "status" : "passed",
    "steps" : [ ],
    "attachments" : [ ],
    "parameters" : [ ],
    "shouldDisplayMessage" : false,
    "attachmentsCount" : 0,
    "hasContent" : false,
    "stepsCount" : 0
  } ],
  "labels" : [ {
    "name" : "tag",
    "value" : "API"
  }, {
    "name" : "tag",
    "value" : "QuestionThree"
  }, {
    "name" : "tag",
    "value" : "assignment"
  }, {
    "name" : "tag",
    "value" : "getUserAPI"
  }, {
    "name" : "host",
    "value" : "CLSLLP210006"
  }, {
    "name" : "thread",
    "value" : "23016@CLSLLP210006.TestNG-tests-1(18)"
  }, {
    "name" : "feature",
    "value" : "Verify The CREATE , UPDATE, GET, DELETE APIs of User Service"
  }, {
    "name" : "story",
    "value" : "Verifying the GET USER API getUser_valid_usernameDefined_Is_Yes"
  }, {
    "name" : "suite",
    "value" : "Verify The CREATE , UPDATE, GET, DELETE APIs of User Service"
  }, {
    "name" : "testClass",
    "value" : "Verifying the GET USER API getUser_valid_usernameDefined_Is_Yes"
  }, {
    "name" : "framework",
    "value" : "cucumber4jvm"
  }, {
    "name" : "language",
    "value" : "java"
  }, {
    "name" : "gherkin_uri",
    "value" : "file:///C:/Personal.work/my-repos/cloudmore/cloudmore-qa-automation/src/test/resources/featureFiles/UserServiceAPI.feature"
  }, {
    "name" : "package",
    "value" : "src.test.resources.featureFiles.UserServiceAPI_feature.Verify The CREATE , UPDATE, GET, DELETE APIs of User Service"
  }, {
    "name" : "resultFormat",
    "value" : "allure2"
  } ],
  "parameters" : [ {
    "name" : "TEST_SCENARIO_NAME",
    "value" : "getUser_valid_usernameDefined_Is_Yes"
  } ],
  "links" : [ ],
  "hidden" : false,
  "retry" : false,
  "extra" : {
    "severity" : "normal",
    "retries" : [ ],
    "categories" : [ {
      "name" : "Product defects",
      "matchedStatuses" : [ ],
      "flaky" : false
    } ],
    "tags" : [ "assignment", "API", "QuestionThree", "getUserAPI" ]
  },
  "source" : "1c36d09ed343cff8.json",
  "parameterValues" : [ "getUser_valid_usernameDefined_Is_Yes" ]
}