<!DOCTYPE html>

<html>
  <head>
  <meta charset='utf-8'>
  <title>TestNG reports</title>

    <link type="text/css" href="testng-reports1.css" rel="stylesheet" id="ultra" />
    <link type="text/css" href="testng-reports.css" rel="stylesheet" id="retro" disabled="false"/>
    <script type="text/javascript" src="jquery.min.js"></script>
    <script type="text/javascript" src="testng-reports.js"></script>
    <script type="text/javascript" src="https://www.google.com/jsapi"></script>
    <script type='text/javascript'>
      google.load('visualization', '1', {packages:['table']});
      google.setOnLoadCallback(drawTable);
      var suiteTableInitFunctions = new Array();
      var suiteTableData = new Array();
    </script>
    <!--
      <script type="text/javascript" src="jquery-ui/js/jquery-ui-1.8.16.custom.min.js"></script>
     -->
  </head>

  <body>
    <div class="top-banner-root">
      <span class="top-banner-title-font">Test results</span>
      <button id="button" class="button">Switch Retro Theme</button> <!-- button -->
      <br/>
      <span class="top-banner-font-1">1 suite, 12 failed tests</span>
    </div> <!-- top-banner-root -->
    <div class="navigator-root">
      <div class="navigator-suite-header">
        <span>All suites</span>
        <a href="#" title="Collapse/expand all the suites" class="collapse-all-link">
          <img src="collapseall.gif" class="collapse-all-icon">
          </img> <!-- collapse-all-icon -->
        </a> <!-- collapse-all-link -->
      </div> <!-- navigator-suite-header -->
      <div class="suite">
        <div class="rounded-window">
          <div class="suite-header light-rounded-window-top">
            <a href="#" panel-name="suite-TestSuite_Cloudmore_Automation_Assignment" class="navigator-link">
              <span class="suite-name border-failed">TestSuite-Cloudmore Automation Assignment</span>
            </a> <!-- navigator-link -->
          </div> <!-- suite-header light-rounded-window-top -->
          <div class="navigator-suite-content">
            <div class="suite-section-title">
              <span>Info</span>
            </div> <!-- suite-section-title -->
            <div class="suite-section-content">
              <ul>
                <li>
                  <a href="#" panel-name="test-xml-TestSuite_Cloudmore_Automation_Assignment" class="navigator-link ">
                    <span>C:\Personal.work\my-repos\cloudmore\cloudmore-qa-automation\localTestng.xml</span>
                  </a> <!-- navigator-link  -->
                </li>
                <li>
                  <a href="#" panel-name="testlist-TestSuite_Cloudmore_Automation_Assignment" class="navigator-link ">
                    <span class="test-stats">1 test</span>
                  </a> <!-- navigator-link  -->
                </li>
                <li>
                  <a href="#" panel-name="group-TestSuite_Cloudmore_Automation_Assignment" class="navigator-link ">
                    <span>1 group</span>
                  </a> <!-- navigator-link  -->
                </li>
                <li>
                  <a href="#" panel-name="times-TestSuite_Cloudmore_Automation_Assignment" class="navigator-link ">
                    <span>Times</span>
                  </a> <!-- navigator-link  -->
                </li>
                <li>
                  <a href="#" panel-name="reporter-TestSuite_Cloudmore_Automation_Assignment" class="navigator-link ">
                    <span>Reporter output</span>
                  </a> <!-- navigator-link  -->
                </li>
                <li>
                  <a href="#" panel-name="ignored-methods-TestSuite_Cloudmore_Automation_Assignment" class="navigator-link ">
                    <span>Ignored methods</span>
                  </a> <!-- navigator-link  -->
                </li>
                <li>
                  <a href="#" panel-name="chronological-TestSuite_Cloudmore_Automation_Assignment" class="navigator-link ">
                    <span>Chronological view</span>
                  </a> <!-- navigator-link  -->
                </li>
              </ul>
            </div> <!-- suite-section-content -->
            <div class="result-section">
              <div class="suite-section-title">
                <span>Results</span>
              </div> <!-- suite-section-title -->
              <div class="suite-section-content">
                <ul>
                  <li>
                    <span class="method-stats">40 methods, 12 failed,  12 skipped,  16 passed</span>
                  </li>
                  <li>
                    <span class="method-list-title failed">Failed methods</span>
                    <span class="show-or-hide-methods failed">
                      <a href="#" panel-name="suite-TestSuite_Cloudmore_Automation_Assignment" class="hide-methods failed suite-TestSuite_Cloudmore_Automation_Assignment"> (hide)</a> <!-- hide-methods failed suite-TestSuite_Cloudmore_Automation_Assignment -->
                      <a href="#" panel-name="suite-TestSuite_Cloudmore_Automation_Assignment" class="show-methods failed suite-TestSuite_Cloudmore_Automation_Assignment"> (show)</a> <!-- show-methods failed suite-TestSuite_Cloudmore_Automation_Assignment -->
                    </span>
                    <div class="method-list-content failed suite-TestSuite_Cloudmore_Automation_Assignment">
                      <span>
                        <img src="failed.png" width="3%"/>
                        <a href="#" panel-name="suite-TestSuite_Cloudmore_Automation_Assignment" title="com.cloudmore.runner.TestRunner" class="method navigator-link" hash-for-method="runScenario(&quot;Verifying the DELETE USER API deleteUser_valid_userNameDefined_isYes&quot;, &quot;Optional[Verify The CREATE ...)">runScenario("Verifying the DELETE USER API deleteUser_valid_userNameDefined_isYes", "Optional[Verify The CREATE ...)</a> <!-- method navigator-link -->
                      </span>
                      <br/>
                      <span>
                        <img src="failed.png" width="3%"/>
                        <a href="#" panel-name="suite-TestSuite_Cloudmore_Automation_Assignment" title="com.cloudmore.runner.TestRunner" class="method navigator-link" hash-for-method="runScenario(&quot;Verifying the DELETE USER API deleteUser_invalid_usernameDefined_Is_Yes_with_special_characters&quot;, &quot;...)">runScenario("Verifying the DELETE USER API deleteUser_invalid_usernameDefined_Is_Yes_with_special_characters", "...)</a> <!-- method navigator-link -->
                      </span>
                      <br/>
                      <span>
                        <img src="failed.png" width="3%"/>
                        <a href="#" panel-name="suite-TestSuite_Cloudmore_Automation_Assignment" title="com.cloudmore.runner.TestRunner" class="method navigator-link" hash-for-method="runScenario(&quot;Verifying the DELETE USER API deleteUser_invalid_UsernameDefined_Is_Yes&quot;, &quot;Optional[Verify The CREA...)">runScenario("Verifying the DELETE USER API deleteUser_invalid_UsernameDefined_Is_Yes", "Optional[Verify The CREA...)</a> <!-- method navigator-link -->
                      </span>
                      <br/>
                      <span>
                        <img src="failed.png" width="3%"/>
                        <a href="#" panel-name="suite-TestSuite_Cloudmore_Automation_Assignment" title="com.cloudmore.runner.TestRunner" class="method navigator-link" hash-for-method="runScenario(&quot;Verifying the UPDATE USER API putUser_username_with_special_Characters_validBodyDefined_Is_Yes&quot;, &quot;O...)">runScenario("Verifying the UPDATE USER API putUser_username_with_special_Characters_validBodyDefined_Is_Yes", "O...)</a> <!-- method navigator-link -->
                      </span>
                      <br/>
                      <span>
                        <img src="failed.png" width="3%"/>
                        <a href="#" panel-name="suite-TestSuite_Cloudmore_Automation_Assignment" title="com.cloudmore.runner.TestRunner" class="method navigator-link" hash-for-method="runScenario(&quot;Verifying the GET USER API getUser_username_Is_Null&quot;, &quot;Optional[Verify The CREATE , UPDATE, GET, DE...)">runScenario("Verifying the GET USER API getUser_username_Is_Null", "Optional[Verify The CREATE , UPDATE, GET, DE...)</a> <!-- method navigator-link -->
                      </span>
                      <br/>
                      <span>
                        <img src="failed.png" width="3%"/>
                        <a href="#" panel-name="suite-TestSuite_Cloudmore_Automation_Assignment" title="com.cloudmore.runner.TestRunner" class="method navigator-link" hash-for-method="runScenario(&quot;Verifying the UPDATE USER API putUser_valid_Username_BodyApplicationJsonType_Are_null&quot;, &quot;Optional[V...)">runScenario("Verifying the UPDATE USER API putUser_valid_Username_BodyApplicationJsonType_Are_null", "Optional[V...)</a> <!-- method navigator-link -->
                      </span>
                      <br/>
                      <span>
                        <img src="failed.png" width="3%"/>
                        <a href="#" panel-name="suite-TestSuite_Cloudmore_Automation_Assignment" title="com.cloudmore.runner.TestRunner" class="method navigator-link" hash-for-method="runScenario(&quot;Verifying the CREATE USER API postUser_BodyDefined_Is_No&quot;, &quot;Optional[Verify The CREATE , UPDATE, GE...)">runScenario("Verifying the CREATE USER API postUser_BodyDefined_Is_No", "Optional[Verify The CREATE , UPDATE, GE...)</a> <!-- method navigator-link -->
                      </span>
                      <br/>
                      <span>
                        <img src="failed.png" width="3%"/>
                        <a href="#" panel-name="suite-TestSuite_Cloudmore_Automation_Assignment" title="com.cloudmore.runner.TestRunner" class="method navigator-link" hash-for-method="runScenario(&quot;Verifying the UPDATE USER API putUser_username_Is_Null_validBodyDefined_Is_Yes&quot;, &quot;Optional[Verify T...)">runScenario("Verifying the UPDATE USER API putUser_username_Is_Null_validBodyDefined_Is_Yes", "Optional[Verify T...)</a> <!-- method navigator-link -->
                      </span>
                      <br/>
                      <span>
                        <img src="failed.png" width="3%"/>
                        <a href="#" panel-name="suite-TestSuite_Cloudmore_Automation_Assignment" title="com.cloudmore.runner.TestRunner" class="method navigator-link" hash-for-method="runScenario(&quot;Verifying the DELETE USER API deleteUser_username_Is_Null&quot;, &quot;Optional[Verify The CREATE , UPDATE, G...)">runScenario("Verifying the DELETE USER API deleteUser_username_Is_Null", "Optional[Verify The CREATE , UPDATE, G...)</a> <!-- method navigator-link -->
                      </span>
                      <br/>
                      <span>
                        <img src="failed.png" width="3%"/>
                        <a href="#" panel-name="suite-TestSuite_Cloudmore_Automation_Assignment" title="com.cloudmore.runner.TestRunner" class="method navigator-link" hash-for-method="runScenario(&quot;Verifying the CREATE USER API postUser_BodyApplicationJsonValueProperties_Are_Null&quot;, &quot;Optional[Veri...)">runScenario("Verifying the CREATE USER API postUser_BodyApplicationJsonValueProperties_Are_Null", "Optional[Veri...)</a> <!-- method navigator-link -->
                      </span>
                      <br/>
                      <span>
                        <img src="failed.png" width="3%"/>
                        <a href="#" panel-name="suite-TestSuite_Cloudmore_Automation_Assignment" title="com.cloudmore.runner.TestRunner" class="method navigator-link" hash-for-method="runScenario(&quot;Verifying the GET USER API getUser_valid_usernameDefined_Is_Yes&quot;, &quot;Optional[Verify The CREATE , UPD...)">runScenario("Verifying the GET USER API getUser_valid_usernameDefined_Is_Yes", "Optional[Verify The CREATE , UPD...)</a> <!-- method navigator-link -->
                      </span>
                      <br/>
                      <span>
                        <img src="failed.png" width="3%"/>
                        <a href="#" panel-name="suite-TestSuite_Cloudmore_Automation_Assignment" title="com.cloudmore.runner.TestRunner" class="method navigator-link" hash-for-method="runScenario(&quot;Verifying the UPDATE USER API putUser_invalid_Username_validBodyDefined_Is_Yes&quot;, &quot;Optional[Verify T...)">runScenario("Verifying the UPDATE USER API putUser_invalid_Username_validBodyDefined_Is_Yes", "Optional[Verify T...)</a> <!-- method navigator-link -->
                      </span>
                      <br/>
                    </div> <!-- method-list-content failed suite-TestSuite_Cloudmore_Automation_Assignment -->
                  </li>
                  <li>
                    <span class="method-list-title skipped">Retried methods</span>
                    <span class="show-or-hide-methods skipped">
                      <a href="#" panel-name="suite-TestSuite_Cloudmore_Automation_Assignment" class="hide-methods skipped suite-TestSuite_Cloudmore_Automation_Assignment"> (hide)</a> <!-- hide-methods skipped suite-TestSuite_Cloudmore_Automation_Assignment -->
                      <a href="#" panel-name="suite-TestSuite_Cloudmore_Automation_Assignment" class="show-methods skipped suite-TestSuite_Cloudmore_Automation_Assignment"> (show)</a> <!-- show-methods skipped suite-TestSuite_Cloudmore_Automation_Assignment -->
                    </span>
                    <div class="method-list-content skipped suite-TestSuite_Cloudmore_Automation_Assignment">
                      <span>
                        <img src="skipped.png" width="3%"/>
                        <a href="#" panel-name="suite-TestSuite_Cloudmore_Automation_Assignment" title="com.cloudmore.runner.TestRunner" class="method navigator-link" hash-for-method="runScenario(&quot;Verifying the UPDATE USER API putUser_invalid_Username_validBodyDefined_Is_Yes&quot;, &quot;Optional[Verify T...)">runScenario("Verifying the UPDATE USER API putUser_invalid_Username_validBodyDefined_Is_Yes", "Optional[Verify T...)</a> <!-- method navigator-link -->
                      </span>
                      <br/>
                      <span>
                        <img src="skipped.png" width="3%"/>
                        <a href="#" panel-name="suite-TestSuite_Cloudmore_Automation_Assignment" title="com.cloudmore.runner.TestRunner" class="method navigator-link" hash-for-method="runScenario(&quot;Verifying the DELETE USER API deleteUser_invalid_usernameDefined_Is_Yes_with_special_characters&quot;, &quot;...)">runScenario("Verifying the DELETE USER API deleteUser_invalid_usernameDefined_Is_Yes_with_special_characters", "...)</a> <!-- method navigator-link -->
                      </span>
                      <br/>
                      <span>
                        <img src="skipped.png" width="3%"/>
                        <a href="#" panel-name="suite-TestSuite_Cloudmore_Automation_Assignment" title="com.cloudmore.runner.TestRunner" class="method navigator-link" hash-for-method="runScenario(&quot;Verifying the CREATE USER API postUser_BodyDefined_Is_No&quot;, &quot;Optional[Verify The CREATE , UPDATE, GE...)">runScenario("Verifying the CREATE USER API postUser_BodyDefined_Is_No", "Optional[Verify The CREATE , UPDATE, GE...)</a> <!-- method navigator-link -->
                      </span>
                      <br/>
                      <span>
                        <img src="skipped.png" width="3%"/>
                        <a href="#" panel-name="suite-TestSuite_Cloudmore_Automation_Assignment" title="com.cloudmore.runner.TestRunner" class="method navigator-link" hash-for-method="runScenario(&quot;Verifying the GET USER API getUser_username_Is_Null&quot;, &quot;Optional[Verify The CREATE , UPDATE, GET, DE...)">runScenario("Verifying the GET USER API getUser_username_Is_Null", "Optional[Verify The CREATE , UPDATE, GET, DE...)</a> <!-- method navigator-link -->
                      </span>
                      <br/>
                      <span>
                        <img src="skipped.png" width="3%"/>
                        <a href="#" panel-name="suite-TestSuite_Cloudmore_Automation_Assignment" title="com.cloudmore.runner.TestRunner" class="method navigator-link" hash-for-method="runScenario(&quot;Verifying the DELETE USER API deleteUser_invalid_UsernameDefined_Is_Yes&quot;, &quot;Optional[Verify The CREA...)">runScenario("Verifying the DELETE USER API deleteUser_invalid_UsernameDefined_Is_Yes", "Optional[Verify The CREA...)</a> <!-- method navigator-link -->
                      </span>
                      <br/>
                      <span>
                        <img src="skipped.png" width="3%"/>
                        <a href="#" panel-name="suite-TestSuite_Cloudmore_Automation_Assignment" title="com.cloudmore.runner.TestRunner" class="method navigator-link" hash-for-method="runScenario(&quot;Verifying the UPDATE USER API putUser_username_Is_Null_validBodyDefined_Is_Yes&quot;, &quot;Optional[Verify T...)">runScenario("Verifying the UPDATE USER API putUser_username_Is_Null_validBodyDefined_Is_Yes", "Optional[Verify T...)</a> <!-- method navigator-link -->
                      </span>
                      <br/>
                      <span>
                        <img src="skipped.png" width="3%"/>
                        <a href="#" panel-name="suite-TestSuite_Cloudmore_Automation_Assignment" title="com.cloudmore.runner.TestRunner" class="method navigator-link" hash-for-method="runScenario(&quot;Verifying the DELETE USER API deleteUser_username_Is_Null&quot;, &quot;Optional[Verify The CREATE , UPDATE, G...)">runScenario("Verifying the DELETE USER API deleteUser_username_Is_Null", "Optional[Verify The CREATE , UPDATE, G...)</a> <!-- method navigator-link -->
                      </span>
                      <br/>
                      <span>
                        <img src="skipped.png" width="3%"/>
                        <a href="#" panel-name="suite-TestSuite_Cloudmore_Automation_Assignment" title="com.cloudmore.runner.TestRunner" class="method navigator-link" hash-for-method="runScenario(&quot;Verifying the CREATE USER API postUser_BodyApplicationJsonValueProperties_Are_Null&quot;, &quot;Optional[Veri...)">runScenario("Verifying the CREATE USER API postUser_BodyApplicationJsonValueProperties_Are_Null", "Optional[Veri...)</a> <!-- method navigator-link -->
                      </span>
                      <br/>
                      <span>
                        <img src="skipped.png" width="3%"/>
                        <a href="#" panel-name="suite-TestSuite_Cloudmore_Automation_Assignment" title="com.cloudmore.runner.TestRunner" class="method navigator-link" hash-for-method="runScenario(&quot;Verifying the GET USER API getUser_valid_usernameDefined_Is_Yes&quot;, &quot;Optional[Verify The CREATE , UPD...)">runScenario("Verifying the GET USER API getUser_valid_usernameDefined_Is_Yes", "Optional[Verify The CREATE , UPD...)</a> <!-- method navigator-link -->
                      </span>
                      <br/>
                      <span>
                        <img src="skipped.png" width="3%"/>
                        <a href="#" panel-name="suite-TestSuite_Cloudmore_Automation_Assignment" title="com.cloudmore.runner.TestRunner" class="method navigator-link" hash-for-method="runScenario(&quot;Verifying the DELETE USER API deleteUser_valid_userNameDefined_isYes&quot;, &quot;Optional[Verify The CREATE ...)">runScenario("Verifying the DELETE USER API deleteUser_valid_userNameDefined_isYes", "Optional[Verify The CREATE ...)</a> <!-- method navigator-link -->
                      </span>
                      <br/>
                      <span>
                        <img src="skipped.png" width="3%"/>
                        <a href="#" panel-name="suite-TestSuite_Cloudmore_Automation_Assignment" title="com.cloudmore.runner.TestRunner" class="method navigator-link" hash-for-method="runScenario(&quot;Verifying the UPDATE USER API putUser_username_with_special_Characters_validBodyDefined_Is_Yes&quot;, &quot;O...)">runScenario("Verifying the UPDATE USER API putUser_username_with_special_Characters_validBodyDefined_Is_Yes", "O...)</a> <!-- method navigator-link -->
                      </span>
                      <br/>
                      <span>
                        <img src="skipped.png" width="3%"/>
                        <a href="#" panel-name="suite-TestSuite_Cloudmore_Automation_Assignment" title="com.cloudmore.runner.TestRunner" class="method navigator-link" hash-for-method="runScenario(&quot;Verifying the UPDATE USER API putUser_valid_Username_BodyApplicationJsonType_Are_null&quot;, &quot;Optional[V...)">runScenario("Verifying the UPDATE USER API putUser_valid_Username_BodyApplicationJsonType_Are_null", "Optional[V...)</a> <!-- method navigator-link -->
                      </span>
                      <br/>
                    </div> <!-- method-list-content skipped suite-TestSuite_Cloudmore_Automation_Assignment -->
                  </li>
                  <li>
                    <span class="method-list-title passed">Passed methods</span>
                    <span class="show-or-hide-methods passed">
                      <a href="#" panel-name="suite-TestSuite_Cloudmore_Automation_Assignment" class="hide-methods passed suite-TestSuite_Cloudmore_Automation_Assignment"> (hide)</a> <!-- hide-methods passed suite-TestSuite_Cloudmore_Automation_Assignment -->
                      <a href="#" panel-name="suite-TestSuite_Cloudmore_Automation_Assignment" class="show-methods passed suite-TestSuite_Cloudmore_Automation_Assignment"> (show)</a> <!-- show-methods passed suite-TestSuite_Cloudmore_Automation_Assignment -->
                    </span>
                    <div class="method-list-content passed suite-TestSuite_Cloudmore_Automation_Assignment">
                      <span>
                        <img src="passed.png" width="3%"/>
                        <a href="#" panel-name="suite-TestSuite_Cloudmore_Automation_Assignment" title="com.cloudmore.runner.TestRunner" class="method navigator-link" hash-for-method="runScenario(&quot;Verify company logo and menu items are displayed on Resources Page.&quot;, &quot;Optional[Company logo and me...)">runScenario("Verify company logo and menu items are displayed on Resources Page.", "Optional[Company logo and me...)</a> <!-- method navigator-link -->
                      </span>
                      <br/>
                      <span>
                        <img src="passed.png" width="3%"/>
                        <a href="#" panel-name="suite-TestSuite_Cloudmore_Automation_Assignment" title="com.cloudmore.runner.TestRunner" class="method navigator-link" hash-for-method="runScenario(&quot;Verify company logo and menu items are displayed on Pricing Page.&quot;, &quot;Optional[Company logo and menu...)">runScenario("Verify company logo and menu items are displayed on Pricing Page.", "Optional[Company logo and menu...)</a> <!-- method navigator-link -->
                      </span>
                      <br/>
                      <span>
                        <img src="passed.png" width="3%"/>
                        <a href="#" panel-name="suite-TestSuite_Cloudmore_Automation_Assignment" title="com.cloudmore.runner.TestRunner" class="method navigator-link" hash-for-method="runScenario(&quot;Verify Search Results have more than 3 items in the list&quot;, &quot;Optional[Test Search Page page for mobi...)">runScenario("Verify Search Results have more than 3 items in the list", "Optional[Test Search Page page for mobi...)</a> <!-- method navigator-link -->
                      </span>
                      <br/>
                      <span>
                        <img src="passed.png" width="3%"/>
                        <a href="#" panel-name="suite-TestSuite_Cloudmore_Automation_Assignment" title="com.cloudmore.runner.TestRunner" class="method navigator-link" hash-for-method="runScenario(&quot;Verify company logo and menu items are displayed on Company Page.&quot;, &quot;Optional[Company logo and menu...)">runScenario("Verify company logo and menu items are displayed on Company Page.", "Optional[Company logo and menu...)</a> <!-- method navigator-link -->
                      </span>
                      <br/>
                      <span>
                        <img src="passed.png" width="3%"/>
                        <a href="#" panel-name="suite-TestSuite_Cloudmore_Automation_Assignment" title="com.cloudmore.runner.TestRunner" class="method navigator-link" hash-for-method="runScenario(&quot;Verify Search Results have more than 3 items in the list&quot;, &quot;Optional[Test Search Page page for mobi...)">runScenario("Verify Search Results have more than 3 items in the list", "Optional[Test Search Page page for mobi...)</a> <!-- method navigator-link -->
                      </span>
                      <br/>
                      <span>
                        <img src="passed.png" width="3%"/>
                        <a href="#" panel-name="suite-TestSuite_Cloudmore_Automation_Assignment" title="com.cloudmore.runner.TestRunner" class="method navigator-link" hash-for-method="runScenario(&quot;Verify company logo and menu items are displayed on Home Page.&quot;, &quot;Optional[Company logo and menu it...)">runScenario("Verify company logo and menu items are displayed on Home Page.", "Optional[Company logo and menu it...)</a> <!-- method navigator-link -->
                      </span>
                      <br/>
                      <span>
                        <img src="passed.png" width="3%"/>
                        <a href="#" panel-name="suite-TestSuite_Cloudmore_Automation_Assignment" title="com.cloudmore.runner.TestRunner" class="method navigator-link" hash-for-method="runScenario(&quot;Verifying the GET USER API getUser_invalid_usernameDefined_Is_Yes&quot;, &quot;Optional[Verify The CREATE , U...)">runScenario("Verifying the GET USER API getUser_invalid_usernameDefined_Is_Yes", "Optional[Verify The CREATE , U...)</a> <!-- method navigator-link -->
                      </span>
                      <br/>
                      <span>
                        <img src="passed.png" width="3%"/>
                        <a href="#" panel-name="suite-TestSuite_Cloudmore_Automation_Assignment" title="com.cloudmore.runner.TestRunner" class="method navigator-link" hash-for-method="runScenario(&quot;Verifying the GET USER API getUser_invalid_usernameDefined_Is_Yes_with_special_characters&quot;, &quot;Option...)">runScenario("Verifying the GET USER API getUser_invalid_usernameDefined_Is_Yes_with_special_characters", "Option...)</a> <!-- method navigator-link -->
                      </span>
                      <br/>
                      <span>
                        <img src="passed.png" width="3%"/>
                        <a href="#" panel-name="suite-TestSuite_Cloudmore_Automation_Assignment" title="com.cloudmore.runner.TestRunner" class="method navigator-link" hash-for-method="runScenario(&quot;Verifying the UPDATE USER API putUser_valid_Username_BodyDefined_Is_No&quot;, &quot;Optional[Verify The CREAT...)">runScenario("Verifying the UPDATE USER API putUser_valid_Username_BodyDefined_Is_No", "Optional[Verify The CREAT...)</a> <!-- method navigator-link -->
                      </span>
                      <br/>
                      <span>
                        <img src="passed.png" width="3%"/>
                        <a href="#" panel-name="suite-TestSuite_Cloudmore_Automation_Assignment" title="com.cloudmore.runner.TestRunner" class="method navigator-link" hash-for-method="runScenario(&quot;Verifying the UPDATE USER API putUser_valid_Username_validBodyDefined_Is_Yes&quot;, &quot;Optional[Verify The...)">runScenario("Verifying the UPDATE USER API putUser_valid_Username_validBodyDefined_Is_Yes", "Optional[Verify The...)</a> <!-- method navigator-link -->
                      </span>
                      <br/>
                      <span>
                        <img src="passed.png" width="3%"/>
                        <a href="#" panel-name="suite-TestSuite_Cloudmore_Automation_Assignment" title="com.cloudmore.runner.TestRunner" class="method navigator-link" hash-for-method="runScenario(&quot;Verifying the UPDATE USER API putUser_invalid_Username_BodyDefined_Is_No&quot;, &quot;Optional[Verify The CRE...)">runScenario("Verifying the UPDATE USER API putUser_invalid_Username_BodyDefined_Is_No", "Optional[Verify The CRE...)</a> <!-- method navigator-link -->
                      </span>
                      <br/>
                      <span>
                        <img src="passed.png" width="3%"/>
                        <a href="#" panel-name="suite-TestSuite_Cloudmore_Automation_Assignment" title="com.cloudmore.runner.TestRunner" class="method navigator-link" hash-for-method="runScenario(&quot;Verify company logo and menu items are displayed on Integrations Page.&quot;, &quot;Optional[Company logo and...)">runScenario("Verify company logo and menu items are displayed on Integrations Page.", "Optional[Company logo and...)</a> <!-- method navigator-link -->
                      </span>
                      <br/>
                      <span>
                        <img src="passed.png" width="3%"/>
                        <a href="#" panel-name="suite-TestSuite_Cloudmore_Automation_Assignment" title="com.cloudmore.runner.TestRunner" class="method navigator-link" hash-for-method="runScenario(&quot;Verifying the CREATE USER API postUser_valid_BodyDefined_Is_Yes&quot;, &quot;Optional[Verify The CREATE , UPD...)">runScenario("Verifying the CREATE USER API postUser_valid_BodyDefined_Is_Yes", "Optional[Verify The CREATE , UPD...)</a> <!-- method navigator-link -->
                      </span>
                      <br/>
                      <span>
                        <img src="passed.png" width="3%"/>
                        <a href="#" panel-name="suite-TestSuite_Cloudmore_Automation_Assignment" title="com.cloudmore.runner.TestRunner" class="method navigator-link" hash-for-method="runScenario(&quot;Verifying the CREATE USER API postUser_BodyApplicationJsonType_Is_NotObject&quot;, &quot;Optional[Verify The ...)">runScenario("Verifying the CREATE USER API postUser_BodyApplicationJsonType_Is_NotObject", "Optional[Verify The ...)</a> <!-- method navigator-link -->
                      </span>
                      <br/>
                      <span>
                        <img src="passed.png" width="3%"/>
                        <a href="#" panel-name="suite-TestSuite_Cloudmore_Automation_Assignment" title="com.cloudmore.runner.TestRunner" class="method navigator-link" hash-for-method="runScenario(&quot;Verify company logo and menu items are displayed on Solutions Page.&quot;, &quot;Optional[Company logo and me...)">runScenario("Verify company logo and menu items are displayed on Solutions Page.", "Optional[Company logo and me...)</a> <!-- method navigator-link -->
                      </span>
                      <br/>
                      <span>
                        <img src="passed.png" width="3%"/>
                        <a href="#" panel-name="suite-TestSuite_Cloudmore_Automation_Assignment" title="com.cloudmore.runner.TestRunner" class="method navigator-link" hash-for-method="runScenario(&quot;Verifying the UPDATE USER API putUser_valid_Username_BodyApplicationJsonType_Is_NotObject&quot;, &quot;Option...)">runScenario("Verifying the UPDATE USER API putUser_valid_Username_BodyApplicationJsonType_Is_NotObject", "Option...)</a> <!-- method navigator-link -->
                      </span>
                      <br/>
                    </div> <!-- method-list-content passed suite-TestSuite_Cloudmore_Automation_Assignment -->
                  </li>
                </ul>
              </div> <!-- suite-section-content -->
            </div> <!-- result-section -->
          </div> <!-- navigator-suite-content -->
        </div> <!-- rounded-window -->
      </div> <!-- suite -->
    </div> <!-- navigator-root -->
    <div class="wrapper">
      <div class="main-panel-root">
        <div panel-name="suite-TestSuite_Cloudmore_Automation_Assignment" class="panel TestSuite_Cloudmore_Automation_Assignment">
          <div class="suite-TestSuite_Cloudmore_Automation_Assignment-class-failed">
            <div class="main-panel-header rounded-window-top">
              <img src="failed.png"/>
              <span class="class-name">com.cloudmore.runner.TestRunner</span>
            </div> <!-- main-panel-header rounded-window-top -->
            <div class="main-panel-content rounded-window-bottom">
              <div class="method">
                <div class="method-content">
                  <a name="runScenario(&quot;Verifying the DELETE USER API deleteUser_valid_userNameDefined_isYes&quot;, &quot;Optional[Verify The CREATE ...)">
                  </a> <!-- runScenario("Verifying the DELETE USER API deleteUser_valid_userNameDefined_isYes", "Optional[Verify The CREATE ...) -->
                  <span class="method-name">runScenario</span>
                  <span class="parameters">("Verifying the DELETE USER API deleteUser_valid_userNameDefined_isYes", "Optional[Verify The CREATE , UPDATE, GET, DELETE APIs of User Service]")</span>
                  <div class="stack-trace">java.lang.AssertionError: Expected Response is not match with actual Response body expected [{
    &quot;code&quot;: 200,
    &quot;type&quot;: &quot;unknown&quot;,
    &quot;message&quot;: &quot;AkilaTest&quot;
}] but found [{
    &quot;code&quot;: 200,
    &quot;type&quot;: &quot;unknown&quot;,
    &quot;message&quot;: &quot;AkilaTEST&quot;
}]
	at com.cloudmore.listener.DryRunPlugin.stepFinished(DryRunPlugin.java:120)
	at io.cucumber.core.eventbus.AbstractEventPublisher.send(AbstractEventPublisher.java:51)
	at io.cucumber.core.eventbus.AbstractEventBus.send(AbstractEventBus.java:12)
	at io.cucumber.core.runtime.SynchronizedEventBus.send(SynchronizedEventBus.java:47)
	at io.cucumber.core.runtime.ThreadLocalRunnerSupplier$LocalEventBus.send(ThreadLocalRunnerSupplier.java:66)
	at io.cucumber.core.runner.TestStep.emitTestStepFinished(TestStep.java:124)
	at io.cucumber.core.runner.TestStep.run(TestStep.java:74)
	at io.cucumber.core.runner.PickleStepTestStep.run(PickleStepTestStep.java:51)
	at io.cucumber.core.runner.TestCase.run(TestCase.java:104)
	at io.cucumber.core.runner.Runner.runPickle(Runner.java:73)
	at io.cucumber.testng.TestNGCucumberRunner.lambda$runScenario$0(TestNGCucumberRunner.java:117)
	at io.cucumber.core.runtime.CucumberExecutionContext.runTestCase(CucumberExecutionContext.java:117)
	at io.cucumber.testng.TestNGCucumberRunner.runScenario(TestNGCucumberRunner.java:114)
	at io.cucumber.testng.AbstractTestNGCucumberTests.runScenario(AbstractTestNGCucumberTests.java:31)
	at java.base/java.util.ArrayList.forEach(ArrayList.java:1541)
	at java.base/java.util.concurrent.FutureTask.run(FutureTask.java:264)
	at java.base/java.util.concurrent.ThreadPoolExecutor.runWorker(ThreadPoolExecutor.java:1128)
	at java.base/java.util.concurrent.ThreadPoolExecutor$Worker.run(ThreadPoolExecutor.java:628)
	at java.base/java.lang.Thread.run(Thread.java:834)
... Removed 17 stack frames
</div> <!-- stack-trace -->
                  <em>
(Runs Cucumber Scenarios)                  </em>
                </div> <!-- method-content -->
              </div> <!-- method -->
              <div class="method">
                <div class="method-content">
                  <a name="runScenario(&quot;Verifying the DELETE USER API deleteUser_invalid_usernameDefined_Is_Yes_with_special_characters&quot;, &quot;...)">
                  </a> <!-- runScenario("Verifying the DELETE USER API deleteUser_invalid_usernameDefined_Is_Yes_with_special_characters", "...) -->
                  <span class="method-name">runScenario</span>
                  <span class="parameters">("Verifying the DELETE USER API deleteUser_invalid_usernameDefined_Is_Yes_with_special_characters", "Optional[Verify The CREATE , UPDATE, GET, DELETE APIs of User Service]")</span>
                  <div class="stack-trace">java.lang.AssertionError: Got exception when trying to validate the schema files
	at com.cloudmore.listener.DryRunPlugin.stepFinished(DryRunPlugin.java:120)
	at io.cucumber.core.eventbus.AbstractEventPublisher.send(AbstractEventPublisher.java:51)
	at io.cucumber.core.eventbus.AbstractEventBus.send(AbstractEventBus.java:12)
	at io.cucumber.core.runtime.SynchronizedEventBus.send(SynchronizedEventBus.java:47)
	at io.cucumber.core.runtime.ThreadLocalRunnerSupplier$LocalEventBus.send(ThreadLocalRunnerSupplier.java:66)
	at io.cucumber.core.runner.TestStep.emitTestStepFinished(TestStep.java:124)
	at io.cucumber.core.runner.TestStep.run(TestStep.java:74)
	at io.cucumber.core.runner.PickleStepTestStep.run(PickleStepTestStep.java:51)
	at io.cucumber.core.runner.TestCase.run(TestCase.java:104)
	at io.cucumber.core.runner.Runner.runPickle(Runner.java:73)
	at io.cucumber.testng.TestNGCucumberRunner.lambda$runScenario$0(TestNGCucumberRunner.java:117)
	at io.cucumber.core.runtime.CucumberExecutionContext.runTestCase(CucumberExecutionContext.java:117)
	at io.cucumber.testng.TestNGCucumberRunner.runScenario(TestNGCucumberRunner.java:114)
	at io.cucumber.testng.AbstractTestNGCucumberTests.runScenario(AbstractTestNGCucumberTests.java:31)
	at java.base/java.util.ArrayList.forEach(ArrayList.java:1541)
	at java.base/java.util.concurrent.FutureTask.run(FutureTask.java:264)
	at java.base/java.util.concurrent.ThreadPoolExecutor.runWorker(ThreadPoolExecutor.java:1128)
	at java.base/java.util.concurrent.ThreadPoolExecutor$Worker.run(ThreadPoolExecutor.java:628)
	at java.base/java.lang.Thread.run(Thread.java:834)
Caused by: io.restassured.module.jsv.JsonSchemaValidationException: com.fasterxml.jackson.core.JsonParseException: no JSON Text to read from input
 at [Source: (StringReader); line: 1, column: 1]
	at io.restassured.module.jsv.JsonSchemaValidator.matchesSafely(JsonSchemaValidator.java:233)
	at io.restassured.module.jsv.JsonSchemaValidator.matchesSafely(JsonSchemaValidator.java:75)
	at org.hamcrest.TypeSafeMatcher.matches(TypeSafeMatcher.java:67)
	at org.hamcrest.Matcher$matches.call(Unknown Source)
	at io.restassured.assertion.BodyMatcher.validate(BodyMatcher.groovy:76)
	at io.restassured.assertion.BodyMatcher$validate$0.call(Unknown Source)
	at io.restassured.assertion.BodyMatcherGroup$_validate_closure2.doCall(BodyMatcherGroup.groovy:47)
	at groovy.lang.MetaMethod.doMethodInvoke(MetaMethod.java:323)
	at org.codehaus.groovy.runtime.metaclass.ClosureMetaClass.invokeMethod(ClosureMetaClass.java:263)
	at groovy.lang.MetaClassImpl.invokeMethod(MetaClassImpl.java:1035)
	at groovy.lang.Closure.call(Closure.java:412)
	at groovy.lang.Closure.call(Closure.java:428)
	at org.codehaus.groovy.runtime.DefaultGroovyMethods.collect(DefaultGroovyMethods.java:3575)
	at org.codehaus.groovy.runtime.DefaultGroovyMethods.collect(DefaultGroovyMethods.java:3560)
	at org.codehaus.groovy.runtime.DefaultGroovyMethods.collect(DefaultGroovyMethods.java:3660)
	at org.codehaus.groovy.runtime.dgm$101.invoke(Unknown Source)
	at org.codehaus.groovy.runtime.callsite.PojoMetaMethodSite$PojoMetaMethodSiteNoUnwrapNoCoerce.invoke(PojoMetaMethodSite.java:247)
	at org.codehaus.groovy.runtime.callsite.PojoMetaMethodSite.call(PojoMetaMethodSite.java:56)
	at org.codehaus.groovy.runtime.callsite.AbstractCallSite.call(AbstractCallSite.java:139)
	at io.restassured.assertion.BodyMatcherGroup.validate(BodyMatcherGroup.groovy:47)
	at io.restassured.assertion.BodyMatcherGroup$validate$3.call(Unknown Source)
	at io.restassured.internal.ResponseSpecificationImpl$HamcrestAssertionClosure.validate(ResponseSpecificationImpl.groovy:480)
	at io.restassured.internal.ResponseSpecificationImpl$HamcrestAssertionClosure$validate$1.call(Unknown Source)
	at io.restassured.internal.ResponseSpecificationImpl.validateResponseIfRequired(ResponseSpecificationImpl.groovy:674)
	at org.codehaus.groovy.runtime.callsite.PlainObjectMetaMethodSite.doInvoke(PlainObjectMetaMethodSite.java:43)
	at org.codehaus.groovy.runtime.callsite.PogoMetaMethodSite$PogoCachedMethodSiteNoUnwrapNoCoerce.invoke(PogoMetaMethodSite.java:193)
	at org.codehaus.groovy.runtime.callsite.PogoMetaMethodSite.callCurrent(PogoMetaMethodSite.java:61)
	at org.codehaus.groovy.runtime.callsite.AbstractCallSite.callCurrent(AbstractCallSite.java:185)
	at io.restassured.internal.ResponseSpecificationImpl.body(ResponseSpecificationImpl.groovy:98)
	at io.restassured.internal.ValidatableResponseOptionsImpl.body(ValidatableResponseOptionsImpl.java:238)
	at io.restassured.internal.ValidatableResponseImpl.super$2$body(ValidatableResponseImpl.groovy)
	at groovy.lang.MetaMethod.doMethodInvoke(MetaMethod.java:323)
	at groovy.lang.MetaClassImpl.invokeMethod(MetaClassImpl.java:1268)
	at org.codehaus.groovy.runtime.ScriptBytecodeAdapter.invokeMethodOnSuperN(ScriptBytecodeAdapter.java:144)
	at io.restassured.internal.ValidatableResponseImpl.body(ValidatableResponseImpl.groovy:293)
	at io.restassured.internal.ValidatableResponseImpl.body(ValidatableResponseImpl.groovy)
	at com.cloudmore.testSteps.api.UserServiceSteps.validate_json_schema(UserServiceSteps.java:104)
	at io.cucumber.java.Invoker.doInvoke(Invoker.java:66)
	at io.cucumber.java.Invoker.invoke(Invoker.java:24)
	at io.cucumber.java.AbstractGlueDefinition.invokeMethod(AbstractGlueDefinition.java:47)
	at io.cucumber.java.JavaStepDefinition.execute(JavaStepDefinition.java:29)
	at io.cucumber.core.runner.CoreStepDefinition.execute(CoreStepDefinition.java:66)
	at io.cucumber.core.runner.PickleStepDefinitionMatch.runStep(PickleStepDefinitionMatch.java:63)
	at io.cucumber.core.runner.ExecutionMode$1.execute(ExecutionMode.java:10)
	at io.cucumber.core.runner.TestStep.executeStep(TestStep.java:92)
	at io.cucumber.core.runner.TestStep.run(TestStep.java:64)
	... 29 more
Caused by: com.fasterxml.jackson.core.JsonParseException: no JSON Text to read from input
 at [Source: (StringReader); line: 1, column: 1]
	at com.github.fge.jackson.JsonNodeReader$JsonParseExceptionBuilder.build(JsonNodeReader.java:198)
	at com.github.fge.jackson.JsonNodeReader.readNode(JsonNodeReader.java:150)
	at com.github.fge.jackson.JsonNodeReader.fromReader(JsonNodeReader.java:129)
	at com.github.fge.jackson.JsonLoader.fromReader(JsonLoader.java:186)
	at com.github.fge.jackson.JsonLoader.fromString(JsonLoader.java:199)
	at io.restassured.module.jsv.JsonSchemaValidator.matchesSafely(JsonSchemaValidator.java:214)
	... 88 more
... Removed 31 stack frames
</div> <!-- stack-trace -->
                  <em>
(Runs Cucumber Scenarios)                  </em>
                </div> <!-- method-content -->
              </div> <!-- method -->
              <div class="method">
                <div class="method-content">
                  <a name="runScenario(&quot;Verifying the DELETE USER API deleteUser_invalid_UsernameDefined_Is_Yes&quot;, &quot;Optional[Verify The CREA...)">
                  </a> <!-- runScenario("Verifying the DELETE USER API deleteUser_invalid_UsernameDefined_Is_Yes", "Optional[Verify The CREA...) -->
                  <span class="method-name">runScenario</span>
                  <span class="parameters">("Verifying the DELETE USER API deleteUser_invalid_UsernameDefined_Is_Yes", "Optional[Verify The CREATE , UPDATE, GET, DELETE APIs of User Service]")</span>
                  <div class="stack-trace">java.lang.AssertionError: Got exception when trying to validate the schema files
	at com.cloudmore.listener.DryRunPlugin.stepFinished(DryRunPlugin.java:120)
	at io.cucumber.core.eventbus.AbstractEventPublisher.send(AbstractEventPublisher.java:51)
	at io.cucumber.core.eventbus.AbstractEventBus.send(AbstractEventBus.java:12)
	at io.cucumber.core.runtime.SynchronizedEventBus.send(SynchronizedEventBus.java:47)
	at io.cucumber.core.runtime.ThreadLocalRunnerSupplier$LocalEventBus.send(ThreadLocalRunnerSupplier.java:66)
	at io.cucumber.core.runner.TestStep.emitTestStepFinished(TestStep.java:124)
	at io.cucumber.core.runner.TestStep.run(TestStep.java:74)
	at io.cucumber.core.runner.PickleStepTestStep.run(PickleStepTestStep.java:51)
	at io.cucumber.core.runner.TestCase.run(TestCase.java:104)
	at io.cucumber.core.runner.Runner.runPickle(Runner.java:73)
	at io.cucumber.testng.TestNGCucumberRunner.lambda$runScenario$0(TestNGCucumberRunner.java:117)
	at io.cucumber.core.runtime.CucumberExecutionContext.runTestCase(CucumberExecutionContext.java:117)
	at io.cucumber.testng.TestNGCucumberRunner.runScenario(TestNGCucumberRunner.java:114)
	at io.cucumber.testng.AbstractTestNGCucumberTests.runScenario(AbstractTestNGCucumberTests.java:31)
	at java.base/java.util.ArrayList.forEach(ArrayList.java:1541)
	at java.base/java.util.concurrent.FutureTask.run(FutureTask.java:264)
	at java.base/java.util.concurrent.ThreadPoolExecutor.runWorker(ThreadPoolExecutor.java:1128)
	at java.base/java.util.concurrent.ThreadPoolExecutor$Worker.run(ThreadPoolExecutor.java:628)
	at java.base/java.lang.Thread.run(Thread.java:834)
Caused by: io.restassured.module.jsv.JsonSchemaValidationException: com.fasterxml.jackson.core.JsonParseException: no JSON Text to read from input
 at [Source: (StringReader); line: 1, column: 1]
	at io.restassured.module.jsv.JsonSchemaValidator.matchesSafely(JsonSchemaValidator.java:233)
	at io.restassured.module.jsv.JsonSchemaValidator.matchesSafely(JsonSchemaValidator.java:75)
	at org.hamcrest.TypeSafeMatcher.matches(TypeSafeMatcher.java:67)
	at org.hamcrest.Matcher$matches.call(Unknown Source)
	at io.restassured.assertion.BodyMatcher.validate(BodyMatcher.groovy:76)
	at io.restassured.assertion.BodyMatcher$validate$0.call(Unknown Source)
	at io.restassured.assertion.BodyMatcherGroup$_validate_closure2.doCall(BodyMatcherGroup.groovy:47)
	at groovy.lang.MetaMethod.doMethodInvoke(MetaMethod.java:323)
	at org.codehaus.groovy.runtime.metaclass.ClosureMetaClass.invokeMethod(ClosureMetaClass.java:263)
	at groovy.lang.MetaClassImpl.invokeMethod(MetaClassImpl.java:1035)
	at groovy.lang.Closure.call(Closure.java:412)
	at groovy.lang.Closure.call(Closure.java:428)
	at org.codehaus.groovy.runtime.DefaultGroovyMethods.collect(DefaultGroovyMethods.java:3575)
	at org.codehaus.groovy.runtime.DefaultGroovyMethods.collect(DefaultGroovyMethods.java:3560)
	at org.codehaus.groovy.runtime.DefaultGroovyMethods.collect(DefaultGroovyMethods.java:3660)
	at org.codehaus.groovy.runtime.dgm$101.invoke(Unknown Source)
	at org.codehaus.groovy.runtime.callsite.PojoMetaMethodSite$PojoMetaMethodSiteNoUnwrapNoCoerce.invoke(PojoMetaMethodSite.java:247)
	at org.codehaus.groovy.runtime.callsite.PojoMetaMethodSite.call(PojoMetaMethodSite.java:56)
	at org.codehaus.groovy.runtime.callsite.AbstractCallSite.call(AbstractCallSite.java:139)
	at io.restassured.assertion.BodyMatcherGroup.validate(BodyMatcherGroup.groovy:47)
	at io.restassured.assertion.BodyMatcherGroup$validate$3.call(Unknown Source)
	at io.restassured.internal.ResponseSpecificationImpl$HamcrestAssertionClosure.validate(ResponseSpecificationImpl.groovy:480)
	at io.restassured.internal.ResponseSpecificationImpl$HamcrestAssertionClosure$validate$1.call(Unknown Source)
	at io.restassured.internal.ResponseSpecificationImpl.validateResponseIfRequired(ResponseSpecificationImpl.groovy:674)
	at org.codehaus.groovy.runtime.callsite.PlainObjectMetaMethodSite.doInvoke(PlainObjectMetaMethodSite.java:43)
	at org.codehaus.groovy.runtime.callsite.PogoMetaMethodSite$PogoCachedMethodSiteNoUnwrapNoCoerce.invoke(PogoMetaMethodSite.java:193)
	at org.codehaus.groovy.runtime.callsite.PogoMetaMethodSite.callCurrent(PogoMetaMethodSite.java:61)
	at org.codehaus.groovy.runtime.callsite.AbstractCallSite.callCurrent(AbstractCallSite.java:185)
	at io.restassured.internal.ResponseSpecificationImpl.body(ResponseSpecificationImpl.groovy:98)
	at io.restassured.internal.ValidatableResponseOptionsImpl.body(ValidatableResponseOptionsImpl.java:238)
	at io.restassured.internal.ValidatableResponseImpl.super$2$body(ValidatableResponseImpl.groovy)
	at groovy.lang.MetaMethod.doMethodInvoke(MetaMethod.java:323)
	at groovy.lang.MetaClassImpl.invokeMethod(MetaClassImpl.java:1268)
	at org.codehaus.groovy.runtime.ScriptBytecodeAdapter.invokeMethodOnSuperN(ScriptBytecodeAdapter.java:144)
	at io.restassured.internal.ValidatableResponseImpl.body(ValidatableResponseImpl.groovy:293)
	at io.restassured.internal.ValidatableResponseImpl.body(ValidatableResponseImpl.groovy)
	at com.cloudmore.testSteps.api.UserServiceSteps.validate_json_schema(UserServiceSteps.java:104)
	at io.cucumber.java.Invoker.doInvoke(Invoker.java:66)
	at io.cucumber.java.Invoker.invoke(Invoker.java:24)
	at io.cucumber.java.AbstractGlueDefinition.invokeMethod(AbstractGlueDefinition.java:47)
	at io.cucumber.java.JavaStepDefinition.execute(JavaStepDefinition.java:29)
	at io.cucumber.core.runner.CoreStepDefinition.execute(CoreStepDefinition.java:66)
	at io.cucumber.core.runner.PickleStepDefinitionMatch.runStep(PickleStepDefinitionMatch.java:63)
	at io.cucumber.core.runner.ExecutionMode$1.execute(ExecutionMode.java:10)
	at io.cucumber.core.runner.TestStep.executeStep(TestStep.java:92)
	at io.cucumber.core.runner.TestStep.run(TestStep.java:64)
	... 29 more
Caused by: com.fasterxml.jackson.core.JsonParseException: no JSON Text to read from input
 at [Source: (StringReader); line: 1, column: 1]
	at com.github.fge.jackson.JsonNodeReader$JsonParseExceptionBuilder.build(JsonNodeReader.java:198)
	at com.github.fge.jackson.JsonNodeReader.readNode(JsonNodeReader.java:150)
	at com.github.fge.jackson.JsonNodeReader.fromReader(JsonNodeReader.java:129)
	at com.github.fge.jackson.JsonLoader.fromReader(JsonLoader.java:186)
	at com.github.fge.jackson.JsonLoader.fromString(JsonLoader.java:199)
	at io.restassured.module.jsv.JsonSchemaValidator.matchesSafely(JsonSchemaValidator.java:214)
	... 88 more
... Removed 31 stack frames
</div> <!-- stack-trace -->
                  <em>
(Runs Cucumber Scenarios)                  </em>
                </div> <!-- method-content -->
              </div> <!-- method -->
              <div class="method">
                <div class="method-content">
                  <a name="runScenario(&quot;Verifying the UPDATE USER API putUser_username_with_special_Characters_validBodyDefined_Is_Yes&quot;, &quot;O...)">
                  </a> <!-- runScenario("Verifying the UPDATE USER API putUser_username_with_special_Characters_validBodyDefined_Is_Yes", "O...) -->
                  <span class="method-name">runScenario</span>
                  <span class="parameters">("Verifying the UPDATE USER API putUser_username_with_special_Characters_validBodyDefined_Is_Yes", "Optional[Verify The CREATE , UPDATE, GET, DELETE APIs of User Service]")</span>
                  <div class="stack-trace">java.lang.AssertionError: Expected status code is not match with actual status code expected [404] but found [200]
	at com.cloudmore.listener.DryRunPlugin.stepFinished(DryRunPlugin.java:120)
	at io.cucumber.core.eventbus.AbstractEventPublisher.send(AbstractEventPublisher.java:51)
	at io.cucumber.core.eventbus.AbstractEventBus.send(AbstractEventBus.java:12)
	at io.cucumber.core.runtime.SynchronizedEventBus.send(SynchronizedEventBus.java:47)
	at io.cucumber.core.runtime.ThreadLocalRunnerSupplier$LocalEventBus.send(ThreadLocalRunnerSupplier.java:66)
	at io.cucumber.core.runner.TestStep.emitTestStepFinished(TestStep.java:124)
	at io.cucumber.core.runner.TestStep.run(TestStep.java:74)
	at io.cucumber.core.runner.PickleStepTestStep.run(PickleStepTestStep.java:51)
	at io.cucumber.core.runner.TestCase.run(TestCase.java:104)
	at io.cucumber.core.runner.Runner.runPickle(Runner.java:73)
	at io.cucumber.testng.TestNGCucumberRunner.lambda$runScenario$0(TestNGCucumberRunner.java:117)
	at io.cucumber.core.runtime.CucumberExecutionContext.runTestCase(CucumberExecutionContext.java:117)
	at io.cucumber.testng.TestNGCucumberRunner.runScenario(TestNGCucumberRunner.java:114)
	at io.cucumber.testng.AbstractTestNGCucumberTests.runScenario(AbstractTestNGCucumberTests.java:31)
	at java.base/java.util.ArrayList.forEach(ArrayList.java:1541)
	at java.base/java.util.concurrent.FutureTask.run(FutureTask.java:264)
	at java.base/java.util.concurrent.ThreadPoolExecutor.runWorker(ThreadPoolExecutor.java:1128)
	at java.base/java.util.concurrent.ThreadPoolExecutor$Worker.run(ThreadPoolExecutor.java:628)
	at java.base/java.lang.Thread.run(Thread.java:834)
... Removed 17 stack frames
</div> <!-- stack-trace -->
                  <em>
(Runs Cucumber Scenarios)                  </em>
                </div> <!-- method-content -->
              </div> <!-- method -->
              <div class="method">
                <div class="method-content">
                  <a name="runScenario(&quot;Verifying the GET USER API getUser_username_Is_Null&quot;, &quot;Optional[Verify The CREATE , UPDATE, GET, DE...)">
                  </a> <!-- runScenario("Verifying the GET USER API getUser_username_Is_Null", "Optional[Verify The CREATE , UPDATE, GET, DE...) -->
                  <span class="method-name">runScenario</span>
                  <span class="parameters">("Verifying the GET USER API getUser_username_Is_Null", "Optional[Verify The CREATE , UPDATE, GET, DELETE APIs of User Service]")</span>
                  <div class="stack-trace">java.lang.AssertionError: 1 expectation failed.
Response body doesn&apos;t match expectation.
Expected: The content to match the given JSON schema.
error: object has missing required properties ([&quot;message&quot;])
    level: &quot;error&quot;
    schema: {&quot;loadingURI&quot;:&quot;#&quot;,&quot;pointer&quot;:&quot;&quot;}
    instance: {&quot;pointer&quot;:&quot;&quot;}
    domain: &quot;validation&quot;
    keyword: &quot;required&quot;
    required: [&quot;code&quot;,&quot;message&quot;,&quot;type&quot;]
    missing: [&quot;message&quot;]

  Actual: {&quot;code&quot;:405,&quot;type&quot;:&quot;unknown&quot;}

	at com.cloudmore.listener.DryRunPlugin.stepFinished(DryRunPlugin.java:120)
	at io.cucumber.core.eventbus.AbstractEventPublisher.send(AbstractEventPublisher.java:51)
	at io.cucumber.core.eventbus.AbstractEventBus.send(AbstractEventBus.java:12)
	at io.cucumber.core.runtime.SynchronizedEventBus.send(SynchronizedEventBus.java:47)
	at io.cucumber.core.runtime.ThreadLocalRunnerSupplier$LocalEventBus.send(ThreadLocalRunnerSupplier.java:66)
	at io.cucumber.core.runner.TestStep.emitTestStepFinished(TestStep.java:124)
	at io.cucumber.core.runner.TestStep.run(TestStep.java:74)
	at io.cucumber.core.runner.PickleStepTestStep.run(PickleStepTestStep.java:51)
	at io.cucumber.core.runner.TestCase.run(TestCase.java:104)
	at io.cucumber.core.runner.Runner.runPickle(Runner.java:73)
	at io.cucumber.testng.TestNGCucumberRunner.lambda$runScenario$0(TestNGCucumberRunner.java:117)
	at io.cucumber.core.runtime.CucumberExecutionContext.runTestCase(CucumberExecutionContext.java:117)
	at io.cucumber.testng.TestNGCucumberRunner.runScenario(TestNGCucumberRunner.java:114)
	at io.cucumber.testng.AbstractTestNGCucumberTests.runScenario(AbstractTestNGCucumberTests.java:31)
	at java.base/java.util.ArrayList.forEach(ArrayList.java:1541)
	at java.base/java.util.concurrent.FutureTask.run(FutureTask.java:264)
	at java.base/java.util.concurrent.ThreadPoolExecutor.runWorker(ThreadPoolExecutor.java:1128)
	at java.base/java.util.concurrent.ThreadPoolExecutor$Worker.run(ThreadPoolExecutor.java:628)
	at java.base/java.lang.Thread.run(Thread.java:834)
... Removed 17 stack frames
</div> <!-- stack-trace -->
                  <em>
(Runs Cucumber Scenarios)                  </em>
                </div> <!-- method-content -->
              </div> <!-- method -->
              <div class="method">
                <div class="method-content">
                  <a name="runScenario(&quot;Verifying the UPDATE USER API putUser_valid_Username_BodyApplicationJsonType_Are_null&quot;, &quot;Optional[V...)">
                  </a> <!-- runScenario("Verifying the UPDATE USER API putUser_valid_Username_BodyApplicationJsonType_Are_null", "Optional[V...) -->
                  <span class="method-name">runScenario</span>
                  <span class="parameters">("Verifying the UPDATE USER API putUser_valid_Username_BodyApplicationJsonType_Are_null", "Optional[Verify The CREATE , UPDATE, GET, DELETE APIs of User Service]")</span>
                  <div class="stack-trace">java.lang.AssertionError: Expected status code is not match with actual status code expected [400] but found [200]
	at com.cloudmore.listener.DryRunPlugin.stepFinished(DryRunPlugin.java:120)
	at io.cucumber.core.eventbus.AbstractEventPublisher.send(AbstractEventPublisher.java:51)
	at io.cucumber.core.eventbus.AbstractEventBus.send(AbstractEventBus.java:12)
	at io.cucumber.core.runtime.SynchronizedEventBus.send(SynchronizedEventBus.java:47)
	at io.cucumber.core.runtime.ThreadLocalRunnerSupplier$LocalEventBus.send(ThreadLocalRunnerSupplier.java:66)
	at io.cucumber.core.runner.TestStep.emitTestStepFinished(TestStep.java:124)
	at io.cucumber.core.runner.TestStep.run(TestStep.java:74)
	at io.cucumber.core.runner.PickleStepTestStep.run(PickleStepTestStep.java:51)
	at io.cucumber.core.runner.TestCase.run(TestCase.java:104)
	at io.cucumber.core.runner.Runner.runPickle(Runner.java:73)
	at io.cucumber.testng.TestNGCucumberRunner.lambda$runScenario$0(TestNGCucumberRunner.java:117)
	at io.cucumber.core.runtime.CucumberExecutionContext.runTestCase(CucumberExecutionContext.java:117)
	at io.cucumber.testng.TestNGCucumberRunner.runScenario(TestNGCucumberRunner.java:114)
	at io.cucumber.testng.AbstractTestNGCucumberTests.runScenario(AbstractTestNGCucumberTests.java:31)
	at java.base/java.util.ArrayList.forEach(ArrayList.java:1541)
	at java.base/java.util.concurrent.FutureTask.run(FutureTask.java:264)
	at java.base/java.util.concurrent.ThreadPoolExecutor.runWorker(ThreadPoolExecutor.java:1128)
	at java.base/java.util.concurrent.ThreadPoolExecutor$Worker.run(ThreadPoolExecutor.java:628)
	at java.base/java.lang.Thread.run(Thread.java:834)
... Removed 17 stack frames
</div> <!-- stack-trace -->
                  <em>
(Runs Cucumber Scenarios)                  </em>
                </div> <!-- method-content -->
              </div> <!-- method -->
              <div class="method">
                <div class="method-content">
                  <a name="runScenario(&quot;Verifying the CREATE USER API postUser_BodyDefined_Is_No&quot;, &quot;Optional[Verify The CREATE , UPDATE, GE...)">
                  </a> <!-- runScenario("Verifying the CREATE USER API postUser_BodyDefined_Is_No", "Optional[Verify The CREATE , UPDATE, GE...) -->
                  <span class="method-name">runScenario</span>
                  <span class="parameters">("Verifying the CREATE USER API postUser_BodyDefined_Is_No", "Optional[Verify The CREATE , UPDATE, GET, DELETE APIs of User Service]")</span>
                  <div class="stack-trace">java.lang.AssertionError: Expected status code is not match with actual status code expected [400] but found [405]
	at com.cloudmore.listener.DryRunPlugin.stepFinished(DryRunPlugin.java:120)
	at io.cucumber.core.eventbus.AbstractEventPublisher.send(AbstractEventPublisher.java:51)
	at io.cucumber.core.eventbus.AbstractEventBus.send(AbstractEventBus.java:12)
	at io.cucumber.core.runtime.SynchronizedEventBus.send(SynchronizedEventBus.java:47)
	at io.cucumber.core.runtime.ThreadLocalRunnerSupplier$LocalEventBus.send(ThreadLocalRunnerSupplier.java:66)
	at io.cucumber.core.runner.TestStep.emitTestStepFinished(TestStep.java:124)
	at io.cucumber.core.runner.TestStep.run(TestStep.java:74)
	at io.cucumber.core.runner.PickleStepTestStep.run(PickleStepTestStep.java:51)
	at io.cucumber.core.runner.TestCase.run(TestCase.java:104)
	at io.cucumber.core.runner.Runner.runPickle(Runner.java:73)
	at io.cucumber.testng.TestNGCucumberRunner.lambda$runScenario$0(TestNGCucumberRunner.java:117)
	at io.cucumber.core.runtime.CucumberExecutionContext.runTestCase(CucumberExecutionContext.java:117)
	at io.cucumber.testng.TestNGCucumberRunner.runScenario(TestNGCucumberRunner.java:114)
	at io.cucumber.testng.AbstractTestNGCucumberTests.runScenario(AbstractTestNGCucumberTests.java:31)
	at java.base/java.util.ArrayList.forEach(ArrayList.java:1541)
	at java.base/java.util.concurrent.FutureTask.run(FutureTask.java:264)
	at java.base/java.util.concurrent.ThreadPoolExecutor.runWorker(ThreadPoolExecutor.java:1128)
	at java.base/java.util.concurrent.ThreadPoolExecutor$Worker.run(ThreadPoolExecutor.java:628)
	at java.base/java.lang.Thread.run(Thread.java:834)
... Removed 18 stack frames
</div> <!-- stack-trace -->
                  <em>
(Runs Cucumber Scenarios)                  </em>
                </div> <!-- method-content -->
              </div> <!-- method -->
              <div class="method">
                <div class="method-content">
                  <a name="runScenario(&quot;Verifying the UPDATE USER API putUser_username_Is_Null_validBodyDefined_Is_Yes&quot;, &quot;Optional[Verify T...)">
                  </a> <!-- runScenario("Verifying the UPDATE USER API putUser_username_Is_Null_validBodyDefined_Is_Yes", "Optional[Verify T...) -->
                  <span class="method-name">runScenario</span>
                  <span class="parameters">("Verifying the UPDATE USER API putUser_username_Is_Null_validBodyDefined_Is_Yes", "Optional[Verify The CREATE , UPDATE, GET, DELETE APIs of User Service]")</span>
                  <div class="stack-trace">java.lang.AssertionError: 1 expectation failed.
Response body doesn&apos;t match expectation.
Expected: The content to match the given JSON schema.
error: object has missing required properties ([&quot;message&quot;])
    level: &quot;error&quot;
    schema: {&quot;loadingURI&quot;:&quot;#&quot;,&quot;pointer&quot;:&quot;&quot;}
    instance: {&quot;pointer&quot;:&quot;&quot;}
    domain: &quot;validation&quot;
    keyword: &quot;required&quot;
    required: [&quot;code&quot;,&quot;message&quot;,&quot;type&quot;]
    missing: [&quot;message&quot;]

  Actual: {&quot;code&quot;:405,&quot;type&quot;:&quot;unknown&quot;}

	at com.cloudmore.listener.DryRunPlugin.stepFinished(DryRunPlugin.java:120)
	at io.cucumber.core.eventbus.AbstractEventPublisher.send(AbstractEventPublisher.java:51)
	at io.cucumber.core.eventbus.AbstractEventBus.send(AbstractEventBus.java:12)
	at io.cucumber.core.runtime.SynchronizedEventBus.send(SynchronizedEventBus.java:47)
	at io.cucumber.core.runtime.ThreadLocalRunnerSupplier$LocalEventBus.send(ThreadLocalRunnerSupplier.java:66)
	at io.cucumber.core.runner.TestStep.emitTestStepFinished(TestStep.java:124)
	at io.cucumber.core.runner.TestStep.run(TestStep.java:74)
	at io.cucumber.core.runner.PickleStepTestStep.run(PickleStepTestStep.java:51)
	at io.cucumber.core.runner.TestCase.run(TestCase.java:104)
	at io.cucumber.core.runner.Runner.runPickle(Runner.java:73)
	at io.cucumber.testng.TestNGCucumberRunner.lambda$runScenario$0(TestNGCucumberRunner.java:117)
	at io.cucumber.core.runtime.CucumberExecutionContext.runTestCase(CucumberExecutionContext.java:117)
	at io.cucumber.testng.TestNGCucumberRunner.runScenario(TestNGCucumberRunner.java:114)
	at io.cucumber.testng.AbstractTestNGCucumberTests.runScenario(AbstractTestNGCucumberTests.java:31)
	at java.base/java.util.ArrayList.forEach(ArrayList.java:1541)
	at java.base/java.util.concurrent.FutureTask.run(FutureTask.java:264)
	at java.base/java.util.concurrent.ThreadPoolExecutor.runWorker(ThreadPoolExecutor.java:1128)
	at java.base/java.util.concurrent.ThreadPoolExecutor$Worker.run(ThreadPoolExecutor.java:628)
	at java.base/java.lang.Thread.run(Thread.java:834)
... Removed 17 stack frames
</div> <!-- stack-trace -->
                  <em>
(Runs Cucumber Scenarios)                  </em>
                </div> <!-- method-content -->
              </div> <!-- method -->
              <div class="method">
                <div class="method-content">
                  <a name="runScenario(&quot;Verifying the DELETE USER API deleteUser_username_Is_Null&quot;, &quot;Optional[Verify The CREATE , UPDATE, G...)">
                  </a> <!-- runScenario("Verifying the DELETE USER API deleteUser_username_Is_Null", "Optional[Verify The CREATE , UPDATE, G...) -->
                  <span class="method-name">runScenario</span>
                  <span class="parameters">("Verifying the DELETE USER API deleteUser_username_Is_Null", "Optional[Verify The CREATE , UPDATE, GET, DELETE APIs of User Service]")</span>
                  <div class="stack-trace">java.lang.AssertionError: 1 expectation failed.
Response body doesn&apos;t match expectation.
Expected: The content to match the given JSON schema.
error: object has missing required properties ([&quot;message&quot;])
    level: &quot;error&quot;
    schema: {&quot;loadingURI&quot;:&quot;#&quot;,&quot;pointer&quot;:&quot;&quot;}
    instance: {&quot;pointer&quot;:&quot;&quot;}
    domain: &quot;validation&quot;
    keyword: &quot;required&quot;
    required: [&quot;code&quot;,&quot;message&quot;,&quot;type&quot;]
    missing: [&quot;message&quot;]

  Actual: {&quot;code&quot;:405,&quot;type&quot;:&quot;unknown&quot;}

	at com.cloudmore.listener.DryRunPlugin.stepFinished(DryRunPlugin.java:120)
	at io.cucumber.core.eventbus.AbstractEventPublisher.send(AbstractEventPublisher.java:51)
	at io.cucumber.core.eventbus.AbstractEventBus.send(AbstractEventBus.java:12)
	at io.cucumber.core.runtime.SynchronizedEventBus.send(SynchronizedEventBus.java:47)
	at io.cucumber.core.runtime.ThreadLocalRunnerSupplier$LocalEventBus.send(ThreadLocalRunnerSupplier.java:66)
	at io.cucumber.core.runner.TestStep.emitTestStepFinished(TestStep.java:124)
	at io.cucumber.core.runner.TestStep.run(TestStep.java:74)
	at io.cucumber.core.runner.PickleStepTestStep.run(PickleStepTestStep.java:51)
	at io.cucumber.core.runner.TestCase.run(TestCase.java:104)
	at io.cucumber.core.runner.Runner.runPickle(Runner.java:73)
	at io.cucumber.testng.TestNGCucumberRunner.lambda$runScenario$0(TestNGCucumberRunner.java:117)
	at io.cucumber.core.runtime.CucumberExecutionContext.runTestCase(CucumberExecutionContext.java:117)
	at io.cucumber.testng.TestNGCucumberRunner.runScenario(TestNGCucumberRunner.java:114)
	at io.cucumber.testng.AbstractTestNGCucumberTests.runScenario(AbstractTestNGCucumberTests.java:31)
	at java.base/java.util.ArrayList.forEach(ArrayList.java:1541)
	at java.base/java.util.concurrent.FutureTask.run(FutureTask.java:264)
	at java.base/java.util.concurrent.ThreadPoolExecutor.runWorker(ThreadPoolExecutor.java:1128)
	at java.base/java.util.concurrent.ThreadPoolExecutor$Worker.run(ThreadPoolExecutor.java:628)
	at java.base/java.lang.Thread.run(Thread.java:834)
... Removed 17 stack frames
</div> <!-- stack-trace -->
                  <em>
(Runs Cucumber Scenarios)                  </em>
                </div> <!-- method-content -->
              </div> <!-- method -->
              <div class="method">
                <div class="method-content">
                  <a name="runScenario(&quot;Verifying the CREATE USER API postUser_BodyApplicationJsonValueProperties_Are_Null&quot;, &quot;Optional[Veri...)">
                  </a> <!-- runScenario("Verifying the CREATE USER API postUser_BodyApplicationJsonValueProperties_Are_Null", "Optional[Veri...) -->
                  <span class="method-name">runScenario</span>
                  <span class="parameters">("Verifying the CREATE USER API postUser_BodyApplicationJsonValueProperties_Are_Null", "Optional[Verify The CREATE , UPDATE, GET, DELETE APIs of User Service]")</span>
                  <div class="stack-trace">java.lang.AssertionError: Expected status code is not match with actual status code expected [400] but found [200]
	at com.cloudmore.listener.DryRunPlugin.stepFinished(DryRunPlugin.java:120)
	at io.cucumber.core.eventbus.AbstractEventPublisher.send(AbstractEventPublisher.java:51)
	at io.cucumber.core.eventbus.AbstractEventBus.send(AbstractEventBus.java:12)
	at io.cucumber.core.runtime.SynchronizedEventBus.send(SynchronizedEventBus.java:47)
	at io.cucumber.core.runtime.ThreadLocalRunnerSupplier$LocalEventBus.send(ThreadLocalRunnerSupplier.java:66)
	at io.cucumber.core.runner.TestStep.emitTestStepFinished(TestStep.java:124)
	at io.cucumber.core.runner.TestStep.run(TestStep.java:74)
	at io.cucumber.core.runner.PickleStepTestStep.run(PickleStepTestStep.java:51)
	at io.cucumber.core.runner.TestCase.run(TestCase.java:104)
	at io.cucumber.core.runner.Runner.runPickle(Runner.java:73)
	at io.cucumber.testng.TestNGCucumberRunner.lambda$runScenario$0(TestNGCucumberRunner.java:117)
	at io.cucumber.core.runtime.CucumberExecutionContext.runTestCase(CucumberExecutionContext.java:117)
	at io.cucumber.testng.TestNGCucumberRunner.runScenario(TestNGCucumberRunner.java:114)
	at io.cucumber.testng.AbstractTestNGCucumberTests.runScenario(AbstractTestNGCucumberTests.java:31)
	at java.base/java.util.ArrayList.forEach(ArrayList.java:1541)
	at java.base/java.util.concurrent.FutureTask.run(FutureTask.java:264)
	at java.base/java.util.concurrent.ThreadPoolExecutor.runWorker(ThreadPoolExecutor.java:1128)
	at java.base/java.util.concurrent.ThreadPoolExecutor$Worker.run(ThreadPoolExecutor.java:628)
	at java.base/java.lang.Thread.run(Thread.java:834)
... Removed 18 stack frames
</div> <!-- stack-trace -->
                  <em>
(Runs Cucumber Scenarios)                  </em>
                </div> <!-- method-content -->
              </div> <!-- method -->
              <div class="method">
                <div class="method-content">
                  <a name="runScenario(&quot;Verifying the GET USER API getUser_valid_usernameDefined_Is_Yes&quot;, &quot;Optional[Verify The CREATE , UPD...)">
                  </a> <!-- runScenario("Verifying the GET USER API getUser_valid_usernameDefined_Is_Yes", "Optional[Verify The CREATE , UPD...) -->
                  <span class="method-name">runScenario</span>
                  <span class="parameters">("Verifying the GET USER API getUser_valid_usernameDefined_Is_Yes", "Optional[Verify The CREATE , UPDATE, GET, DELETE APIs of User Service]")</span>
                  <div class="stack-trace">java.lang.AssertionError: Expected Response is not match with actual Response body expected [{
  &quot;id&quot;: 122,
  &quot;username&quot;: &quot;AkilaTEST&quot;,
  &quot;firstName&quot;: &quot;Dhanushaka&quot;,
  &quot;lastName&quot;: &quot;Samaranayake&quot;,
  &quot;email&quot;: &quot;akila@email.com&quot;,
  &quot;password&quot;: &quot;testPassword&quot;,
  &quot;phone&quot;: &quot;+94717147499&quot;,
  &quot;userStatus&quot;: 1
}] but found [{
    &quot;id&quot;: 122,
    &quot;username&quot;: &quot;AkilaTEST&quot;,
    &quot;firstName&quot;: &quot;Dhanushaka&quot;,
    &quot;lastName&quot;: &quot;Samaranayake&quot;,
    &quot;email&quot;: &quot;akila@email.com&quot;,
    &quot;password&quot;: &quot;testPassword&quot;,
    &quot;phone&quot;: &quot;+94717147499&quot;,
    &quot;userStatus&quot;: 1
}]
	at com.cloudmore.listener.DryRunPlugin.stepFinished(DryRunPlugin.java:120)
	at io.cucumber.core.eventbus.AbstractEventPublisher.send(AbstractEventPublisher.java:51)
	at io.cucumber.core.eventbus.AbstractEventBus.send(AbstractEventBus.java:12)
	at io.cucumber.core.runtime.SynchronizedEventBus.send(SynchronizedEventBus.java:47)
	at io.cucumber.core.runtime.ThreadLocalRunnerSupplier$LocalEventBus.send(ThreadLocalRunnerSupplier.java:66)
	at io.cucumber.core.runner.TestStep.emitTestStepFinished(TestStep.java:124)
	at io.cucumber.core.runner.TestStep.run(TestStep.java:74)
	at io.cucumber.core.runner.PickleStepTestStep.run(PickleStepTestStep.java:51)
	at io.cucumber.core.runner.TestCase.run(TestCase.java:104)
	at io.cucumber.core.runner.Runner.runPickle(Runner.java:73)
	at io.cucumber.testng.TestNGCucumberRunner.lambda$runScenario$0(TestNGCucumberRunner.java:117)
	at io.cucumber.core.runtime.CucumberExecutionContext.runTestCase(CucumberExecutionContext.java:117)
	at io.cucumber.testng.TestNGCucumberRunner.runScenario(TestNGCucumberRunner.java:114)
	at io.cucumber.testng.AbstractTestNGCucumberTests.runScenario(AbstractTestNGCucumberTests.java:31)
	at java.base/java.util.ArrayList.forEach(ArrayList.java:1541)
	at java.base/java.util.concurrent.FutureTask.run(FutureTask.java:264)
	at java.base/java.util.concurrent.ThreadPoolExecutor.runWorker(ThreadPoolExecutor.java:1128)
	at java.base/java.util.concurrent.ThreadPoolExecutor$Worker.run(ThreadPoolExecutor.java:628)
	at java.base/java.lang.Thread.run(Thread.java:834)
... Removed 18 stack frames
</div> <!-- stack-trace -->
                  <em>
(Runs Cucumber Scenarios)                  </em>
                </div> <!-- method-content -->
              </div> <!-- method -->
              <div class="method">
                <div class="method-content">
                  <a name="runScenario(&quot;Verifying the UPDATE USER API putUser_invalid_Username_validBodyDefined_Is_Yes&quot;, &quot;Optional[Verify T...)">
                  </a> <!-- runScenario("Verifying the UPDATE USER API putUser_invalid_Username_validBodyDefined_Is_Yes", "Optional[Verify T...) -->
                  <span class="method-name">runScenario</span>
                  <span class="parameters">("Verifying the UPDATE USER API putUser_invalid_Username_validBodyDefined_Is_Yes", "Optional[Verify The CREATE , UPDATE, GET, DELETE APIs of User Service]")</span>
                  <div class="stack-trace">java.lang.AssertionError: Expected status code is not match with actual status code expected [404] but found [200]
	at com.cloudmore.listener.DryRunPlugin.stepFinished(DryRunPlugin.java:120)
	at io.cucumber.core.eventbus.AbstractEventPublisher.send(AbstractEventPublisher.java:51)
	at io.cucumber.core.eventbus.AbstractEventBus.send(AbstractEventBus.java:12)
	at io.cucumber.core.runtime.SynchronizedEventBus.send(SynchronizedEventBus.java:47)
	at io.cucumber.core.runtime.ThreadLocalRunnerSupplier$LocalEventBus.send(ThreadLocalRunnerSupplier.java:66)
	at io.cucumber.core.runner.TestStep.emitTestStepFinished(TestStep.java:124)
	at io.cucumber.core.runner.TestStep.run(TestStep.java:74)
	at io.cucumber.core.runner.PickleStepTestStep.run(PickleStepTestStep.java:51)
	at io.cucumber.core.runner.TestCase.run(TestCase.java:104)
	at io.cucumber.core.runner.Runner.runPickle(Runner.java:73)
	at io.cucumber.testng.TestNGCucumberRunner.lambda$runScenario$0(TestNGCucumberRunner.java:117)
	at io.cucumber.core.runtime.CucumberExecutionContext.runTestCase(CucumberExecutionContext.java:117)
	at io.cucumber.testng.TestNGCucumberRunner.runScenario(TestNGCucumberRunner.java:114)
	at io.cucumber.testng.AbstractTestNGCucumberTests.runScenario(AbstractTestNGCucumberTests.java:31)
	at java.base/java.util.ArrayList.forEach(ArrayList.java:1541)
	at java.base/java.util.concurrent.FutureTask.run(FutureTask.java:264)
	at java.base/java.util.concurrent.ThreadPoolExecutor.runWorker(ThreadPoolExecutor.java:1128)
	at java.base/java.util.concurrent.ThreadPoolExecutor$Worker.run(ThreadPoolExecutor.java:628)
	at java.base/java.lang.Thread.run(Thread.java:834)
... Removed 17 stack frames
</div> <!-- stack-trace -->
                  <em>
(Runs Cucumber Scenarios)                  </em>
                </div> <!-- method-content -->
              </div> <!-- method -->
            </div> <!-- main-panel-content rounded-window-bottom -->
          </div> <!-- suite-TestSuite_Cloudmore_Automation_Assignment-class-failed -->
          <div class="suite-TestSuite_Cloudmore_Automation_Assignment-class-skipped">
            <div class="main-panel-header rounded-window-top">
              <img src="skipped.png"/>
              <span class="class-name">com.cloudmore.runner.TestRunner</span>
            </div> <!-- main-panel-header rounded-window-top -->
            <div class="main-panel-content rounded-window-bottom">
              <div class="method">
                <div class="method-content">
                  <a name="runScenario(&quot;Verifying the UPDATE USER API putUser_invalid_Username_validBodyDefined_Is_Yes&quot;, &quot;Optional[Verify T...)">
                  </a> <!-- runScenario("Verifying the UPDATE USER API putUser_invalid_Username_validBodyDefined_Is_Yes", "Optional[Verify T...) -->
                  <span class="method-name">runScenario</span>
                  <span class="parameters">("Verifying the UPDATE USER API putUser_invalid_Username_validBodyDefined_Is_Yes", "Optional[Verify The CREATE , UPDATE, GET, DELETE APIs of User Service]")</span>
                  <div class="stack-trace">java.lang.AssertionError: Expected status code is not match with actual status code expected [404] but found [200]
	at com.cloudmore.listener.DryRunPlugin.stepFinished(DryRunPlugin.java:120)
	at io.cucumber.core.eventbus.AbstractEventPublisher.send(AbstractEventPublisher.java:51)
	at io.cucumber.core.eventbus.AbstractEventBus.send(AbstractEventBus.java:12)
	at io.cucumber.core.runtime.SynchronizedEventBus.send(SynchronizedEventBus.java:47)
	at io.cucumber.core.runtime.ThreadLocalRunnerSupplier$LocalEventBus.send(ThreadLocalRunnerSupplier.java:66)
	at io.cucumber.core.runner.TestStep.emitTestStepFinished(TestStep.java:124)
	at io.cucumber.core.runner.TestStep.run(TestStep.java:74)
	at io.cucumber.core.runner.PickleStepTestStep.run(PickleStepTestStep.java:51)
	at io.cucumber.core.runner.TestCase.run(TestCase.java:104)
	at io.cucumber.core.runner.Runner.runPickle(Runner.java:73)
	at io.cucumber.testng.TestNGCucumberRunner.lambda$runScenario$0(TestNGCucumberRunner.java:117)
	at io.cucumber.core.runtime.CucumberExecutionContext.runTestCase(CucumberExecutionContext.java:117)
	at io.cucumber.testng.TestNGCucumberRunner.runScenario(TestNGCucumberRunner.java:114)
	at io.cucumber.testng.AbstractTestNGCucumberTests.runScenario(AbstractTestNGCucumberTests.java:31)
	at java.base/java.util.ArrayList.forEach(ArrayList.java:1541)
	at java.base/java.util.concurrent.FutureTask.run(FutureTask.java:264)
	at java.base/java.util.concurrent.ThreadPoolExecutor.runWorker(ThreadPoolExecutor.java:1128)
	at java.base/java.util.concurrent.ThreadPoolExecutor$Worker.run(ThreadPoolExecutor.java:628)
	at java.base/java.lang.Thread.run(Thread.java:834)
... Removed 17 stack frames
</div> <!-- stack-trace -->
                  <em>
(Runs Cucumber Scenarios)                  </em>
                </div> <!-- method-content -->
              </div> <!-- method -->
              <div class="method">
                <div class="method-content">
                  <a name="runScenario(&quot;Verifying the DELETE USER API deleteUser_invalid_usernameDefined_Is_Yes_with_special_characters&quot;, &quot;...)">
                  </a> <!-- runScenario("Verifying the DELETE USER API deleteUser_invalid_usernameDefined_Is_Yes_with_special_characters", "...) -->
                  <span class="method-name">runScenario</span>
                  <span class="parameters">("Verifying the DELETE USER API deleteUser_invalid_usernameDefined_Is_Yes_with_special_characters", "Optional[Verify The CREATE , UPDATE, GET, DELETE APIs of User Service]")</span>
                  <div class="stack-trace">java.lang.AssertionError: Got exception when trying to validate the schema files
	at com.cloudmore.listener.DryRunPlugin.stepFinished(DryRunPlugin.java:120)
	at io.cucumber.core.eventbus.AbstractEventPublisher.send(AbstractEventPublisher.java:51)
	at io.cucumber.core.eventbus.AbstractEventBus.send(AbstractEventBus.java:12)
	at io.cucumber.core.runtime.SynchronizedEventBus.send(SynchronizedEventBus.java:47)
	at io.cucumber.core.runtime.ThreadLocalRunnerSupplier$LocalEventBus.send(ThreadLocalRunnerSupplier.java:66)
	at io.cucumber.core.runner.TestStep.emitTestStepFinished(TestStep.java:124)
	at io.cucumber.core.runner.TestStep.run(TestStep.java:74)
	at io.cucumber.core.runner.PickleStepTestStep.run(PickleStepTestStep.java:51)
	at io.cucumber.core.runner.TestCase.run(TestCase.java:104)
	at io.cucumber.core.runner.Runner.runPickle(Runner.java:73)
	at io.cucumber.testng.TestNGCucumberRunner.lambda$runScenario$0(TestNGCucumberRunner.java:117)
	at io.cucumber.core.runtime.CucumberExecutionContext.runTestCase(CucumberExecutionContext.java:117)
	at io.cucumber.testng.TestNGCucumberRunner.runScenario(TestNGCucumberRunner.java:114)
	at io.cucumber.testng.AbstractTestNGCucumberTests.runScenario(AbstractTestNGCucumberTests.java:31)
	at java.base/java.util.ArrayList.forEach(ArrayList.java:1541)
	at java.base/java.util.concurrent.FutureTask.run(FutureTask.java:264)
	at java.base/java.util.concurrent.ThreadPoolExecutor.runWorker(ThreadPoolExecutor.java:1128)
	at java.base/java.util.concurrent.ThreadPoolExecutor$Worker.run(ThreadPoolExecutor.java:628)
	at java.base/java.lang.Thread.run(Thread.java:834)
Caused by: io.restassured.module.jsv.JsonSchemaValidationException: com.fasterxml.jackson.core.JsonParseException: no JSON Text to read from input
 at [Source: (StringReader); line: 1, column: 1]
	at io.restassured.module.jsv.JsonSchemaValidator.matchesSafely(JsonSchemaValidator.java:233)
	at io.restassured.module.jsv.JsonSchemaValidator.matchesSafely(JsonSchemaValidator.java:75)
	at org.hamcrest.TypeSafeMatcher.matches(TypeSafeMatcher.java:67)
	at org.hamcrest.Matcher$matches.call(Unknown Source)
	at io.restassured.assertion.BodyMatcher.validate(BodyMatcher.groovy:76)
	at io.restassured.assertion.BodyMatcher$validate$0.call(Unknown Source)
	at io.restassured.assertion.BodyMatcherGroup$_validate_closure2.doCall(BodyMatcherGroup.groovy:47)
	at groovy.lang.MetaMethod.doMethodInvoke(MetaMethod.java:323)
	at org.codehaus.groovy.runtime.metaclass.ClosureMetaClass.invokeMethod(ClosureMetaClass.java:263)
	at groovy.lang.MetaClassImpl.invokeMethod(MetaClassImpl.java:1035)
	at groovy.lang.Closure.call(Closure.java:412)
	at groovy.lang.Closure.call(Closure.java:428)
	at org.codehaus.groovy.runtime.DefaultGroovyMethods.collect(DefaultGroovyMethods.java:3575)
	at org.codehaus.groovy.runtime.DefaultGroovyMethods.collect(DefaultGroovyMethods.java:3560)
	at org.codehaus.groovy.runtime.DefaultGroovyMethods.collect(DefaultGroovyMethods.java:3660)
	at org.codehaus.groovy.runtime.dgm$101.invoke(Unknown Source)
	at org.codehaus.groovy.runtime.callsite.PojoMetaMethodSite$PojoMetaMethodSiteNoUnwrapNoCoerce.invoke(PojoMetaMethodSite.java:247)
	at org.codehaus.groovy.runtime.callsite.PojoMetaMethodSite.call(PojoMetaMethodSite.java:56)
	at org.codehaus.groovy.runtime.callsite.AbstractCallSite.call(AbstractCallSite.java:139)
	at io.restassured.assertion.BodyMatcherGroup.validate(BodyMatcherGroup.groovy:47)
	at io.restassured.assertion.BodyMatcherGroup$validate$3.call(Unknown Source)
	at io.restassured.internal.ResponseSpecificationImpl$HamcrestAssertionClosure.validate(ResponseSpecificationImpl.groovy:480)
	at io.restassured.internal.ResponseSpecificationImpl$HamcrestAssertionClosure$validate$1.call(Unknown Source)
	at io.restassured.internal.ResponseSpecificationImpl.validateResponseIfRequired(ResponseSpecificationImpl.groovy:674)
	at org.codehaus.groovy.runtime.callsite.PlainObjectMetaMethodSite.doInvoke(PlainObjectMetaMethodSite.java:43)
	at org.codehaus.groovy.runtime.callsite.PogoMetaMethodSite$PogoCachedMethodSiteNoUnwrapNoCoerce.invoke(PogoMetaMethodSite.java:193)
	at org.codehaus.groovy.runtime.callsite.PogoMetaMethodSite.callCurrent(PogoMetaMethodSite.java:61)
	at org.codehaus.groovy.runtime.callsite.AbstractCallSite.callCurrent(AbstractCallSite.java:185)
	at io.restassured.internal.ResponseSpecificationImpl.body(ResponseSpecificationImpl.groovy:98)
	at io.restassured.internal.ValidatableResponseOptionsImpl.body(ValidatableResponseOptionsImpl.java:238)
	at io.restassured.internal.ValidatableResponseImpl.super$2$body(ValidatableResponseImpl.groovy)
	at groovy.lang.MetaMethod.doMethodInvoke(MetaMethod.java:323)
	at groovy.lang.MetaClassImpl.invokeMethod(MetaClassImpl.java:1268)
	at org.codehaus.groovy.runtime.ScriptBytecodeAdapter.invokeMethodOnSuperN(ScriptBytecodeAdapter.java:144)
	at io.restassured.internal.ValidatableResponseImpl.body(ValidatableResponseImpl.groovy:293)
	at io.restassured.internal.ValidatableResponseImpl.body(ValidatableResponseImpl.groovy)
	at com.cloudmore.testSteps.api.UserServiceSteps.validate_json_schema(UserServiceSteps.java:104)
	at io.cucumber.java.Invoker.doInvoke(Invoker.java:66)
	at io.cucumber.java.Invoker.invoke(Invoker.java:24)
	at io.cucumber.java.AbstractGlueDefinition.invokeMethod(AbstractGlueDefinition.java:47)
	at io.cucumber.java.JavaStepDefinition.execute(JavaStepDefinition.java:29)
	at io.cucumber.core.runner.CoreStepDefinition.execute(CoreStepDefinition.java:66)
	at io.cucumber.core.runner.PickleStepDefinitionMatch.runStep(PickleStepDefinitionMatch.java:63)
	at io.cucumber.core.runner.ExecutionMode$1.execute(ExecutionMode.java:10)
	at io.cucumber.core.runner.TestStep.executeStep(TestStep.java:92)
	at io.cucumber.core.runner.TestStep.run(TestStep.java:64)
	... 29 more
Caused by: com.fasterxml.jackson.core.JsonParseException: no JSON Text to read from input
 at [Source: (StringReader); line: 1, column: 1]
	at com.github.fge.jackson.JsonNodeReader$JsonParseExceptionBuilder.build(JsonNodeReader.java:198)
	at com.github.fge.jackson.JsonNodeReader.readNode(JsonNodeReader.java:150)
	at com.github.fge.jackson.JsonNodeReader.fromReader(JsonNodeReader.java:129)
	at com.github.fge.jackson.JsonLoader.fromReader(JsonLoader.java:186)
	at com.github.fge.jackson.JsonLoader.fromString(JsonLoader.java:199)
	at io.restassured.module.jsv.JsonSchemaValidator.matchesSafely(JsonSchemaValidator.java:214)
	... 88 more
... Removed 31 stack frames
</div> <!-- stack-trace -->
                  <em>
(Runs Cucumber Scenarios)                  </em>
                </div> <!-- method-content -->
              </div> <!-- method -->
              <div class="method">
                <div class="method-content">
                  <a name="runScenario(&quot;Verifying the CREATE USER API postUser_BodyDefined_Is_No&quot;, &quot;Optional[Verify The CREATE , UPDATE, GE...)">
                  </a> <!-- runScenario("Verifying the CREATE USER API postUser_BodyDefined_Is_No", "Optional[Verify The CREATE , UPDATE, GE...) -->
                  <span class="method-name">runScenario</span>
                  <span class="parameters">("Verifying the CREATE USER API postUser_BodyDefined_Is_No", "Optional[Verify The CREATE , UPDATE, GET, DELETE APIs of User Service]")</span>
                  <div class="stack-trace">java.lang.AssertionError: Expected status code is not match with actual status code expected [400] but found [405]
	at com.cloudmore.listener.DryRunPlugin.stepFinished(DryRunPlugin.java:120)
	at io.cucumber.core.eventbus.AbstractEventPublisher.send(AbstractEventPublisher.java:51)
	at io.cucumber.core.eventbus.AbstractEventBus.send(AbstractEventBus.java:12)
	at io.cucumber.core.runtime.SynchronizedEventBus.send(SynchronizedEventBus.java:47)
	at io.cucumber.core.runtime.ThreadLocalRunnerSupplier$LocalEventBus.send(ThreadLocalRunnerSupplier.java:66)
	at io.cucumber.core.runner.TestStep.emitTestStepFinished(TestStep.java:124)
	at io.cucumber.core.runner.TestStep.run(TestStep.java:74)
	at io.cucumber.core.runner.PickleStepTestStep.run(PickleStepTestStep.java:51)
	at io.cucumber.core.runner.TestCase.run(TestCase.java:104)
	at io.cucumber.core.runner.Runner.runPickle(Runner.java:73)
	at io.cucumber.testng.TestNGCucumberRunner.lambda$runScenario$0(TestNGCucumberRunner.java:117)
	at io.cucumber.core.runtime.CucumberExecutionContext.runTestCase(CucumberExecutionContext.java:117)
	at io.cucumber.testng.TestNGCucumberRunner.runScenario(TestNGCucumberRunner.java:114)
	at io.cucumber.testng.AbstractTestNGCucumberTests.runScenario(AbstractTestNGCucumberTests.java:31)
	at java.base/java.util.ArrayList.forEach(ArrayList.java:1541)
	at java.base/java.util.concurrent.FutureTask.run(FutureTask.java:264)
	at java.base/java.util.concurrent.ThreadPoolExecutor.runWorker(ThreadPoolExecutor.java:1128)
	at java.base/java.util.concurrent.ThreadPoolExecutor$Worker.run(ThreadPoolExecutor.java:628)
	at java.base/java.lang.Thread.run(Thread.java:834)
... Removed 18 stack frames
</div> <!-- stack-trace -->
                  <em>
(Runs Cucumber Scenarios)                  </em>
                </div> <!-- method-content -->
              </div> <!-- method -->
              <div class="method">
                <div class="method-content">
                  <a name="runScenario(&quot;Verifying the GET USER API getUser_username_Is_Null&quot;, &quot;Optional[Verify The CREATE , UPDATE, GET, DE...)">
                  </a> <!-- runScenario("Verifying the GET USER API getUser_username_Is_Null", "Optional[Verify The CREATE , UPDATE, GET, DE...) -->
                  <span class="method-name">runScenario</span>
                  <span class="parameters">("Verifying the GET USER API getUser_username_Is_Null", "Optional[Verify The CREATE , UPDATE, GET, DELETE APIs of User Service]")</span>
                  <div class="stack-trace">java.lang.AssertionError: 1 expectation failed.
Response body doesn&apos;t match expectation.
Expected: The content to match the given JSON schema.
error: object has missing required properties ([&quot;message&quot;])
    level: &quot;error&quot;
    schema: {&quot;loadingURI&quot;:&quot;#&quot;,&quot;pointer&quot;:&quot;&quot;}
    instance: {&quot;pointer&quot;:&quot;&quot;}
    domain: &quot;validation&quot;
    keyword: &quot;required&quot;
    required: [&quot;code&quot;,&quot;message&quot;,&quot;type&quot;]
    missing: [&quot;message&quot;]

  Actual: {&quot;code&quot;:405,&quot;type&quot;:&quot;unknown&quot;}

	at com.cloudmore.listener.DryRunPlugin.stepFinished(DryRunPlugin.java:120)
	at io.cucumber.core.eventbus.AbstractEventPublisher.send(AbstractEventPublisher.java:51)
	at io.cucumber.core.eventbus.AbstractEventBus.send(AbstractEventBus.java:12)
	at io.cucumber.core.runtime.SynchronizedEventBus.send(SynchronizedEventBus.java:47)
	at io.cucumber.core.runtime.ThreadLocalRunnerSupplier$LocalEventBus.send(ThreadLocalRunnerSupplier.java:66)
	at io.cucumber.core.runner.TestStep.emitTestStepFinished(TestStep.java:124)
	at io.cucumber.core.runner.TestStep.run(TestStep.java:74)
	at io.cucumber.core.runner.PickleStepTestStep.run(PickleStepTestStep.java:51)
	at io.cucumber.core.runner.TestCase.run(TestCase.java:104)
	at io.cucumber.core.runner.Runner.runPickle(Runner.java:73)
	at io.cucumber.testng.TestNGCucumberRunner.lambda$runScenario$0(TestNGCucumberRunner.java:117)
	at io.cucumber.core.runtime.CucumberExecutionContext.runTestCase(CucumberExecutionContext.java:117)
	at io.cucumber.testng.TestNGCucumberRunner.runScenario(TestNGCucumberRunner.java:114)
	at io.cucumber.testng.AbstractTestNGCucumberTests.runScenario(AbstractTestNGCucumberTests.java:31)
	at java.base/java.util.ArrayList.forEach(ArrayList.java:1541)
	at java.base/java.util.concurrent.FutureTask.run(FutureTask.java:264)
	at java.base/java.util.concurrent.ThreadPoolExecutor.runWorker(ThreadPoolExecutor.java:1128)
	at java.base/java.util.concurrent.ThreadPoolExecutor$Worker.run(ThreadPoolExecutor.java:628)
	at java.base/java.lang.Thread.run(Thread.java:834)
... Removed 17 stack frames
</div> <!-- stack-trace -->
                  <em>
(Runs Cucumber Scenarios)                  </em>
                </div> <!-- method-content -->
              </div> <!-- method -->
              <div class="method">
                <div class="method-content">
                  <a name="runScenario(&quot;Verifying the DELETE USER API deleteUser_invalid_UsernameDefined_Is_Yes&quot;, &quot;Optional[Verify The CREA...)">
                  </a> <!-- runScenario("Verifying the DELETE USER API deleteUser_invalid_UsernameDefined_Is_Yes", "Optional[Verify The CREA...) -->
                  <span class="method-name">runScenario</span>
                  <span class="parameters">("Verifying the DELETE USER API deleteUser_invalid_UsernameDefined_Is_Yes", "Optional[Verify The CREATE , UPDATE, GET, DELETE APIs of User Service]")</span>
                  <div class="stack-trace">java.lang.AssertionError: Got exception when trying to validate the schema files
	at com.cloudmore.listener.DryRunPlugin.stepFinished(DryRunPlugin.java:120)
	at io.cucumber.core.eventbus.AbstractEventPublisher.send(AbstractEventPublisher.java:51)
	at io.cucumber.core.eventbus.AbstractEventBus.send(AbstractEventBus.java:12)
	at io.cucumber.core.runtime.SynchronizedEventBus.send(SynchronizedEventBus.java:47)
	at io.cucumber.core.runtime.ThreadLocalRunnerSupplier$LocalEventBus.send(ThreadLocalRunnerSupplier.java:66)
	at io.cucumber.core.runner.TestStep.emitTestStepFinished(TestStep.java:124)
	at io.cucumber.core.runner.TestStep.run(TestStep.java:74)
	at io.cucumber.core.runner.PickleStepTestStep.run(PickleStepTestStep.java:51)
	at io.cucumber.core.runner.TestCase.run(TestCase.java:104)
	at io.cucumber.core.runner.Runner.runPickle(Runner.java:73)
	at io.cucumber.testng.TestNGCucumberRunner.lambda$runScenario$0(TestNGCucumberRunner.java:117)
	at io.cucumber.core.runtime.CucumberExecutionContext.runTestCase(CucumberExecutionContext.java:117)
	at io.cucumber.testng.TestNGCucumberRunner.runScenario(TestNGCucumberRunner.java:114)
	at io.cucumber.testng.AbstractTestNGCucumberTests.runScenario(AbstractTestNGCucumberTests.java:31)
	at java.base/java.util.ArrayList.forEach(ArrayList.java:1541)
	at java.base/java.util.concurrent.FutureTask.run(FutureTask.java:264)
	at java.base/java.util.concurrent.ThreadPoolExecutor.runWorker(ThreadPoolExecutor.java:1128)
	at java.base/java.util.concurrent.ThreadPoolExecutor$Worker.run(ThreadPoolExecutor.java:628)
	at java.base/java.lang.Thread.run(Thread.java:834)
Caused by: io.restassured.module.jsv.JsonSchemaValidationException: com.fasterxml.jackson.core.JsonParseException: no JSON Text to read from input
 at [Source: (StringReader); line: 1, column: 1]
	at io.restassured.module.jsv.JsonSchemaValidator.matchesSafely(JsonSchemaValidator.java:233)
	at io.restassured.module.jsv.JsonSchemaValidator.matchesSafely(JsonSchemaValidator.java:75)
	at org.hamcrest.TypeSafeMatcher.matches(TypeSafeMatcher.java:67)
	at org.hamcrest.Matcher$matches.call(Unknown Source)
	at io.restassured.assertion.BodyMatcher.validate(BodyMatcher.groovy:76)
	at io.restassured.assertion.BodyMatcher$validate$0.call(Unknown Source)
	at io.restassured.assertion.BodyMatcherGroup$_validate_closure2.doCall(BodyMatcherGroup.groovy:47)
	at groovy.lang.MetaMethod.doMethodInvoke(MetaMethod.java:323)
	at org.codehaus.groovy.runtime.metaclass.ClosureMetaClass.invokeMethod(ClosureMetaClass.java:263)
	at groovy.lang.MetaClassImpl.invokeMethod(MetaClassImpl.java:1035)
	at groovy.lang.Closure.call(Closure.java:412)
	at groovy.lang.Closure.call(Closure.java:428)
	at org.codehaus.groovy.runtime.DefaultGroovyMethods.collect(DefaultGroovyMethods.java:3575)
	at org.codehaus.groovy.runtime.DefaultGroovyMethods.collect(DefaultGroovyMethods.java:3560)
	at org.codehaus.groovy.runtime.DefaultGroovyMethods.collect(DefaultGroovyMethods.java:3660)
	at org.codehaus.groovy.runtime.dgm$101.invoke(Unknown Source)
	at org.codehaus.groovy.runtime.callsite.PojoMetaMethodSite$PojoMetaMethodSiteNoUnwrapNoCoerce.invoke(PojoMetaMethodSite.java:247)
	at org.codehaus.groovy.runtime.callsite.PojoMetaMethodSite.call(PojoMetaMethodSite.java:56)
	at org.codehaus.groovy.runtime.callsite.AbstractCallSite.call(AbstractCallSite.java:139)
	at io.restassured.assertion.BodyMatcherGroup.validate(BodyMatcherGroup.groovy:47)
	at io.restassured.assertion.BodyMatcherGroup$validate$3.call(Unknown Source)
	at io.restassured.internal.ResponseSpecificationImpl$HamcrestAssertionClosure.validate(ResponseSpecificationImpl.groovy:480)
	at io.restassured.internal.ResponseSpecificationImpl$HamcrestAssertionClosure$validate$1.call(Unknown Source)
	at io.restassured.internal.ResponseSpecificationImpl.validateResponseIfRequired(ResponseSpecificationImpl.groovy:674)
	at org.codehaus.groovy.runtime.callsite.PlainObjectMetaMethodSite.doInvoke(PlainObjectMetaMethodSite.java:43)
	at org.codehaus.groovy.runtime.callsite.PogoMetaMethodSite$PogoCachedMethodSiteNoUnwrapNoCoerce.invoke(PogoMetaMethodSite.java:193)
	at org.codehaus.groovy.runtime.callsite.PogoMetaMethodSite.callCurrent(PogoMetaMethodSite.java:61)
	at org.codehaus.groovy.runtime.callsite.AbstractCallSite.callCurrent(AbstractCallSite.java:185)
	at io.restassured.internal.ResponseSpecificationImpl.body(ResponseSpecificationImpl.groovy:98)
	at io.restassured.internal.ValidatableResponseOptionsImpl.body(ValidatableResponseOptionsImpl.java:238)
	at io.restassured.internal.ValidatableResponseImpl.super$2$body(ValidatableResponseImpl.groovy)
	at groovy.lang.MetaMethod.doMethodInvoke(MetaMethod.java:323)
	at groovy.lang.MetaClassImpl.invokeMethod(MetaClassImpl.java:1268)
	at org.codehaus.groovy.runtime.ScriptBytecodeAdapter.invokeMethodOnSuperN(ScriptBytecodeAdapter.java:144)
	at io.restassured.internal.ValidatableResponseImpl.body(ValidatableResponseImpl.groovy:293)
	at io.restassured.internal.ValidatableResponseImpl.body(ValidatableResponseImpl.groovy)
	at com.cloudmore.testSteps.api.UserServiceSteps.validate_json_schema(UserServiceSteps.java:104)
	at io.cucumber.java.Invoker.doInvoke(Invoker.java:66)
	at io.cucumber.java.Invoker.invoke(Invoker.java:24)
	at io.cucumber.java.AbstractGlueDefinition.invokeMethod(AbstractGlueDefinition.java:47)
	at io.cucumber.java.JavaStepDefinition.execute(JavaStepDefinition.java:29)
	at io.cucumber.core.runner.CoreStepDefinition.execute(CoreStepDefinition.java:66)
	at io.cucumber.core.runner.PickleStepDefinitionMatch.runStep(PickleStepDefinitionMatch.java:63)
	at io.cucumber.core.runner.ExecutionMode$1.execute(ExecutionMode.java:10)
	at io.cucumber.core.runner.TestStep.executeStep(TestStep.java:92)
	at io.cucumber.core.runner.TestStep.run(TestStep.java:64)
	... 29 more
Caused by: com.fasterxml.jackson.core.JsonParseException: no JSON Text to read from input
 at [Source: (StringReader); line: 1, column: 1]
	at com.github.fge.jackson.JsonNodeReader$JsonParseExceptionBuilder.build(JsonNodeReader.java:198)
	at com.github.fge.jackson.JsonNodeReader.readNode(JsonNodeReader.java:150)
	at com.github.fge.jackson.JsonNodeReader.fromReader(JsonNodeReader.java:129)
	at com.github.fge.jackson.JsonLoader.fromReader(JsonLoader.java:186)
	at com.github.fge.jackson.JsonLoader.fromString(JsonLoader.java:199)
	at io.restassured.module.jsv.JsonSchemaValidator.matchesSafely(JsonSchemaValidator.java:214)
	... 88 more
... Removed 31 stack frames
</div> <!-- stack-trace -->
                  <em>
(Runs Cucumber Scenarios)                  </em>
                </div> <!-- method-content -->
              </div> <!-- method -->
              <div class="method">
                <div class="method-content">
                  <a name="runScenario(&quot;Verifying the UPDATE USER API putUser_username_Is_Null_validBodyDefined_Is_Yes&quot;, &quot;Optional[Verify T...)">
                  </a> <!-- runScenario("Verifying the UPDATE USER API putUser_username_Is_Null_validBodyDefined_Is_Yes", "Optional[Verify T...) -->
                  <span class="method-name">runScenario</span>
                  <span class="parameters">("Verifying the UPDATE USER API putUser_username_Is_Null_validBodyDefined_Is_Yes", "Optional[Verify The CREATE , UPDATE, GET, DELETE APIs of User Service]")</span>
                  <div class="stack-trace">java.lang.AssertionError: 1 expectation failed.
Response body doesn&apos;t match expectation.
Expected: The content to match the given JSON schema.
error: object has missing required properties ([&quot;message&quot;])
    level: &quot;error&quot;
    schema: {&quot;loadingURI&quot;:&quot;#&quot;,&quot;pointer&quot;:&quot;&quot;}
    instance: {&quot;pointer&quot;:&quot;&quot;}
    domain: &quot;validation&quot;
    keyword: &quot;required&quot;
    required: [&quot;code&quot;,&quot;message&quot;,&quot;type&quot;]
    missing: [&quot;message&quot;]

  Actual: {&quot;code&quot;:405,&quot;type&quot;:&quot;unknown&quot;}

	at com.cloudmore.listener.DryRunPlugin.stepFinished(DryRunPlugin.java:120)
	at io.cucumber.core.eventbus.AbstractEventPublisher.send(AbstractEventPublisher.java:51)
	at io.cucumber.core.eventbus.AbstractEventBus.send(AbstractEventBus.java:12)
	at io.cucumber.core.runtime.SynchronizedEventBus.send(SynchronizedEventBus.java:47)
	at io.cucumber.core.runtime.ThreadLocalRunnerSupplier$LocalEventBus.send(ThreadLocalRunnerSupplier.java:66)
	at io.cucumber.core.runner.TestStep.emitTestStepFinished(TestStep.java:124)
	at io.cucumber.core.runner.TestStep.run(TestStep.java:74)
	at io.cucumber.core.runner.PickleStepTestStep.run(PickleStepTestStep.java:51)
	at io.cucumber.core.runner.TestCase.run(TestCase.java:104)
	at io.cucumber.core.runner.Runner.runPickle(Runner.java:73)
	at io.cucumber.testng.TestNGCucumberRunner.lambda$runScenario$0(TestNGCucumberRunner.java:117)
	at io.cucumber.core.runtime.CucumberExecutionContext.runTestCase(CucumberExecutionContext.java:117)
	at io.cucumber.testng.TestNGCucumberRunner.runScenario(TestNGCucumberRunner.java:114)
	at io.cucumber.testng.AbstractTestNGCucumberTests.runScenario(AbstractTestNGCucumberTests.java:31)
	at java.base/java.util.ArrayList.forEach(ArrayList.java:1541)
	at java.base/java.util.concurrent.FutureTask.run(FutureTask.java:264)
	at java.base/java.util.concurrent.ThreadPoolExecutor.runWorker(ThreadPoolExecutor.java:1128)
	at java.base/java.util.concurrent.ThreadPoolExecutor$Worker.run(ThreadPoolExecutor.java:628)
	at java.base/java.lang.Thread.run(Thread.java:834)
... Removed 17 stack frames
</div> <!-- stack-trace -->
                  <em>
(Runs Cucumber Scenarios)                  </em>
                </div> <!-- method-content -->
              </div> <!-- method -->
              <div class="method">
                <div class="method-content">
                  <a name="runScenario(&quot;Verifying the DELETE USER API deleteUser_username_Is_Null&quot;, &quot;Optional[Verify The CREATE , UPDATE, G...)">
                  </a> <!-- runScenario("Verifying the DELETE USER API deleteUser_username_Is_Null", "Optional[Verify The CREATE , UPDATE, G...) -->
                  <span class="method-name">runScenario</span>
                  <span class="parameters">("Verifying the DELETE USER API deleteUser_username_Is_Null", "Optional[Verify The CREATE , UPDATE, GET, DELETE APIs of User Service]")</span>
                  <div class="stack-trace">java.lang.AssertionError: 1 expectation failed.
Response body doesn&apos;t match expectation.
Expected: The content to match the given JSON schema.
error: object has missing required properties ([&quot;message&quot;])
    level: &quot;error&quot;
    schema: {&quot;loadingURI&quot;:&quot;#&quot;,&quot;pointer&quot;:&quot;&quot;}
    instance: {&quot;pointer&quot;:&quot;&quot;}
    domain: &quot;validation&quot;
    keyword: &quot;required&quot;
    required: [&quot;code&quot;,&quot;message&quot;,&quot;type&quot;]
    missing: [&quot;message&quot;]

  Actual: {&quot;code&quot;:405,&quot;type&quot;:&quot;unknown&quot;}

	at com.cloudmore.listener.DryRunPlugin.stepFinished(DryRunPlugin.java:120)
	at io.cucumber.core.eventbus.AbstractEventPublisher.send(AbstractEventPublisher.java:51)
	at io.cucumber.core.eventbus.AbstractEventBus.send(AbstractEventBus.java:12)
	at io.cucumber.core.runtime.SynchronizedEventBus.send(SynchronizedEventBus.java:47)
	at io.cucumber.core.runtime.ThreadLocalRunnerSupplier$LocalEventBus.send(ThreadLocalRunnerSupplier.java:66)
	at io.cucumber.core.runner.TestStep.emitTestStepFinished(TestStep.java:124)
	at io.cucumber.core.runner.TestStep.run(TestStep.java:74)
	at io.cucumber.core.runner.PickleStepTestStep.run(PickleStepTestStep.java:51)
	at io.cucumber.core.runner.TestCase.run(TestCase.java:104)
	at io.cucumber.core.runner.Runner.runPickle(Runner.java:73)
	at io.cucumber.testng.TestNGCucumberRunner.lambda$runScenario$0(TestNGCucumberRunner.java:117)
	at io.cucumber.core.runtime.CucumberExecutionContext.runTestCase(CucumberExecutionContext.java:117)
	at io.cucumber.testng.TestNGCucumberRunner.runScenario(TestNGCucumberRunner.java:114)
	at io.cucumber.testng.AbstractTestNGCucumberTests.runScenario(AbstractTestNGCucumberTests.java:31)
	at java.base/java.util.ArrayList.forEach(ArrayList.java:1541)
	at java.base/java.util.concurrent.FutureTask.run(FutureTask.java:264)
	at java.base/java.util.concurrent.ThreadPoolExecutor.runWorker(ThreadPoolExecutor.java:1128)
	at java.base/java.util.concurrent.ThreadPoolExecutor$Worker.run(ThreadPoolExecutor.java:628)
	at java.base/java.lang.Thread.run(Thread.java:834)
... Removed 17 stack frames
</div> <!-- stack-trace -->
                  <em>
(Runs Cucumber Scenarios)                  </em>
                </div> <!-- method-content -->
              </div> <!-- method -->
              <div class="method">
                <div class="method-content">
                  <a name="runScenario(&quot;Verifying the CREATE USER API postUser_BodyApplicationJsonValueProperties_Are_Null&quot;, &quot;Optional[Veri...)">
                  </a> <!-- runScenario("Verifying the CREATE USER API postUser_BodyApplicationJsonValueProperties_Are_Null", "Optional[Veri...) -->
                  <span class="method-name">runScenario</span>
                  <span class="parameters">("Verifying the CREATE USER API postUser_BodyApplicationJsonValueProperties_Are_Null", "Optional[Verify The CREATE , UPDATE, GET, DELETE APIs of User Service]")</span>
                  <div class="stack-trace">java.lang.AssertionError: Expected status code is not match with actual status code expected [400] but found [200]
	at com.cloudmore.listener.DryRunPlugin.stepFinished(DryRunPlugin.java:120)
	at io.cucumber.core.eventbus.AbstractEventPublisher.send(AbstractEventPublisher.java:51)
	at io.cucumber.core.eventbus.AbstractEventBus.send(AbstractEventBus.java:12)
	at io.cucumber.core.runtime.SynchronizedEventBus.send(SynchronizedEventBus.java:47)
	at io.cucumber.core.runtime.ThreadLocalRunnerSupplier$LocalEventBus.send(ThreadLocalRunnerSupplier.java:66)
	at io.cucumber.core.runner.TestStep.emitTestStepFinished(TestStep.java:124)
	at io.cucumber.core.runner.TestStep.run(TestStep.java:74)
	at io.cucumber.core.runner.PickleStepTestStep.run(PickleStepTestStep.java:51)
	at io.cucumber.core.runner.TestCase.run(TestCase.java:104)
	at io.cucumber.core.runner.Runner.runPickle(Runner.java:73)
	at io.cucumber.testng.TestNGCucumberRunner.lambda$runScenario$0(TestNGCucumberRunner.java:117)
	at io.cucumber.core.runtime.CucumberExecutionContext.runTestCase(CucumberExecutionContext.java:117)
	at io.cucumber.testng.TestNGCucumberRunner.runScenario(TestNGCucumberRunner.java:114)
	at io.cucumber.testng.AbstractTestNGCucumberTests.runScenario(AbstractTestNGCucumberTests.java:31)
	at java.base/java.util.ArrayList.forEach(ArrayList.java:1541)
	at java.base/java.util.concurrent.FutureTask.run(FutureTask.java:264)
	at java.base/java.util.concurrent.ThreadPoolExecutor.runWorker(ThreadPoolExecutor.java:1128)
	at java.base/java.util.concurrent.ThreadPoolExecutor$Worker.run(ThreadPoolExecutor.java:628)
	at java.base/java.lang.Thread.run(Thread.java:834)
... Removed 18 stack frames
</div> <!-- stack-trace -->
                  <em>
(Runs Cucumber Scenarios)                  </em>
                </div> <!-- method-content -->
              </div> <!-- method -->
              <div class="method">
                <div class="method-content">
                  <a name="runScenario(&quot;Verifying the GET USER API getUser_valid_usernameDefined_Is_Yes&quot;, &quot;Optional[Verify The CREATE , UPD...)">
                  </a> <!-- runScenario("Verifying the GET USER API getUser_valid_usernameDefined_Is_Yes", "Optional[Verify The CREATE , UPD...) -->
                  <span class="method-name">runScenario</span>
                  <span class="parameters">("Verifying the GET USER API getUser_valid_usernameDefined_Is_Yes", "Optional[Verify The CREATE , UPDATE, GET, DELETE APIs of User Service]")</span>
                  <div class="stack-trace">java.lang.AssertionError: Expected Response is not match with actual Response body expected [{
  &quot;id&quot;: 122,
  &quot;username&quot;: &quot;AkilaTEST&quot;,
  &quot;firstName&quot;: &quot;Dhanushaka&quot;,
  &quot;lastName&quot;: &quot;Samaranayake&quot;,
  &quot;email&quot;: &quot;akila@email.com&quot;,
  &quot;password&quot;: &quot;testPassword&quot;,
  &quot;phone&quot;: &quot;+94717147499&quot;,
  &quot;userStatus&quot;: 1
}] but found [{
    &quot;id&quot;: 122,
    &quot;username&quot;: &quot;AkilaTEST&quot;,
    &quot;firstName&quot;: &quot;Dhanushaka&quot;,
    &quot;lastName&quot;: &quot;Samaranayake&quot;,
    &quot;email&quot;: &quot;akila@email.com&quot;,
    &quot;password&quot;: &quot;testPassword&quot;,
    &quot;phone&quot;: &quot;+94717147499&quot;,
    &quot;userStatus&quot;: 1
}]
	at com.cloudmore.listener.DryRunPlugin.stepFinished(DryRunPlugin.java:120)
	at io.cucumber.core.eventbus.AbstractEventPublisher.send(AbstractEventPublisher.java:51)
	at io.cucumber.core.eventbus.AbstractEventBus.send(AbstractEventBus.java:12)
	at io.cucumber.core.runtime.SynchronizedEventBus.send(SynchronizedEventBus.java:47)
	at io.cucumber.core.runtime.ThreadLocalRunnerSupplier$LocalEventBus.send(ThreadLocalRunnerSupplier.java:66)
	at io.cucumber.core.runner.TestStep.emitTestStepFinished(TestStep.java:124)
	at io.cucumber.core.runner.TestStep.run(TestStep.java:74)
	at io.cucumber.core.runner.PickleStepTestStep.run(PickleStepTestStep.java:51)
	at io.cucumber.core.runner.TestCase.run(TestCase.java:104)
	at io.cucumber.core.runner.Runner.runPickle(Runner.java:73)
	at io.cucumber.testng.TestNGCucumberRunner.lambda$runScenario$0(TestNGCucumberRunner.java:117)
	at io.cucumber.core.runtime.CucumberExecutionContext.runTestCase(CucumberExecutionContext.java:117)
	at io.cucumber.testng.TestNGCucumberRunner.runScenario(TestNGCucumberRunner.java:114)
	at io.cucumber.testng.AbstractTestNGCucumberTests.runScenario(AbstractTestNGCucumberTests.java:31)
	at java.base/java.util.ArrayList.forEach(ArrayList.java:1541)
	at java.base/java.util.concurrent.FutureTask.run(FutureTask.java:264)
	at java.base/java.util.concurrent.ThreadPoolExecutor.runWorker(ThreadPoolExecutor.java:1128)
	at java.base/java.util.concurrent.ThreadPoolExecutor$Worker.run(ThreadPoolExecutor.java:628)
	at java.base/java.lang.Thread.run(Thread.java:834)
... Removed 18 stack frames
</div> <!-- stack-trace -->
                  <em>
(Runs Cucumber Scenarios)                  </em>
                </div> <!-- method-content -->
              </div> <!-- method -->
              <div class="method">
                <div class="method-content">
                  <a name="runScenario(&quot;Verifying the DELETE USER API deleteUser_valid_userNameDefined_isYes&quot;, &quot;Optional[Verify The CREATE ...)">
                  </a> <!-- runScenario("Verifying the DELETE USER API deleteUser_valid_userNameDefined_isYes", "Optional[Verify The CREATE ...) -->
                  <span class="method-name">runScenario</span>
                  <span class="parameters">("Verifying the DELETE USER API deleteUser_valid_userNameDefined_isYes", "Optional[Verify The CREATE , UPDATE, GET, DELETE APIs of User Service]")</span>
                  <div class="stack-trace">java.lang.AssertionError: Expected Response is not match with actual Response body expected [{
    &quot;code&quot;: 200,
    &quot;type&quot;: &quot;unknown&quot;,
    &quot;message&quot;: &quot;AkilaTest&quot;
}] but found [{
    &quot;code&quot;: 200,
    &quot;type&quot;: &quot;unknown&quot;,
    &quot;message&quot;: &quot;AkilaTEST&quot;
}]
	at com.cloudmore.listener.DryRunPlugin.stepFinished(DryRunPlugin.java:120)
	at io.cucumber.core.eventbus.AbstractEventPublisher.send(AbstractEventPublisher.java:51)
	at io.cucumber.core.eventbus.AbstractEventBus.send(AbstractEventBus.java:12)
	at io.cucumber.core.runtime.SynchronizedEventBus.send(SynchronizedEventBus.java:47)
	at io.cucumber.core.runtime.ThreadLocalRunnerSupplier$LocalEventBus.send(ThreadLocalRunnerSupplier.java:66)
	at io.cucumber.core.runner.TestStep.emitTestStepFinished(TestStep.java:124)
	at io.cucumber.core.runner.TestStep.run(TestStep.java:74)
	at io.cucumber.core.runner.PickleStepTestStep.run(PickleStepTestStep.java:51)
	at io.cucumber.core.runner.TestCase.run(TestCase.java:104)
	at io.cucumber.core.runner.Runner.runPickle(Runner.java:73)
	at io.cucumber.testng.TestNGCucumberRunner.lambda$runScenario$0(TestNGCucumberRunner.java:117)
	at io.cucumber.core.runtime.CucumberExecutionContext.runTestCase(CucumberExecutionContext.java:117)
	at io.cucumber.testng.TestNGCucumberRunner.runScenario(TestNGCucumberRunner.java:114)
	at io.cucumber.testng.AbstractTestNGCucumberTests.runScenario(AbstractTestNGCucumberTests.java:31)
	at java.base/java.util.ArrayList.forEach(ArrayList.java:1541)
	at java.base/java.util.concurrent.FutureTask.run(FutureTask.java:264)
	at java.base/java.util.concurrent.ThreadPoolExecutor.runWorker(ThreadPoolExecutor.java:1128)
	at java.base/java.util.concurrent.ThreadPoolExecutor$Worker.run(ThreadPoolExecutor.java:628)
	at java.base/java.lang.Thread.run(Thread.java:834)
... Removed 17 stack frames
</div> <!-- stack-trace -->
                  <em>
(Runs Cucumber Scenarios)                  </em>
                </div> <!-- method-content -->
              </div> <!-- method -->
              <div class="method">
                <div class="method-content">
                  <a name="runScenario(&quot;Verifying the UPDATE USER API putUser_username_with_special_Characters_validBodyDefined_Is_Yes&quot;, &quot;O...)">
                  </a> <!-- runScenario("Verifying the UPDATE USER API putUser_username_with_special_Characters_validBodyDefined_Is_Yes", "O...) -->
                  <span class="method-name">runScenario</span>
                  <span class="parameters">("Verifying the UPDATE USER API putUser_username_with_special_Characters_validBodyDefined_Is_Yes", "Optional[Verify The CREATE , UPDATE, GET, DELETE APIs of User Service]")</span>
                  <div class="stack-trace">java.lang.AssertionError: Expected status code is not match with actual status code expected [404] but found [200]
	at com.cloudmore.listener.DryRunPlugin.stepFinished(DryRunPlugin.java:120)
	at io.cucumber.core.eventbus.AbstractEventPublisher.send(AbstractEventPublisher.java:51)
	at io.cucumber.core.eventbus.AbstractEventBus.send(AbstractEventBus.java:12)
	at io.cucumber.core.runtime.SynchronizedEventBus.send(SynchronizedEventBus.java:47)
	at io.cucumber.core.runtime.ThreadLocalRunnerSupplier$LocalEventBus.send(ThreadLocalRunnerSupplier.java:66)
	at io.cucumber.core.runner.TestStep.emitTestStepFinished(TestStep.java:124)
	at io.cucumber.core.runner.TestStep.run(TestStep.java:74)
	at io.cucumber.core.runner.PickleStepTestStep.run(PickleStepTestStep.java:51)
	at io.cucumber.core.runner.TestCase.run(TestCase.java:104)
	at io.cucumber.core.runner.Runner.runPickle(Runner.java:73)
	at io.cucumber.testng.TestNGCucumberRunner.lambda$runScenario$0(TestNGCucumberRunner.java:117)
	at io.cucumber.core.runtime.CucumberExecutionContext.runTestCase(CucumberExecutionContext.java:117)
	at io.cucumber.testng.TestNGCucumberRunner.runScenario(TestNGCucumberRunner.java:114)
	at io.cucumber.testng.AbstractTestNGCucumberTests.runScenario(AbstractTestNGCucumberTests.java:31)
	at java.base/java.util.ArrayList.forEach(ArrayList.java:1541)
	at java.base/java.util.concurrent.FutureTask.run(FutureTask.java:264)
	at java.base/java.util.concurrent.ThreadPoolExecutor.runWorker(ThreadPoolExecutor.java:1128)
	at java.base/java.util.concurrent.ThreadPoolExecutor$Worker.run(ThreadPoolExecutor.java:628)
	at java.base/java.lang.Thread.run(Thread.java:834)
... Removed 17 stack frames
</div> <!-- stack-trace -->
                  <em>
(Runs Cucumber Scenarios)                  </em>
                </div> <!-- method-content -->
              </div> <!-- method -->
              <div class="method">
                <div class="method-content">
                  <a name="runScenario(&quot;Verifying the UPDATE USER API putUser_valid_Username_BodyApplicationJsonType_Are_null&quot;, &quot;Optional[V...)">
                  </a> <!-- runScenario("Verifying the UPDATE USER API putUser_valid_Username_BodyApplicationJsonType_Are_null", "Optional[V...) -->
                  <span class="method-name">runScenario</span>
                  <span class="parameters">("Verifying the UPDATE USER API putUser_valid_Username_BodyApplicationJsonType_Are_null", "Optional[Verify The CREATE , UPDATE, GET, DELETE APIs of User Service]")</span>
                  <div class="stack-trace">java.lang.AssertionError: Expected status code is not match with actual status code expected [400] but found [200]
	at com.cloudmore.listener.DryRunPlugin.stepFinished(DryRunPlugin.java:120)
	at io.cucumber.core.eventbus.AbstractEventPublisher.send(AbstractEventPublisher.java:51)
	at io.cucumber.core.eventbus.AbstractEventBus.send(AbstractEventBus.java:12)
	at io.cucumber.core.runtime.SynchronizedEventBus.send(SynchronizedEventBus.java:47)
	at io.cucumber.core.runtime.ThreadLocalRunnerSupplier$LocalEventBus.send(ThreadLocalRunnerSupplier.java:66)
	at io.cucumber.core.runner.TestStep.emitTestStepFinished(TestStep.java:124)
	at io.cucumber.core.runner.TestStep.run(TestStep.java:74)
	at io.cucumber.core.runner.PickleStepTestStep.run(PickleStepTestStep.java:51)
	at io.cucumber.core.runner.TestCase.run(TestCase.java:104)
	at io.cucumber.core.runner.Runner.runPickle(Runner.java:73)
	at io.cucumber.testng.TestNGCucumberRunner.lambda$runScenario$0(TestNGCucumberRunner.java:117)
	at io.cucumber.core.runtime.CucumberExecutionContext.runTestCase(CucumberExecutionContext.java:117)
	at io.cucumber.testng.TestNGCucumberRunner.runScenario(TestNGCucumberRunner.java:114)
	at io.cucumber.testng.AbstractTestNGCucumberTests.runScenario(AbstractTestNGCucumberTests.java:31)
	at java.base/java.util.ArrayList.forEach(ArrayList.java:1541)
	at java.base/java.util.concurrent.FutureTask.run(FutureTask.java:264)
	at java.base/java.util.concurrent.ThreadPoolExecutor.runWorker(ThreadPoolExecutor.java:1128)
	at java.base/java.util.concurrent.ThreadPoolExecutor$Worker.run(ThreadPoolExecutor.java:628)
	at java.base/java.lang.Thread.run(Thread.java:834)
... Removed 17 stack frames
</div> <!-- stack-trace -->
                  <em>
(Runs Cucumber Scenarios)                  </em>
                </div> <!-- method-content -->
              </div> <!-- method -->
            </div> <!-- main-panel-content rounded-window-bottom -->
          </div> <!-- suite-TestSuite_Cloudmore_Automation_Assignment-class-skipped -->
          <div class="suite-TestSuite_Cloudmore_Automation_Assignment-class-passed">
            <div class="main-panel-header rounded-window-top">
              <img src="passed.png"/>
              <span class="class-name">com.cloudmore.runner.TestRunner</span>
            </div> <!-- main-panel-header rounded-window-top -->
            <div class="main-panel-content rounded-window-bottom">
              <div class="method">
                <div class="method-content">
                  <a name="runScenario(&quot;Verify company logo and menu items are displayed on Resources Page.&quot;, &quot;Optional[Company logo and me...)">
                  </a> <!-- runScenario("Verify company logo and menu items are displayed on Resources Page.", "Optional[Company logo and me...) -->
                  <span class="method-name">runScenario</span>
                  <span class="parameters">("Verify company logo and menu items are displayed on Resources Page.", "Optional[Company logo and menu items are displayed on next pages: Solutions, Integrations, Resources, Pricing, Company.]")</span>
                  <em>
(Runs Cucumber Scenarios)                  </em>
                </div> <!-- method-content -->
              </div> <!-- method -->
              <div class="method">
                <div class="method-content">
                  <a name="runScenario(&quot;Verify company logo and menu items are displayed on Pricing Page.&quot;, &quot;Optional[Company logo and menu...)">
                  </a> <!-- runScenario("Verify company logo and menu items are displayed on Pricing Page.", "Optional[Company logo and menu...) -->
                  <span class="method-name">runScenario</span>
                  <span class="parameters">("Verify company logo and menu items are displayed on Pricing Page.", "Optional[Company logo and menu items are displayed on next pages: Solutions, Integrations, Resources, Pricing, Company.]")</span>
                  <em>
(Runs Cucumber Scenarios)                  </em>
                </div> <!-- method-content -->
              </div> <!-- method -->
              <div class="method">
                <div class="method-content">
                  <a name="runScenario(&quot;Verify Search Results have more than 3 items in the list&quot;, &quot;Optional[Test Search Page page for mobi...)">
                  </a> <!-- runScenario("Verify Search Results have more than 3 items in the list", "Optional[Test Search Page page for mobi...) -->
                  <span class="method-name">runScenario</span>
                  <span class="parameters">("Verify Search Results have more than 3 items in the list", "Optional[Test Search Page page for mobile and desktop size screens with number of items in the list]")</span>
                  <em>
(Runs Cucumber Scenarios)                  </em>
                </div> <!-- method-content -->
              </div> <!-- method -->
              <div class="method">
                <div class="method-content">
                  <a name="runScenario(&quot;Verify company logo and menu items are displayed on Company Page.&quot;, &quot;Optional[Company logo and menu...)">
                  </a> <!-- runScenario("Verify company logo and menu items are displayed on Company Page.", "Optional[Company logo and menu...) -->
                  <span class="method-name">runScenario</span>
                  <span class="parameters">("Verify company logo and menu items are displayed on Company Page.", "Optional[Company logo and menu items are displayed on next pages: Solutions, Integrations, Resources, Pricing, Company.]")</span>
                  <em>
(Runs Cucumber Scenarios)                  </em>
                </div> <!-- method-content -->
              </div> <!-- method -->
              <div class="method">
                <div class="method-content">
                  <a name="runScenario(&quot;Verify Search Results have more than 3 items in the list&quot;, &quot;Optional[Test Search Page page for mobi...)">
                  </a> <!-- runScenario("Verify Search Results have more than 3 items in the list", "Optional[Test Search Page page for mobi...) -->
                  <span class="method-name">runScenario</span>
                  <span class="parameters">("Verify Search Results have more than 3 items in the list", "Optional[Test Search Page page for mobile and desktop size screens with number of items in the list]")</span>
                  <em>
(Runs Cucumber Scenarios)                  </em>
                </div> <!-- method-content -->
              </div> <!-- method -->
              <div class="method">
                <div class="method-content">
                  <a name="runScenario(&quot;Verify company logo and menu items are displayed on Home Page.&quot;, &quot;Optional[Company logo and menu it...)">
                  </a> <!-- runScenario("Verify company logo and menu items are displayed on Home Page.", "Optional[Company logo and menu it...) -->
                  <span class="method-name">runScenario</span>
                  <span class="parameters">("Verify company logo and menu items are displayed on Home Page.", "Optional[Company logo and menu items are displayed on next pages: Solutions, Integrations, Resources, Pricing, Company.]")</span>
                  <em>
(Runs Cucumber Scenarios)                  </em>
                </div> <!-- method-content -->
              </div> <!-- method -->
              <div class="method">
                <div class="method-content">
                  <a name="runScenario(&quot;Verifying the GET USER API getUser_invalid_usernameDefined_Is_Yes&quot;, &quot;Optional[Verify The CREATE , U...)">
                  </a> <!-- runScenario("Verifying the GET USER API getUser_invalid_usernameDefined_Is_Yes", "Optional[Verify The CREATE , U...) -->
                  <span class="method-name">runScenario</span>
                  <span class="parameters">("Verifying the GET USER API getUser_invalid_usernameDefined_Is_Yes", "Optional[Verify The CREATE , UPDATE, GET, DELETE APIs of User Service]")</span>
                  <em>
(Runs Cucumber Scenarios)                  </em>
                </div> <!-- method-content -->
              </div> <!-- method -->
              <div class="method">
                <div class="method-content">
                  <a name="runScenario(&quot;Verifying the GET USER API getUser_invalid_usernameDefined_Is_Yes_with_special_characters&quot;, &quot;Option...)">
                  </a> <!-- runScenario("Verifying the GET USER API getUser_invalid_usernameDefined_Is_Yes_with_special_characters", "Option...) -->
                  <span class="method-name">runScenario</span>
                  <span class="parameters">("Verifying the GET USER API getUser_invalid_usernameDefined_Is_Yes_with_special_characters", "Optional[Verify The CREATE , UPDATE, GET, DELETE APIs of User Service]")</span>
                  <em>
(Runs Cucumber Scenarios)                  </em>
                </div> <!-- method-content -->
              </div> <!-- method -->
              <div class="method">
                <div class="method-content">
                  <a name="runScenario(&quot;Verifying the UPDATE USER API putUser_valid_Username_BodyDefined_Is_No&quot;, &quot;Optional[Verify The CREAT...)">
                  </a> <!-- runScenario("Verifying the UPDATE USER API putUser_valid_Username_BodyDefined_Is_No", "Optional[Verify The CREAT...) -->
                  <span class="method-name">runScenario</span>
                  <span class="parameters">("Verifying the UPDATE USER API putUser_valid_Username_BodyDefined_Is_No", "Optional[Verify The CREATE , UPDATE, GET, DELETE APIs of User Service]")</span>
                  <em>
(Runs Cucumber Scenarios)                  </em>
                </div> <!-- method-content -->
              </div> <!-- method -->
              <div class="method">
                <div class="method-content">
                  <a name="runScenario(&quot;Verifying the UPDATE USER API putUser_valid_Username_validBodyDefined_Is_Yes&quot;, &quot;Optional[Verify The...)">
                  </a> <!-- runScenario("Verifying the UPDATE USER API putUser_valid_Username_validBodyDefined_Is_Yes", "Optional[Verify The...) -->
                  <span class="method-name">runScenario</span>
                  <span class="parameters">("Verifying the UPDATE USER API putUser_valid_Username_validBodyDefined_Is_Yes", "Optional[Verify The CREATE , UPDATE, GET, DELETE APIs of User Service]")</span>
                  <em>
(Runs Cucumber Scenarios)                  </em>
                </div> <!-- method-content -->
              </div> <!-- method -->
              <div class="method">
                <div class="method-content">
                  <a name="runScenario(&quot;Verifying the UPDATE USER API putUser_invalid_Username_BodyDefined_Is_No&quot;, &quot;Optional[Verify The CRE...)">
                  </a> <!-- runScenario("Verifying the UPDATE USER API putUser_invalid_Username_BodyDefined_Is_No", "Optional[Verify The CRE...) -->
                  <span class="method-name">runScenario</span>
                  <span class="parameters">("Verifying the UPDATE USER API putUser_invalid_Username_BodyDefined_Is_No", "Optional[Verify The CREATE , UPDATE, GET, DELETE APIs of User Service]")</span>
                  <em>
(Runs Cucumber Scenarios)                  </em>
                </div> <!-- method-content -->
              </div> <!-- method -->
              <div class="method">
                <div class="method-content">
                  <a name="runScenario(&quot;Verify company logo and menu items are displayed on Integrations Page.&quot;, &quot;Optional[Company logo and...)">
                  </a> <!-- runScenario("Verify company logo and menu items are displayed on Integrations Page.", "Optional[Company logo and...) -->
                  <span class="method-name">runScenario</span>
                  <span class="parameters">("Verify company logo and menu items are displayed on Integrations Page.", "Optional[Company logo and menu items are displayed on next pages: Solutions, Integrations, Resources, Pricing, Company.]")</span>
                  <em>
(Runs Cucumber Scenarios)                  </em>
                </div> <!-- method-content -->
              </div> <!-- method -->
              <div class="method">
                <div class="method-content">
                  <a name="runScenario(&quot;Verifying the CREATE USER API postUser_valid_BodyDefined_Is_Yes&quot;, &quot;Optional[Verify The CREATE , UPD...)">
                  </a> <!-- runScenario("Verifying the CREATE USER API postUser_valid_BodyDefined_Is_Yes", "Optional[Verify The CREATE , UPD...) -->
                  <span class="method-name">runScenario</span>
                  <span class="parameters">("Verifying the CREATE USER API postUser_valid_BodyDefined_Is_Yes", "Optional[Verify The CREATE , UPDATE, GET, DELETE APIs of User Service]")</span>
                  <em>
(Runs Cucumber Scenarios)                  </em>
                </div> <!-- method-content -->
              </div> <!-- method -->
              <div class="method">
                <div class="method-content">
                  <a name="runScenario(&quot;Verifying the CREATE USER API postUser_BodyApplicationJsonType_Is_NotObject&quot;, &quot;Optional[Verify The ...)">
                  </a> <!-- runScenario("Verifying the CREATE USER API postUser_BodyApplicationJsonType_Is_NotObject", "Optional[Verify The ...) -->
                  <span class="method-name">runScenario</span>
                  <span class="parameters">("Verifying the CREATE USER API postUser_BodyApplicationJsonType_Is_NotObject", "Optional[Verify The CREATE , UPDATE, GET, DELETE APIs of User Service]")</span>
                  <em>
(Runs Cucumber Scenarios)                  </em>
                </div> <!-- method-content -->
              </div> <!-- method -->
              <div class="method">
                <div class="method-content">
                  <a name="runScenario(&quot;Verify company logo and menu items are displayed on Solutions Page.&quot;, &quot;Optional[Company logo and me...)">
                  </a> <!-- runScenario("Verify company logo and menu items are displayed on Solutions Page.", "Optional[Company logo and me...) -->
                  <span class="method-name">runScenario</span>
                  <span class="parameters">("Verify company logo and menu items are displayed on Solutions Page.", "Optional[Company logo and menu items are displayed on next pages: Solutions, Integrations, Resources, Pricing, Company.]")</span>
                  <em>
(Runs Cucumber Scenarios)                  </em>
                </div> <!-- method-content -->
              </div> <!-- method -->
              <div class="method">
                <div class="method-content">
                  <a name="runScenario(&quot;Verifying the UPDATE USER API putUser_valid_Username_BodyApplicationJsonType_Is_NotObject&quot;, &quot;Option...)">
                  </a> <!-- runScenario("Verifying the UPDATE USER API putUser_valid_Username_BodyApplicationJsonType_Is_NotObject", "Option...) -->
                  <span class="method-name">runScenario</span>
                  <span class="parameters">("Verifying the UPDATE USER API putUser_valid_Username_BodyApplicationJsonType_Is_NotObject", "Optional[Verify The CREATE , UPDATE, GET, DELETE APIs of User Service]")</span>
                  <em>
(Runs Cucumber Scenarios)                  </em>
                </div> <!-- method-content -->
              </div> <!-- method -->
            </div> <!-- main-panel-content rounded-window-bottom -->
          </div> <!-- suite-TestSuite_Cloudmore_Automation_Assignment-class-passed -->
        </div> <!-- panel TestSuite_Cloudmore_Automation_Assignment -->
        <div panel-name="test-xml-TestSuite_Cloudmore_Automation_Assignment" class="panel">
          <div class="main-panel-header rounded-window-top">
            <span class="header-content">C:\Personal.work\my-repos\cloudmore\cloudmore-qa-automation\localTestng.xml</span>
          </div> <!-- main-panel-header rounded-window-top -->
          <div class="main-panel-content rounded-window-bottom">
            <pre>
&lt;?xml version=&quot;1.0&quot; encoding=&quot;UTF-8&quot;?&gt;
&lt;!DOCTYPE suite SYSTEM &quot;https://testng.org/testng-1.0.dtd&quot;&gt;
&lt;suite thread-count=&quot;1&quot; parallel=&quot;tests&quot; name=&quot;TestSuite-Cloudmore Automation Assignment&quot; guice-stage=&quot;DEVELOPMENT&quot; verbose=&quot;0&quot;&gt;
  &lt;listeners&gt;
    &lt;listener class-name=&quot;com.cloudmore.listener.TestRetryAnalyzerListener&quot;/&gt;
  &lt;/listeners&gt;
  &lt;test thread-count=&quot;1&quot; parallel=&quot;tests&quot; name=&quot;Cloudmore Test Automation Assignment 1&quot; verbose=&quot;0&quot;&gt;
    &lt;parameter name=&quot;browser&quot; value=&quot;chrome&quot;/&gt;
    &lt;classes&gt;
      &lt;class name=&quot;com.cloudmore.runner.TestRunner&quot;/&gt;
    &lt;/classes&gt;
  &lt;/test&gt; &lt;!-- Cloudmore Test Automation Assignment 1 --&gt;
&lt;/suite&gt; &lt;!-- TestSuite-Cloudmore Automation Assignment --&gt;
            </pre>
          </div> <!-- main-panel-content rounded-window-bottom -->
        </div> <!-- panel -->
        <div panel-name="testlist-TestSuite_Cloudmore_Automation_Assignment" class="panel">
          <div class="main-panel-header rounded-window-top">
            <span class="header-content">Tests for TestSuite-Cloudmore Automation Assignment</span>
          </div> <!-- main-panel-header rounded-window-top -->
          <div class="main-panel-content rounded-window-bottom">
            <ul>
              <li>
                <span class="test-name">Cloudmore Test Automation Assignment 1 (1 class)</span>
              </li>
            </ul>
          </div> <!-- main-panel-content rounded-window-bottom -->
        </div> <!-- panel -->
        <div panel-name="group-TestSuite_Cloudmore_Automation_Assignment" class="panel">
          <div class="main-panel-header rounded-window-top">
            <span class="header-content">Groups for TestSuite-Cloudmore Automation Assignment</span>
          </div> <!-- main-panel-header rounded-window-top -->
          <div class="main-panel-content rounded-window-bottom">
            <div class="test-group">
              <span class="test-group-name">cucumber</span>
              <br/>
              <div class="method-in-group">
                <span class="method-in-group-name">runScenario</span>
                <br/>
              </div> <!-- method-in-group -->
            </div> <!-- test-group -->
          </div> <!-- main-panel-content rounded-window-bottom -->
        </div> <!-- panel -->
        <div panel-name="times-TestSuite_Cloudmore_Automation_Assignment" class="panel">
          <div class="main-panel-header rounded-window-top">
            <span class="header-content">Times for TestSuite-Cloudmore Automation Assignment</span>
          </div> <!-- main-panel-header rounded-window-top -->
          <div class="main-panel-content rounded-window-bottom">
            <div class="times-div">
              <script type="text/javascript">
suiteTableInitFunctions.push('tableData_TestSuite_Cloudmore_Automation_Assignment');
function tableData_TestSuite_Cloudmore_Automation_Assignment() {
var data = new google.visualization.DataTable();
data.addColumn('number', 'Number');
data.addColumn('string', 'Method');
data.addColumn('string', 'Class');
data.addColumn('number', 'Time (ms)');
data.addRows(40);
data.setCell(0, 0, 0)
data.setCell(0, 1, 'runScenario')
data.setCell(0, 2, 'com.cloudmore.runner.TestRunner')
data.setCell(0, 3, 11874);
data.setCell(1, 0, 1)
data.setCell(1, 1, 'runScenario')
data.setCell(1, 2, 'com.cloudmore.runner.TestRunner')
data.setCell(1, 3, 7341);
data.setCell(2, 0, 2)
data.setCell(2, 1, 'runScenario')
data.setCell(2, 2, 'com.cloudmore.runner.TestRunner')
data.setCell(2, 3, 7248);
data.setCell(3, 0, 3)
data.setCell(3, 1, 'runScenario')
data.setCell(3, 2, 'com.cloudmore.runner.TestRunner')
data.setCell(3, 3, 6496);
data.setCell(4, 0, 4)
data.setCell(4, 1, 'runScenario')
data.setCell(4, 2, 'com.cloudmore.runner.TestRunner')
data.setCell(4, 3, 6138);
data.setCell(5, 0, 5)
data.setCell(5, 1, 'runScenario')
data.setCell(5, 2, 'com.cloudmore.runner.TestRunner')
data.setCell(5, 3, 5672);
data.setCell(6, 0, 6)
data.setCell(6, 1, 'runScenario')
data.setCell(6, 2, 'com.cloudmore.runner.TestRunner')
data.setCell(6, 3, 4791);
data.setCell(7, 0, 7)
data.setCell(7, 1, 'runScenario')
data.setCell(7, 2, 'com.cloudmore.runner.TestRunner')
data.setCell(7, 3, 4083);
data.setCell(8, 0, 8)
data.setCell(8, 1, 'runScenario')
data.setCell(8, 2, 'com.cloudmore.runner.TestRunner')
data.setCell(8, 3, 4020);
data.setCell(9, 0, 9)
data.setCell(9, 1, 'runScenario')
data.setCell(9, 2, 'com.cloudmore.runner.TestRunner')
data.setCell(9, 3, 1842);
data.setCell(10, 0, 10)
data.setCell(10, 1, 'runScenario')
data.setCell(10, 2, 'com.cloudmore.runner.TestRunner')
data.setCell(10, 3, 1749);
data.setCell(11, 0, 11)
data.setCell(11, 1, 'runScenario')
data.setCell(11, 2, 'com.cloudmore.runner.TestRunner')
data.setCell(11, 3, 1744);
data.setCell(12, 0, 12)
data.setCell(12, 1, 'runScenario')
data.setCell(12, 2, 'com.cloudmore.runner.TestRunner')
data.setCell(12, 3, 1734);
data.setCell(13, 0, 13)
data.setCell(13, 1, 'runScenario')
data.setCell(13, 2, 'com.cloudmore.runner.TestRunner')
data.setCell(13, 3, 1734);
data.setCell(14, 0, 14)
data.setCell(14, 1, 'runScenario')
data.setCell(14, 2, 'com.cloudmore.runner.TestRunner')
data.setCell(14, 3, 1726);
data.setCell(15, 0, 15)
data.setCell(15, 1, 'runScenario')
data.setCell(15, 2, 'com.cloudmore.runner.TestRunner')
data.setCell(15, 3, 1701);
data.setCell(16, 0, 16)
data.setCell(16, 1, 'runScenario')
data.setCell(16, 2, 'com.cloudmore.runner.TestRunner')
data.setCell(16, 3, 1685);
data.setCell(17, 0, 17)
data.setCell(17, 1, 'runScenario')
data.setCell(17, 2, 'com.cloudmore.runner.TestRunner')
data.setCell(17, 3, 1670);
data.setCell(18, 0, 18)
data.setCell(18, 1, 'runScenario')
data.setCell(18, 2, 'com.cloudmore.runner.TestRunner')
data.setCell(18, 3, 1659);
data.setCell(19, 0, 19)
data.setCell(19, 1, 'runScenario')
data.setCell(19, 2, 'com.cloudmore.runner.TestRunner')
data.setCell(19, 3, 1656);
data.setCell(20, 0, 20)
data.setCell(20, 1, 'runScenario')
data.setCell(20, 2, 'com.cloudmore.runner.TestRunner')
data.setCell(20, 3, 1648);
data.setCell(21, 0, 21)
data.setCell(21, 1, 'runScenario')
data.setCell(21, 2, 'com.cloudmore.runner.TestRunner')
data.setCell(21, 3, 1645);
data.setCell(22, 0, 22)
data.setCell(22, 1, 'runScenario')
data.setCell(22, 2, 'com.cloudmore.runner.TestRunner')
data.setCell(22, 3, 1634);
data.setCell(23, 0, 23)
data.setCell(23, 1, 'runScenario')
data.setCell(23, 2, 'com.cloudmore.runner.TestRunner')
data.setCell(23, 3, 1631);
data.setCell(24, 0, 24)
data.setCell(24, 1, 'runScenario')
data.setCell(24, 2, 'com.cloudmore.runner.TestRunner')
data.setCell(24, 3, 1629);
data.setCell(25, 0, 25)
data.setCell(25, 1, 'runScenario')
data.setCell(25, 2, 'com.cloudmore.runner.TestRunner')
data.setCell(25, 3, 1629);
data.setCell(26, 0, 26)
data.setCell(26, 1, 'runScenario')
data.setCell(26, 2, 'com.cloudmore.runner.TestRunner')
data.setCell(26, 3, 1625);
data.setCell(27, 0, 27)
data.setCell(27, 1, 'runScenario')
data.setCell(27, 2, 'com.cloudmore.runner.TestRunner')
data.setCell(27, 3, 1612);
data.setCell(28, 0, 28)
data.setCell(28, 1, 'runScenario')
data.setCell(28, 2, 'com.cloudmore.runner.TestRunner')
data.setCell(28, 3, 1600);
data.setCell(29, 0, 29)
data.setCell(29, 1, 'runScenario')
data.setCell(29, 2, 'com.cloudmore.runner.TestRunner')
data.setCell(29, 3, 1573);
data.setCell(30, 0, 30)
data.setCell(30, 1, 'runScenario')
data.setCell(30, 2, 'com.cloudmore.runner.TestRunner')
data.setCell(30, 3, 1567);
data.setCell(31, 0, 31)
data.setCell(31, 1, 'runScenario')
data.setCell(31, 2, 'com.cloudmore.runner.TestRunner')
data.setCell(31, 3, 1559);
data.setCell(32, 0, 32)
data.setCell(32, 1, 'runScenario')
data.setCell(32, 2, 'com.cloudmore.runner.TestRunner')
data.setCell(32, 3, 1557);
data.setCell(33, 0, 33)
data.setCell(33, 1, 'runScenario')
data.setCell(33, 2, 'com.cloudmore.runner.TestRunner')
data.setCell(33, 3, 1550);
data.setCell(34, 0, 34)
data.setCell(34, 1, 'runScenario')
data.setCell(34, 2, 'com.cloudmore.runner.TestRunner')
data.setCell(34, 3, 1536);
data.setCell(35, 0, 35)
data.setCell(35, 1, 'runScenario')
data.setCell(35, 2, 'com.cloudmore.runner.TestRunner')
data.setCell(35, 3, 1525);
data.setCell(36, 0, 36)
data.setCell(36, 1, 'runScenario')
data.setCell(36, 2, 'com.cloudmore.runner.TestRunner')
data.setCell(36, 3, 1502);
data.setCell(37, 0, 37)
data.setCell(37, 1, 'runScenario')
data.setCell(37, 2, 'com.cloudmore.runner.TestRunner')
data.setCell(37, 3, 1444);
data.setCell(38, 0, 38)
data.setCell(38, 1, 'runScenario')
data.setCell(38, 2, 'com.cloudmore.runner.TestRunner')
data.setCell(38, 3, 1434);
data.setCell(39, 0, 39)
data.setCell(39, 1, 'runScenario')
data.setCell(39, 2, 'com.cloudmore.runner.TestRunner')
data.setCell(39, 3, 1403);
window.suiteTableData['TestSuite_Cloudmore_Automation_Assignment']= { tableData: data, tableDiv: 'times-div-TestSuite_Cloudmore_Automation_Assignment'}
return data;
}
              </script>
              <span class="suite-total-time">Total running time: 1 minutes</span>
              <div id="times-div-TestSuite_Cloudmore_Automation_Assignment">
              </div> <!-- times-div-TestSuite_Cloudmore_Automation_Assignment -->
            </div> <!-- times-div -->
          </div> <!-- main-panel-content rounded-window-bottom -->
        </div> <!-- panel -->
        <div panel-name="reporter-TestSuite_Cloudmore_Automation_Assignment" class="panel">
          <div class="main-panel-header rounded-window-top">
            <span class="header-content">Reporter output for TestSuite-Cloudmore Automation Assignment</span>
          </div> <!-- main-panel-header rounded-window-top -->
          <div class="main-panel-content rounded-window-bottom">
          </div> <!-- main-panel-content rounded-window-bottom -->
        </div> <!-- panel -->
        <div panel-name="ignored-methods-TestSuite_Cloudmore_Automation_Assignment" class="panel">
          <div class="main-panel-header rounded-window-top">
            <span class="header-content">0 ignored methods</span>
          </div> <!-- main-panel-header rounded-window-top -->
          <div class="main-panel-content rounded-window-bottom">
          </div> <!-- main-panel-content rounded-window-bottom -->
        </div> <!-- panel -->
        <div panel-name="chronological-TestSuite_Cloudmore_Automation_Assignment" class="panel">
          <div class="main-panel-header rounded-window-top">
            <span class="header-content">Methods in chronological order</span>
          </div> <!-- main-panel-header rounded-window-top -->
          <div class="main-panel-content rounded-window-bottom">
            <div class="chronological-class">
              <div class="chronological-class-name">com.cloudmore.runner.TestRunner</div> <!-- chronological-class-name -->
              <div class="configuration-test before">
                <span class="method-name">tearUp(org.testng.TestRunner@37fb0bed)</span>
                <span class="method-start">0 ms</span>
              </div> <!-- configuration-test before -->
              <div class="configuration-class before">
                <span class="method-name">setUpClass</span>
                <span class="method-start">31 ms</span>
              </div> <!-- configuration-class before -->
              <div class="configuration-class before">
                <span class="method-name">beforeClassMethods(chrome)</span>
                <span class="method-start">1215 ms</span>
              </div> <!-- configuration-class before -->
              <div class="test-method">
                <span class="method-name">runScenario("Verify company logo and menu items are displayed on Home Page.", "Optional[Company logo and menu it...)</span>
                <span class="method-start">9827 ms</span>
              </div> <!-- test-method -->
              <div class="test-method">
                <span class="method-name">runScenario("Verify company logo and menu items are displayed on Solutions Page.", "Optional[Company logo and me...)</span>
                <span class="method-start">21706 ms</span>
              </div> <!-- test-method -->
              <div class="test-method">
                <span class="method-name">runScenario("Verify company logo and menu items are displayed on Company Page.", "Optional[Company logo and menu...)</span>
                <span class="method-start">27379 ms</span>
              </div> <!-- test-method -->
              <div class="test-method">
                <span class="method-name">runScenario("Verify company logo and menu items are displayed on Integrations Page.", "Optional[Company logo and...)</span>
                <span class="method-start">31463 ms</span>
              </div> <!-- test-method -->
              <div class="test-method">
                <span class="method-name">runScenario("Verify company logo and menu items are displayed on Resources Page.", "Optional[Company logo and me...)</span>
                <span class="method-start">36255 ms</span>
              </div> <!-- test-method -->
              <div class="test-method">
                <span class="method-name">runScenario("Verify company logo and menu items are displayed on Pricing Page.", "Optional[Company logo and menu...)</span>
                <span class="method-start">40276 ms</span>
              </div> <!-- test-method -->
              <div class="test-method">
                <span class="method-name">runScenario("Verify Search Results have more than 3 items in the list", "Optional[Test Search Page page for mobi...)</span>
                <span class="method-start">46773 ms</span>
              </div> <!-- test-method -->
              <div class="test-method">
                <span class="method-name">runScenario("Verify Search Results have more than 3 items in the list", "Optional[Test Search Page page for mobi...)</span>
                <span class="method-start">54115 ms</span>
              </div> <!-- test-method -->
              <div class="test-method">
                <span class="method-name">runScenario("Verifying the CREATE USER API postUser_valid_BodyDefined_Is_Yes", "Optional[Verify The CREATE , UPD...)</span>
                <span class="method-start">60253 ms</span>
              </div> <!-- test-method -->
              <div class="test-method">
                <span class="method-name">runScenario("Verifying the CREATE USER API postUser_BodyDefined_Is_No", "Optional[Verify The CREATE , UPDATE, GE...)</span>
                <span class="method-start">67501 ms</span>
              </div> <!-- test-method -->
              <div class="test-method">
                <img src="failed.png">
                </img>
                <span class="method-name">runScenario("Verifying the CREATE USER API postUser_BodyDefined_Is_No", "Optional[Verify The CREATE , UPDATE, GE...)</span>
                <span class="method-start">69075 ms</span>
              </div> <!-- test-method -->
              <div class="test-method">
                <span class="method-name">runScenario("Verifying the CREATE USER API postUser_BodyApplicationJsonType_Is_NotObject", "Optional[Verify The ...)</span>
                <span class="method-start">70726 ms</span>
              </div> <!-- test-method -->
              <div class="test-method">
                <span class="method-name">runScenario("Verifying the CREATE USER API postUser_BodyApplicationJsonValueProperties_Are_Null", "Optional[Veri...)</span>
                <span class="method-start">72326 ms</span>
              </div> <!-- test-method -->
              <div class="test-method">
                <img src="failed.png">
                </img>
                <span class="method-name">runScenario("Verifying the CREATE USER API postUser_BodyApplicationJsonValueProperties_Are_Null", "Optional[Veri...)</span>
                <span class="method-start">73986 ms</span>
              </div> <!-- test-method -->
              <div class="test-method">
                <span class="method-name">runScenario("Verifying the GET USER API getUser_valid_usernameDefined_Is_Yes", "Optional[Verify The CREATE , UPD...)</span>
                <span class="method-start">75658 ms</span>
              </div> <!-- test-method -->
              <div class="test-method">
                <img src="failed.png">
                </img>
                <span class="method-name">runScenario("Verifying the GET USER API getUser_valid_usernameDefined_Is_Yes", "Optional[Verify The CREATE , UPD...)</span>
                <span class="method-start">77393 ms</span>
              </div> <!-- test-method -->
              <div class="test-method">
                <span class="method-name">runScenario("Verifying the GET USER API getUser_invalid_usernameDefined_Is_Yes", "Optional[Verify The CREATE , U...)</span>
                <span class="method-start">79138 ms</span>
              </div> <!-- test-method -->
              <div class="test-method">
                <span class="method-name">runScenario("Verifying the GET USER API getUser_username_Is_Null", "Optional[Verify The CREATE , UPDATE, GET, DE...)</span>
                <span class="method-start">80751 ms</span>
              </div> <!-- test-method -->
              <div class="test-method">
                <img src="failed.png">
                </img>
                <span class="method-name">runScenario("Verifying the GET USER API getUser_username_Is_Null", "Optional[Verify The CREATE , UPDATE, GET, DE...)</span>
                <span class="method-start">82310 ms</span>
              </div> <!-- test-method -->
              <div class="test-method">
                <span class="method-name">runScenario("Verifying the GET USER API getUser_invalid_usernameDefined_Is_Yes_with_special_characters", "Option...)</span>
                <span class="method-start">83940 ms</span>
              </div> <!-- test-method -->
              <div class="test-method">
                <span class="method-name">runScenario("Verifying the UPDATE USER API putUser_valid_Username_validBodyDefined_Is_Yes", "Optional[Verify The...)</span>
                <span class="method-start">85597 ms</span>
              </div> <!-- test-method -->
              <div class="test-method">
                <span class="method-name">runScenario("Verifying the UPDATE USER API putUser_invalid_Username_validBodyDefined_Is_Yes", "Optional[Verify T...)</span>
                <span class="method-start">87246 ms</span>
              </div> <!-- test-method -->
              <div class="test-method">
                <img src="failed.png">
                </img>
                <span class="method-name">runScenario("Verifying the UPDATE USER API putUser_invalid_Username_validBodyDefined_Is_Yes", "Optional[Verify T...)</span>
                <span class="method-start">88949 ms</span>
              </div> <!-- test-method -->
              <div class="test-method">
                <span class="method-name">runScenario("Verifying the UPDATE USER API putUser_username_Is_Null_validBodyDefined_Is_Yes", "Optional[Verify T...)</span>
                <span class="method-start">90581 ms</span>
              </div> <!-- test-method -->
              <div class="test-method">
                <img src="failed.png">
                </img>
                <span class="method-name">runScenario("Verifying the UPDATE USER API putUser_username_Is_Null_validBodyDefined_Is_Yes", "Optional[Verify T...)</span>
                <span class="method-start">92316 ms</span>
              </div> <!-- test-method -->
              <div class="test-method">
                <span class="method-name">runScenario("Verifying the UPDATE USER API putUser_username_with_special_Characters_validBodyDefined_Is_Yes", "O...)</span>
                <span class="method-start">93867 ms</span>
              </div> <!-- test-method -->
              <div class="test-method">
                <img src="failed.png">
                </img>
                <span class="method-name">runScenario("Verifying the UPDATE USER API putUser_username_with_special_Characters_validBodyDefined_Is_Yes", "O...)</span>
                <span class="method-start">95593 ms</span>
              </div> <!-- test-method -->
              <div class="test-method">
                <span class="method-name">runScenario("Verifying the UPDATE USER API putUser_valid_Username_BodyDefined_Is_No", "Optional[Verify The CREAT...)</span>
                <span class="method-start">97130 ms</span>
              </div> <!-- test-method -->
              <div class="test-method">
                <span class="method-name">runScenario("Verifying the UPDATE USER API putUser_invalid_Username_BodyDefined_Is_No", "Optional[Verify The CRE...)</span>
                <span class="method-start">98690 ms</span>
              </div> <!-- test-method -->
              <div class="test-method">
                <span class="method-name">runScenario("Verifying the UPDATE USER API putUser_valid_Username_BodyApplicationJsonType_Is_NotObject", "Option...)</span>
                <span class="method-start">100216 ms</span>
              </div> <!-- test-method -->
              <div class="test-method">
                <span class="method-name">runScenario("Verifying the UPDATE USER API putUser_valid_Username_BodyApplicationJsonType_Are_null", "Optional[V...)</span>
                <span class="method-start">101650 ms</span>
              </div> <!-- test-method -->
              <div class="test-method">
                <img src="failed.png">
                </img>
                <span class="method-name">runScenario("Verifying the UPDATE USER API putUser_valid_Username_BodyApplicationJsonType_Are_null", "Optional[V...)</span>
                <span class="method-start">103281 ms</span>
              </div> <!-- test-method -->
              <div class="test-method">
                <span class="method-name">runScenario("Verifying the DELETE USER API deleteUser_valid_userNameDefined_isYes", "Optional[Verify The CREATE ...)</span>
                <span class="method-start">104916 ms</span>
              </div> <!-- test-method -->
              <div class="test-method">
                <img src="failed.png">
                </img>
                <span class="method-name">runScenario("Verifying the DELETE USER API deleteUser_valid_userNameDefined_isYes", "Optional[Verify The CREATE ...)</span>
                <span class="method-start">106603 ms</span>
              </div> <!-- test-method -->
              <div class="test-method">
                <span class="method-name">runScenario("Verifying the DELETE USER API deleteUser_invalid_UsernameDefined_Is_Yes", "Optional[Verify The CREA...)</span>
                <span class="method-start">108106 ms</span>
              </div> <!-- test-method -->
              <div class="test-method">
                <img src="failed.png">
                </img>
                <span class="method-name">runScenario("Verifying the DELETE USER API deleteUser_invalid_UsernameDefined_Is_Yes", "Optional[Verify The CREA...)</span>
                <span class="method-start">109949 ms</span>
              </div> <!-- test-method -->
              <div class="test-method">
                <span class="method-name">runScenario("Verifying the DELETE USER API deleteUser_invalid_usernameDefined_Is_Yes_with_special_characters", "...)</span>
                <span class="method-start">111574 ms</span>
              </div> <!-- test-method -->
              <div class="test-method">
                <img src="failed.png">
                </img>
                <span class="method-name">runScenario("Verifying the DELETE USER API deleteUser_invalid_usernameDefined_Is_Yes_with_special_characters", "...)</span>
                <span class="method-start">113325 ms</span>
              </div> <!-- test-method -->
              <div class="test-method">
                <span class="method-name">runScenario("Verifying the DELETE USER API deleteUser_username_Is_Null", "Optional[Verify The CREATE , UPDATE, G...)</span>
                <span class="method-start">114728 ms</span>
              </div> <!-- test-method -->
              <div class="test-method">
                <img src="failed.png">
                </img>
                <span class="method-name">runScenario("Verifying the DELETE USER API deleteUser_username_Is_Null", "Optional[Verify The CREATE , UPDATE, G...)</span>
                <span class="method-start">116296 ms</span>
              </div> <!-- test-method -->
              <div class="configuration-class after">
                <span class="method-name">tearDownClass</span>
                <span class="method-start">117742 ms</span>
              </div> <!-- configuration-class after -->
              <div class="configuration-test after">
                <span class="method-name">tearDown</span>
                <span class="method-start">118495 ms</span>
              </div> <!-- configuration-test after -->
          </div> <!-- main-panel-content rounded-window-bottom -->
        </div> <!-- panel -->
      </div> <!-- main-panel-root -->
    </div> <!-- wrapper -->
  </body>
<script type="text/javascript" src="testng-reports2.js"></script>
</html>
